2024-10-18 08:18:46.636 [info] Extension host with pid 233014 started
2024-10-18 08:18:46.733 [info] ExtensionService#_doActivateExtension vscode.git-base, startup: true, activationEvent: '*', root cause: vscode.git
2024-10-18 08:18:46.769 [info] ExtensionService#_doActivateExtension WakaTime.vscode-wakatime, startup: true, activationEvent: '*'
2024-10-18 08:18:47.098 [info] ExtensionService#_doActivateExtension vscode.git, startup: true, activationEvent: '*'
2024-10-18 08:18:47.294 [info] ExtensionService#_doActivateExtension vscode.github, startup: true, activationEvent: '*'
2024-10-18 08:18:47.537 [info] Eager extensions activated
2024-10-18 08:18:47.587 [info] ExtensionService#_doActivateExtension vscode.debug-auto-launch, startup: false, activationEvent: 'onStartupFinished'
2024-10-18 08:18:47.594 [info] ExtensionService#_doActivateExtension vscode.merge-conflict, startup: false, activationEvent: 'onStartupFinished'
2024-10-18 08:18:47.630 [info] ExtensionService#_doActivateExtension EditorConfig.EditorConfig, startup: false, activationEvent: 'onStartupFinished'
2024-10-18 08:18:47.769 [info] ExtensionService#_doActivateExtension yandeu.five-server, startup: false, activationEvent: 'onStartupFinished'
2024-10-18 08:58:59.283 [info] Extension host terminating: renderer closed the MessagePort
2024-10-18 08:58:59.298 [info] Extension host with pid 233014 exiting with code 0
2024-10-18 08:59:02.254 [info] Extension host with pid 246860 started
2024-10-18 08:59:02.254 [info] Skipping acquiring lock for /home/kasene/.config/Code - OSS/User/workspaceStorage/655d315e0c7142bfc7342c8d192bc036.
2024-10-18 08:59:02.518 [info] ExtensionService#_doActivateExtension vscode.git-base, startup: true, activationEvent: '*', root cause: vscode.git
2024-10-18 08:59:02.529 [info] ExtensionService#_doActivateExtension WakaTime.vscode-wakatime, startup: true, activationEvent: '*'
2024-10-18 08:59:02.790 [info] ExtensionService#_doActivateExtension vscode.git, startup: true, activationEvent: '*'
2024-10-18 08:59:02.852 [info] ExtensionService#_doActivateExtension vscode.github, startup: true, activationEvent: '*'
2024-10-18 08:59:02.996 [info] Eager extensions activated
2024-10-18 08:59:03.062 [info] ExtensionService#_doActivateExtension vscode.debug-auto-launch, startup: false, activationEvent: 'onStartupFinished'
2024-10-18 08:59:03.065 [info] ExtensionService#_doActivateExtension vscode.merge-conflict, startup: false, activationEvent: 'onStartupFinished'
2024-10-18 08:59:03.076 [info] ExtensionService#_doActivateExtension EditorConfig.EditorConfig, startup: false, activationEvent: 'onStartupFinished'
2024-10-18 08:59:03.098 [info] ExtensionService#_doActivateExtension yandeu.five-server, startup: false, activationEvent: 'onStartupFinished'
2024-10-18 08:59:09.551 [info] ExtensionService#_doActivateExtension vscode.emmet, startup: false, activationEvent: 'onLanguage'
2024-10-18 11:01:11.313 [info] Extension host terminating: renderer closed the MessagePort
2024-10-18 11:01:11.675 [info] Extension host with pid 246860 exiting with code 0
