Initializing document watcher...
Document watcher initialized
F4TCH-RS/F4TCH/Cargo.toml: {}
F4TCH-RS/F4TCH/Cargo.lock: {}
F4TCH-RS/F4TCH/Cargo.toml: {}
F4TCH-RS/F4TCH/Cargo.toml: {}
F4TCH-RS/F4TCH/src/main.rs: {}
F4TCH-RS/F4TCH/src/main.rs: {}
F4TCH-RS/F4TCH/src/main.rs: {}
F4TCH-RS/F4TCH/src/main.rs: {}
F4TCH-RS/F4TCH/src/main.rs: Using EditorConfig core...
F4TCH-RS/F4TCH/src/main.rs: {}
F4TCH-RS/F4TCH/src/main.rs: {}
F4TCH-RS/F4TCH/src/main.rs: {}
F4TCH-RS/F4TCH/src/main.rs: {}
F4TCH-RS/F4TCH/src/main.rs: Using EditorConfig core...
F4TCH-RS/F4TCH/src/main.rs: {}
/home/kasene/.config/Code - OSS/User/settings.json: Using EditorConfig core...
F4TCH-RS/F4TCH/src/main.rs: {}
F4TCH-RS/F4TCH/src/main.rs: {}
F4TCH-RS/F4TCH/src/main.rs: Using EditorConfig core...
F4TCH-RS/F4TCH/src/main.rs: Using EditorConfig core...
F4TCH-RS/F4TCH/src/main.rs: {}
F4TCH-RS/F4TCH/src/main.rs: Using EditorConfig core...
F4TCH-RS/F4TCH/src/main.rs: Using EditorConfig core...
F4TCH-RS/F4TCH/src/main.rs: {}
F4TCH-RS/F4TCH/src/main.rs: {}
F4TCH-RS/F4TCH/src/main.rs: Using EditorConfig core...
F4TCH-RS/F4TCH/src/main.rs: {}
F4TCH-RS/F4TCH/src/main.rs: {}
F4TCH-RS/F4TCH/src/main.rs: Using EditorConfig core...
F4TCH-RS/F4TCH/src/main.rs: Using EditorConfig core...
F4TCH-RS/F4TCH/src/main.rs: Using EditorConfig core...
F4TCH-RS/F4TCH/src/main.rs: {}
F4TCH-RS/F4TCH/src/main.rs: {}
F4TCH-RS/F4TCH/src/main.rs: {}
F4TCH-RS/F4TCH/src/main.rs: Using EditorConfig core...
F4TCH-RS/F4TCH/src/main.rs: {}
F4TCH-RS/F4TCH/src/main.rs: {}
F4TCH-RS/F4TCH/src/main.rs: {}
F4TCH-RS/F4TCH/src/main.rs: {}
F4TCH-RS/F4TCH/src/main.rs: {}
F4TCH-RS/F4TCH/src/main.rs: Using EditorConfig core...
F4TCH-RS/F4TCH/src/main.rs: Using EditorConfig core...
F4TCH-RS/F4TCH/src/main.rs: Using EditorConfig core...
F4TCH-RS/F4TCH/src/main.rs: {}
F4TCH-RS/F4TCH/src/main.rs: {}
F4TCH-RS/F4TCH/src/main.rs: {}
F4TCH-RS/F4TCH/src/main.rs: Using EditorConfig core...
F4TCH-RS/F4TCH/src/main.rs: {}
F4TCH-RS/F4TCH/src/main.rs: {}
F4TCH-RS/F4TCH/src/main.rs: {}
F4TCH-RS/F4TCH/src/main.rs: {}
