2024-10-16 13:19:02.431 [info] [main] Log level: Info
2024-10-16 13:19:02.431 [info] [main] Validating found git in: "git"
2024-10-16 13:19:02.431 [info] [main] Using git "2.46.2" from "git"
2024-10-16 13:19:02.431 [info] [Model][doInitialScan] Initial repository scan started
2024-10-16 13:19:02.431 [info] [Model][doInitialScan] Initial repository scan completed - repositories (0), closed repositories (0), parent repositories (0), unsafe repositories (0)
2024-10-16 13:19:13.202 [info] > git clone github.com/hackclub/sprig /home/kasene/sprig --progress [10ms]
2024-10-16 13:19:13.203 [info] fatal: repository 'github.com/hackclub/sprig' does not exist
2024-10-16 13:20:37.193 [info] > git clone https://github.com/hackclub/sprig.git /home/kasene/sprig --progress [66433ms] (cancelled)
2024-10-16 13:23:54.012 [info] [main] Log level: Info
2024-10-16 13:23:54.013 [info] [main] Validating found git in: "git"
2024-10-16 13:23:54.013 [info] [main] Using git "2.46.2" from "git"
2024-10-16 13:23:54.013 [info] [Model][doInitialScan] Initial repository scan started
2024-10-16 13:23:54.013 [info] > git rev-parse --show-toplevel [14ms]
2024-10-16 13:23:54.299 [info] > git rev-parse --git-dir --git-common-dir [42ms]
2024-10-16 13:23:54.335 [info] [Model][openRepository] Opened repository: /home/kasene/sprig
2024-10-16 13:23:54.424 [info] > git config --get commit.template [32ms]
2024-10-16 13:23:54.562 [info] > git for-each-ref --format=%(refname)%00%(upstream:short)%00%(objectname)%00%(upstream:track)%00%(upstream:remotename)%00%(upstream:remoteref) refs/heads/main refs/remotes/main [21ms]
2024-10-16 13:23:54.588 [warning] [Git][revParse] Unable to read file: ENOENT: no such file or directory, open '/home/kasene/sprig/.git/refs/remotes/origin/main'
2024-10-16 13:23:54.639 [info] > git rev-parse refs/remotes/origin/main [50ms]
2024-10-16 13:23:54.661 [info] > git rev-parse --show-toplevel [25ms]
2024-10-16 13:23:54.682 [info] > git rev-parse --show-toplevel [4ms]
2024-10-16 13:23:54.706 [info] > git rev-parse --show-toplevel [6ms]
2024-10-16 13:23:54.786 [info] > git rev-parse --show-toplevel [9ms]
2024-10-16 13:23:54.823 [info] > git rev-parse --show-toplevel [4ms]
2024-10-16 13:23:54.838 [info] > git rev-parse --show-toplevel [2ms]
2024-10-16 13:23:54.853 [info] > git rev-parse --show-toplevel [3ms]
2024-10-16 13:23:54.879 [info] > git rev-parse --show-toplevel [4ms]
2024-10-16 13:23:54.916 [info] > git rev-parse --show-toplevel [5ms]
2024-10-16 13:23:54.930 [info] > git rev-parse --show-toplevel [3ms]
2024-10-16 13:23:54.950 [info] > git rev-parse --show-toplevel [3ms]
2024-10-16 13:23:54.987 [info] > git rev-parse --show-toplevel [23ms]
2024-10-16 13:23:55.002 [info] > git check-ignore -v -z --stdin [21ms]
2024-10-16 13:23:55.009 [info] > git rev-parse --show-toplevel [9ms]
2024-10-16 13:23:55.033 [info] > git rev-parse --show-toplevel [4ms]
2024-10-16 13:23:55.034 [info] [Model][doInitialScan] Initial repository scan completed - repositories (1), closed repositories (0), parent repositories (0), unsafe repositories (0)
2024-10-16 13:23:55.489 [info] > git status -z -uall [833ms]
2024-10-16 13:23:55.543 [info] > git for-each-ref --format=%(refname)%00%(upstream:short)%00%(objectname)%00%(upstream:track)%00%(upstream:remotename)%00%(upstream:remoteref) refs/heads/main refs/remotes/main [35ms]
2024-10-16 13:23:55.565 [info] > git config --local branch.main.vscode-merge-base [6ms]
2024-10-16 13:23:55.565 [warning] [Git][config] git config failed: Failed to execute git
2024-10-16 13:23:55.578 [info] > git config --get commit.template [35ms]
2024-10-16 13:23:55.668 [info] > git reflog main --grep-reflog=branch: Created from *. [91ms]
2024-10-16 13:23:55.736 [info] > git symbolic-ref --short refs/remotes/origin/HEAD [56ms]
2024-10-16 13:23:55.750 [info] > git for-each-ref --format=%(refname)%00%(upstream:short)%00%(objectname)%00%(upstream:track)%00%(upstream:remotename)%00%(upstream:remoteref) refs/heads/main refs/remotes/main [52ms]
2024-10-16 13:23:55.761 [warning] [Git][revParse] Unable to read file: ENOENT: no such file or directory, open '/home/kasene/sprig/.git/refs/remotes/origin/main'
2024-10-16 13:23:55.762 [info] > git for-each-ref --format=%(refname)%00%(upstream:short)%00%(objectname)%00%(upstream:track)%00%(upstream:remotename)%00%(upstream:remoteref) refs/heads/origin/main refs/remotes/origin/main [15ms]
2024-10-16 13:23:55.779 [info] > git rev-parse refs/remotes/origin/main [18ms]
2024-10-16 13:23:55.800 [info] > git config --local branch.main.vscode-merge-base origin/main [21ms]
2024-10-16 13:23:55.832 [info] > git status -z -uall [35ms] (cancelled)
2024-10-16 13:23:55.834 [info] > git config --get commit.template [4ms]
2024-10-16 13:23:55.881 [info] > git for-each-ref --format=%(refname)%00%(upstream:short)%00%(objectname)%00%(upstream:track)%00%(upstream:remotename)%00%(upstream:remoteref) refs/heads/main refs/remotes/main [16ms]
2024-10-16 13:23:55.901 [warning] [Git][revParse] Unable to read file: ENOENT: no such file or directory, open '/home/kasene/sprig/.git/refs/remotes/origin/main'
2024-10-16 13:23:55.906 [info] > git rev-parse refs/remotes/origin/main [6ms]
2024-10-16 13:23:56.420 [info] > git status -z -uall [495ms]
2024-10-16 13:23:56.451 [info] > git for-each-ref --format=%(refname)%00%(upstream:short)%00%(objectname)%00%(upstream:track)%00%(upstream:remotename)%00%(upstream:remoteref) refs/heads/main refs/remotes/main [17ms]
2024-10-16 13:23:56.471 [info] > git config --local branch.main.vscode-merge-base [5ms]
2024-10-16 13:23:56.483 [info] > git merge-base refs/heads/main refs/remotes/origin/main [33ms]
2024-10-16 13:23:56.505 [info] > git for-each-ref --format=%(refname)%00%(upstream:short)%00%(objectname)%00%(upstream:track)%00%(upstream:remotename)%00%(upstream:remoteref) refs/heads/origin/main refs/remotes/origin/main [23ms]
2024-10-16 13:23:56.509 [info] > git rev-list --count --left-right refs/heads/main...refs/remotes/origin/main [11ms]
2024-10-16 13:23:56.528 [info] > git diff --name-status -z --diff-filter=ADMR d1705616f919d588b96e3775aef75692ef849758...refs/remotes/origin/main [4ms]
2024-10-16 13:24:06.760 [info] > git check-ignore -v -z --stdin [33ms]
2024-10-16 13:24:10.233 [info] > git check-ignore -v -z --stdin [5ms]
2024-10-16 13:26:54.562 [info] > git config --get commit.template [22ms]
2024-10-16 13:26:54.582 [info] > git for-each-ref --format=%(refname)%00%(upstream:short)%00%(objectname)%00%(upstream:track)%00%(upstream:remotename)%00%(upstream:remoteref) refs/heads/main refs/remotes/main [24ms]
2024-10-16 13:26:54.594 [warning] [Git][revParse] Unable to read file: ENOENT: no such file or directory, open '/home/kasene/sprig/.git/refs/remotes/origin/main'
2024-10-16 13:26:54.597 [info] > git rev-parse refs/remotes/origin/main [3ms]
2024-10-16 13:26:55.490 [info] > git status -z -uall [881ms]
2024-10-16 13:26:55.518 [info] > git for-each-ref --format=%(refname)%00%(upstream:short)%00%(objectname)%00%(upstream:track)%00%(upstream:remotename)%00%(upstream:remoteref) refs/heads/main refs/remotes/main [5ms]
2024-10-16 13:26:55.531 [info] > git config --local branch.main.vscode-merge-base [3ms]
2024-10-16 13:26:55.543 [info] > git for-each-ref --format=%(refname)%00%(upstream:short)%00%(objectname)%00%(upstream:track)%00%(upstream:remotename)%00%(upstream:remoteref) refs/heads/origin/main refs/remotes/origin/main [2ms]
2024-10-16 13:26:56.586 [info] > git check-ignore -v -z --stdin [26ms]
2024-10-16 13:27:31.173 [info] > git check-ignore -v -z --stdin [43ms]
2024-10-16 13:27:31.179 [info] > git config --get commit.template [6ms]
2024-10-16 13:27:31.197 [info] > git for-each-ref --format=%(refname)%00%(upstream:short)%00%(objectname)%00%(upstream:track)%00%(upstream:remotename)%00%(upstream:remoteref) refs/heads/main refs/remotes/main [4ms]
2024-10-16 13:27:31.209 [warning] [Git][revParse] Unable to read file: ENOENT: no such file or directory, open '/home/kasene/sprig/.git/refs/remotes/origin/main'
2024-10-16 13:27:31.212 [info] > git rev-parse refs/remotes/origin/main [3ms]
2024-10-16 13:27:32.061 [info] > git check-ignore -v -z --stdin [14ms]
2024-10-16 13:27:32.492 [info] > git show --textconv :games/worthless_clicker [56ms]
2024-10-16 13:27:32.508 [info] > git ls-files --stage -- /home/kasene/sprig/games/worthless_clicker [23ms]
2024-10-16 13:27:34.101 [info] > git status -z -uall [2874ms]
2024-10-16 13:27:34.898 [info] > git for-each-ref --format=%(refname)%00%(upstream:short)%00%(objectname)%00%(upstream:track)%00%(upstream:remotename)%00%(upstream:remoteref) refs/heads/main refs/remotes/main [25ms]
2024-10-16 13:27:34.919 [info] > git config --local branch.main.vscode-merge-base [4ms]
2024-10-16 13:27:34.947 [info] > git for-each-ref --format=%(refname)%00%(upstream:short)%00%(objectname)%00%(upstream:track)%00%(upstream:remotename)%00%(upstream:remoteref) refs/heads/origin/main refs/remotes/origin/main [5ms]
2024-10-16 13:27:38.540 [info] > git show --textconv :games/YetAnotherRhythmGame.js [130ms]
2024-10-16 13:27:38.540 [info] > git ls-files --stage -- /home/kasene/sprig/games/YetAnotherRhythmGame.js [16ms]
2024-10-16 13:27:38.633 [info] > git cat-file -s e367d62991cf56532c84ae3dce2e7ddb4cc07657 [40ms]
2024-10-16 13:27:45.212 [info] > git config --get commit.template [117ms]
2024-10-16 13:27:45.227 [info] > git for-each-ref --format=%(refname)%00%(upstream:short)%00%(objectname)%00%(upstream:track)%00%(upstream:remotename)%00%(upstream:remoteref) refs/heads/main refs/remotes/main [31ms]
2024-10-16 13:27:45.279 [warning] [Git][revParse] Unable to read file: ENOENT: no such file or directory, open '/home/kasene/sprig/.git/refs/remotes/origin/main'
2024-10-16 13:27:45.304 [info] > git rev-parse refs/remotes/origin/main [25ms]
2024-10-16 13:27:50.230 [info] > git status -z -uall [4886ms]
2024-10-16 13:27:50.345 [info] > git for-each-ref --format=%(refname)%00%(upstream:short)%00%(objectname)%00%(upstream:track)%00%(upstream:remotename)%00%(upstream:remoteref) refs/heads/main refs/remotes/main [57ms]
2024-10-16 13:27:50.724 [info] > git config --local branch.main.vscode-merge-base [344ms]
2024-10-16 13:27:50.812 [info] > git for-each-ref --format=%(refname)%00%(upstream:short)%00%(objectname)%00%(upstream:track)%00%(upstream:remotename)%00%(upstream:remoteref) refs/heads/origin/main refs/remotes/origin/main [19ms]
2024-10-16 13:27:55.349 [info] > git config --get commit.template [25ms]
2024-10-16 13:27:55.354 [info] > git for-each-ref --format=%(refname)%00%(upstream:short)%00%(objectname)%00%(upstream:track)%00%(upstream:remotename)%00%(upstream:remoteref) refs/heads/main refs/remotes/main [7ms]
2024-10-16 13:27:55.384 [warning] [Git][revParse] Unable to read file: ENOENT: no such file or directory, open '/home/kasene/sprig/.git/refs/remotes/origin/main'
2024-10-16 13:27:55.392 [info] > git rev-parse refs/remotes/origin/main [9ms]
2024-10-16 13:27:56.205 [info] > git status -z -uall [775ms]
2024-10-16 13:27:56.245 [info] > git for-each-ref --format=%(refname)%00%(upstream:short)%00%(objectname)%00%(upstream:track)%00%(upstream:remotename)%00%(upstream:remoteref) refs/heads/main refs/remotes/main [9ms]
2024-10-16 13:27:56.271 [info] > git config --local branch.main.vscode-merge-base [3ms]
2024-10-16 13:27:56.301 [info] > git for-each-ref --format=%(refname)%00%(upstream:short)%00%(objectname)%00%(upstream:track)%00%(upstream:remotename)%00%(upstream:remoteref) refs/heads/origin/main refs/remotes/origin/main [4ms]
2024-10-16 13:28:18.331 [info] > git config --get commit.template [220ms]
2024-10-16 13:28:18.332 [info] > git for-each-ref --format=%(refname)%00%(upstream:short)%00%(objectname)%00%(upstream:track)%00%(upstream:remotename)%00%(upstream:remoteref) refs/heads/main refs/remotes/main [182ms]
2024-10-16 13:28:18.425 [warning] [Git][revParse] Unable to read file: ENOENT: no such file or directory, open '/home/kasene/sprig/.git/refs/remotes/origin/main'
2024-10-16 13:28:18.435 [info] > git rev-parse refs/remotes/origin/main [10ms]
2024-10-16 13:28:20.574 [info] > git status -z -uall [2116ms]
2024-10-16 13:28:20.627 [info] > git for-each-ref --format=%(refname)%00%(upstream:short)%00%(objectname)%00%(upstream:track)%00%(upstream:remotename)%00%(upstream:remoteref) refs/heads/main refs/remotes/main [6ms]
2024-10-16 13:28:20.657 [info] > git config --local branch.main.vscode-merge-base [7ms]
2024-10-16 13:28:20.832 [info] > git for-each-ref --format=%(refname)%00%(upstream:short)%00%(objectname)%00%(upstream:track)%00%(upstream:remotename)%00%(upstream:remoteref) refs/heads/origin/main refs/remotes/origin/main [55ms]
2024-10-16 13:28:26.034 [info] > git show --textconv :games/worthless_clicker [58ms]
2024-10-16 13:28:26.055 [info] > git ls-files --stage -- /home/kasene/sprig/games/worthless_clicker [30ms]
2024-10-16 13:28:48.130 [info] > git show --textconv :games/worthless_clicker.js [77ms]
2024-10-16 13:28:48.163 [info] > git check-ignore -v -z --stdin [73ms]
2024-10-16 13:28:48.167 [info] > git ls-files --stage -- /home/kasene/sprig/games/worthless_clicker.js [56ms]
2024-10-16 13:28:49.108 [info] > git config --get commit.template [100ms]
2024-10-16 13:28:49.251 [info] > git for-each-ref --format=%(refname)%00%(upstream:short)%00%(objectname)%00%(upstream:track)%00%(upstream:remotename)%00%(upstream:remoteref) refs/heads/main refs/remotes/main [144ms]
2024-10-16 13:28:49.267 [warning] [Git][revParse] Unable to read file: ENOENT: no such file or directory, open '/home/kasene/sprig/.git/refs/remotes/origin/main'
2024-10-16 13:28:49.272 [info] > git rev-parse refs/remotes/origin/main [5ms]
2024-10-16 13:28:50.758 [info] > git status -z -uall [1472ms]
2024-10-16 13:28:50.779 [info] > git for-each-ref --format=%(refname)%00%(upstream:short)%00%(objectname)%00%(upstream:track)%00%(upstream:remotename)%00%(upstream:remoteref) refs/heads/main refs/remotes/main [6ms]
2024-10-16 13:28:50.799 [info] > git config --local branch.main.vscode-merge-base [5ms]
2024-10-16 13:28:50.828 [info] > git for-each-ref --format=%(refname)%00%(upstream:short)%00%(objectname)%00%(upstream:track)%00%(upstream:remotename)%00%(upstream:remoteref) refs/heads/origin/main refs/remotes/origin/main [1ms]
2024-10-16 13:28:54.212 [info] > git check-ignore -v -z --stdin [180ms]
2024-10-16 13:28:55.791 [info] > git config --get commit.template [2ms]
2024-10-16 13:28:55.803 [info] > git for-each-ref --format=%(refname)%00%(upstream:short)%00%(objectname)%00%(upstream:track)%00%(upstream:remotename)%00%(upstream:remoteref) refs/heads/main refs/remotes/main [3ms]
2024-10-16 13:28:55.811 [warning] [Git][revParse] Unable to read file: ENOENT: no such file or directory, open '/home/kasene/sprig/.git/refs/remotes/origin/main'
2024-10-16 13:28:55.813 [info] > git rev-parse refs/remotes/origin/main [2ms]
2024-10-16 13:28:57.246 [info] > git status -z -uall [1424ms]
2024-10-16 13:28:57.263 [info] > git for-each-ref --format=%(refname)%00%(upstream:short)%00%(objectname)%00%(upstream:track)%00%(upstream:remotename)%00%(upstream:remoteref) refs/heads/main refs/remotes/main [5ms]
2024-10-16 13:28:57.281 [info] > git config --local branch.main.vscode-merge-base [3ms]
2024-10-16 13:28:57.295 [info] > git for-each-ref --format=%(refname)%00%(upstream:short)%00%(objectname)%00%(upstream:track)%00%(upstream:remotename)%00%(upstream:remoteref) refs/heads/origin/main refs/remotes/origin/main [3ms]
2024-10-16 13:29:16.296 [info] > git show --textconv :games/wheatfield.js [24ms]
2024-10-16 13:29:16.308 [info] > git ls-files --stage -- /home/kasene/sprig/games/wheatfield.js [13ms]
2024-10-16 13:29:16.344 [info] > git cat-file -s ccf6e1e7372445ec6af92079bf06cd2ee3eb1ce8 [12ms]
2024-10-16 13:29:29.246 [info] > git show --textconv :games/worthless_clicker.js [12ms]
2024-10-16 13:29:29.250 [info] > git ls-files --stage -- /home/kasene/sprig/games/worthless_clicker.js [6ms]
2024-10-16 13:34:59.791 [info] > git config --get commit.template [18ms]
2024-10-16 13:34:59.799 [info] > git for-each-ref --format=%(refname)%00%(upstream:short)%00%(objectname)%00%(upstream:track)%00%(upstream:remotename)%00%(upstream:remoteref) refs/heads/main refs/remotes/main [18ms]
2024-10-16 13:34:59.809 [warning] [Git][revParse] Unable to read file: ENOENT: no such file or directory, open '/home/kasene/sprig/.git/refs/remotes/origin/main'
2024-10-16 13:34:59.812 [info] > git rev-parse refs/remotes/origin/main [3ms]
2024-10-16 13:35:00.382 [info] > git status -z -uall [560ms]
2024-10-16 13:35:00.397 [info] > git for-each-ref --format=%(refname)%00%(upstream:short)%00%(objectname)%00%(upstream:track)%00%(upstream:remotename)%00%(upstream:remoteref) refs/heads/main refs/remotes/main [3ms]
2024-10-16 13:35:00.410 [info] > git config --local branch.main.vscode-merge-base [3ms]
2024-10-16 13:35:00.422 [info] > git for-each-ref --format=%(refname)%00%(upstream:short)%00%(objectname)%00%(upstream:track)%00%(upstream:remotename)%00%(upstream:remoteref) refs/heads/origin/main refs/remotes/origin/main [2ms]
2024-10-16 13:35:03.388 [info] > git ls-files --stage -- /home/kasene/sprig/games/wheatfield.js [1ms]
2024-10-16 13:35:03.431 [info] > git show --textconv :games/wheatfield.js [99ms]
2024-10-16 13:35:03.431 [info] > git cat-file -s ccf6e1e7372445ec6af92079bf06cd2ee3eb1ce8 [13ms]
2024-10-16 13:37:33.253 [info] > git config --get commit.template [23ms]
2024-10-16 13:37:33.268 [info] > git for-each-ref --format=%(refname)%00%(upstream:short)%00%(objectname)%00%(upstream:track)%00%(upstream:remotename)%00%(upstream:remoteref) refs/heads/main refs/remotes/main [23ms]
2024-10-16 13:37:33.277 [warning] [Git][revParse] Unable to read file: ENOENT: no such file or directory, open '/home/kasene/sprig/.git/refs/remotes/origin/main'
2024-10-16 13:37:33.279 [info] > git rev-parse refs/remotes/origin/main [3ms]
2024-10-16 13:37:34.653 [info] > git status -z -uall [1364ms]
2024-10-16 13:37:34.687 [info] > git for-each-ref --format=%(refname)%00%(upstream:short)%00%(objectname)%00%(upstream:track)%00%(upstream:remotename)%00%(upstream:remoteref) refs/heads/main refs/remotes/main [11ms]
2024-10-16 13:37:34.710 [info] > git config --local branch.main.vscode-merge-base [5ms]
2024-10-16 13:37:34.734 [info] > git for-each-ref --format=%(refname)%00%(upstream:short)%00%(objectname)%00%(upstream:track)%00%(upstream:remotename)%00%(upstream:remoteref) refs/heads/origin/main refs/remotes/origin/main [4ms]
2024-10-16 13:37:39.705 [info] > git config --get commit.template [11ms]
2024-10-16 13:37:39.820 [info] > git for-each-ref --format=%(refname)%00%(upstream:short)%00%(objectname)%00%(upstream:track)%00%(upstream:remotename)%00%(upstream:remoteref) refs/heads/main refs/remotes/main [116ms]
2024-10-16 13:37:39.831 [warning] [Git][revParse] Unable to read file: ENOENT: no such file or directory, open '/home/kasene/sprig/.git/refs/remotes/origin/main'
2024-10-16 13:37:39.833 [info] > git rev-parse refs/remotes/origin/main [2ms]
2024-10-16 13:37:40.196 [info] > git status -z -uall [354ms]
2024-10-16 13:37:40.211 [info] > git for-each-ref --format=%(refname)%00%(upstream:short)%00%(objectname)%00%(upstream:track)%00%(upstream:remotename)%00%(upstream:remoteref) refs/heads/main refs/remotes/main [3ms]
2024-10-16 13:37:40.223 [info] > git config --local branch.main.vscode-merge-base [2ms]
2024-10-16 13:37:40.235 [info] > git for-each-ref --format=%(refname)%00%(upstream:short)%00%(objectname)%00%(upstream:track)%00%(upstream:remotename)%00%(upstream:remoteref) refs/heads/origin/main refs/remotes/origin/main [3ms]
2024-10-16 13:40:33.743 [info] > git show --textconv :games/Watermellen_man_and_bluebarry_man.js [532ms]
2024-10-16 13:40:33.757 [info] > git ls-files --stage -- /home/kasene/sprig/games/Watermellen_man_and_bluebarry_man.js [23ms]
2024-10-16 13:40:33.799 [info] > git cat-file -s 2d2361f7e472e19069e6a16459de1a08dbf42f29 [23ms]
2024-10-16 13:41:47.096 [info] > git config --get commit.template [737ms]
2024-10-16 13:41:47.536 [info] > git for-each-ref --format=%(refname)%00%(upstream:short)%00%(objectname)%00%(upstream:track)%00%(upstream:remotename)%00%(upstream:remoteref) refs/heads/main refs/remotes/main [918ms]
2024-10-16 13:41:47.546 [warning] [Git][revParse] Unable to read file: ENOENT: no such file or directory, open '/home/kasene/sprig/.git/refs/remotes/origin/main'
2024-10-16 13:41:47.549 [info] > git rev-parse refs/remotes/origin/main [2ms]
2024-10-16 13:41:58.906 [info] > git status -z -uall [11345ms]
2024-10-16 13:41:58.950 [info] > git for-each-ref --format=%(refname)%00%(upstream:short)%00%(objectname)%00%(upstream:track)%00%(upstream:remotename)%00%(upstream:remoteref) refs/heads/main refs/remotes/main [3ms]
2024-10-16 13:41:58.964 [info] > git config --local branch.main.vscode-merge-base [3ms]
2024-10-16 13:41:58.979 [info] > git for-each-ref --format=%(refname)%00%(upstream:short)%00%(objectname)%00%(upstream:track)%00%(upstream:remotename)%00%(upstream:remoteref) refs/heads/origin/main refs/remotes/origin/main [2ms]
2024-10-16 13:42:09.224 [info] > git config --get commit.template [337ms]
2024-10-16 13:42:09.430 [info] > git for-each-ref --format=%(refname)%00%(upstream:short)%00%(objectname)%00%(upstream:track)%00%(upstream:remotename)%00%(upstream:remoteref) refs/heads/main refs/remotes/main [435ms]
2024-10-16 13:42:09.445 [warning] [Git][revParse] Unable to read file: ENOENT: no such file or directory, open '/home/kasene/sprig/.git/refs/remotes/origin/main'
2024-10-16 13:42:09.447 [info] > git rev-parse refs/remotes/origin/main [2ms]
2024-10-16 13:42:10.165 [info] > git status -z -uall [700ms]
2024-10-16 13:42:10.372 [info] > git for-each-ref --format=%(refname)%00%(upstream:short)%00%(objectname)%00%(upstream:track)%00%(upstream:remotename)%00%(upstream:remoteref) refs/heads/main refs/remotes/main [7ms]
2024-10-16 13:42:10.933 [info] > git config --local branch.main.vscode-merge-base [3ms]
2024-10-16 13:42:11.438 [info] > git for-each-ref --format=%(refname)%00%(upstream:short)%00%(objectname)%00%(upstream:track)%00%(upstream:remotename)%00%(upstream:remoteref) refs/heads/origin/main refs/remotes/origin/main [96ms]
2024-10-16 13:42:15.398 [info] > git config --get commit.template [17ms]
2024-10-16 13:42:15.400 [info] > git for-each-ref --format=%(refname)%00%(upstream:short)%00%(objectname)%00%(upstream:track)%00%(upstream:remotename)%00%(upstream:remoteref) refs/heads/main refs/remotes/main [4ms]
2024-10-16 13:42:15.413 [warning] [Git][revParse] Unable to read file: ENOENT: no such file or directory, open '/home/kasene/sprig/.git/refs/remotes/origin/main'
2024-10-16 13:42:15.415 [info] > git rev-parse refs/remotes/origin/main [2ms]
2024-10-16 13:42:15.789 [info] > git status -z -uall [361ms]
2024-10-16 13:42:15.803 [info] > git for-each-ref --format=%(refname)%00%(upstream:short)%00%(objectname)%00%(upstream:track)%00%(upstream:remotename)%00%(upstream:remoteref) refs/heads/main refs/remotes/main [4ms]
2024-10-16 13:42:15.819 [info] > git config --local branch.main.vscode-merge-base [2ms]
2024-10-16 13:42:15.837 [info] > git for-each-ref --format=%(refname)%00%(upstream:short)%00%(objectname)%00%(upstream:track)%00%(upstream:remotename)%00%(upstream:remoteref) refs/heads/origin/main refs/remotes/origin/main [4ms]
2024-10-16 13:42:20.826 [info] > git config --get commit.template [12ms]
2024-10-16 13:42:20.829 [info] > git for-each-ref --format=%(refname)%00%(upstream:short)%00%(objectname)%00%(upstream:track)%00%(upstream:remotename)%00%(upstream:remoteref) refs/heads/main refs/remotes/main [4ms]
2024-10-16 13:42:20.840 [warning] [Git][revParse] Unable to read file: ENOENT: no such file or directory, open '/home/kasene/sprig/.git/refs/remotes/origin/main'
2024-10-16 13:42:20.843 [info] > git rev-parse refs/remotes/origin/main [3ms]
2024-10-16 13:42:23.294 [info] > git status -z -uall [2441ms]
2024-10-16 13:42:23.311 [info] > git for-each-ref --format=%(refname)%00%(upstream:short)%00%(objectname)%00%(upstream:track)%00%(upstream:remotename)%00%(upstream:remoteref) refs/heads/main refs/remotes/main [4ms]
2024-10-16 13:42:23.325 [info] > git config --local branch.main.vscode-merge-base [2ms]
2024-10-16 13:42:23.339 [info] > git for-each-ref --format=%(refname)%00%(upstream:short)%00%(objectname)%00%(upstream:track)%00%(upstream:remotename)%00%(upstream:remoteref) refs/heads/origin/main refs/remotes/origin/main [3ms]
2024-10-16 13:43:10.667 [info] > git config --get commit.template [297ms]
2024-10-16 13:43:10.691 [info] > git for-each-ref --format=%(refname)%00%(upstream:short)%00%(objectname)%00%(upstream:track)%00%(upstream:remotename)%00%(upstream:remoteref) refs/heads/main refs/remotes/main [253ms]
2024-10-16 13:43:10.704 [warning] [Git][revParse] Unable to read file: ENOENT: no such file or directory, open '/home/kasene/sprig/.git/refs/remotes/origin/main'
2024-10-16 13:43:10.706 [info] > git rev-parse refs/remotes/origin/main [3ms]
2024-10-16 13:43:16.090 [info] > git status -z -uall [5374ms]
2024-10-16 13:43:16.108 [info] > git for-each-ref --format=%(refname)%00%(upstream:short)%00%(objectname)%00%(upstream:track)%00%(upstream:remotename)%00%(upstream:remoteref) refs/heads/main refs/remotes/main [4ms]
2024-10-16 13:43:16.124 [info] > git config --local branch.main.vscode-merge-base [3ms]
2024-10-16 13:43:16.137 [info] > git for-each-ref --format=%(refname)%00%(upstream:short)%00%(objectname)%00%(upstream:track)%00%(upstream:remotename)%00%(upstream:remoteref) refs/heads/origin/main refs/remotes/origin/main [2ms]
2024-10-16 13:43:21.126 [info] > git config --get commit.template [10ms]
2024-10-16 13:43:21.128 [info] > git for-each-ref --format=%(refname)%00%(upstream:short)%00%(objectname)%00%(upstream:track)%00%(upstream:remotename)%00%(upstream:remoteref) refs/heads/main refs/remotes/main [3ms]
2024-10-16 13:43:21.156 [warning] [Git][revParse] Unable to read file: ENOENT: no such file or directory, open '/home/kasene/sprig/.git/refs/remotes/origin/main'
2024-10-16 13:43:21.158 [info] > git rev-parse refs/remotes/origin/main [2ms]
2024-10-16 13:43:21.454 [info] > git status -z -uall [287ms]
2024-10-16 13:43:21.469 [info] > git for-each-ref --format=%(refname)%00%(upstream:short)%00%(objectname)%00%(upstream:track)%00%(upstream:remotename)%00%(upstream:remoteref) refs/heads/main refs/remotes/main [4ms]
2024-10-16 13:43:21.481 [info] > git config --local branch.main.vscode-merge-base [2ms]
2024-10-16 13:43:21.493 [info] > git for-each-ref --format=%(refname)%00%(upstream:short)%00%(objectname)%00%(upstream:track)%00%(upstream:remotename)%00%(upstream:remoteref) refs/heads/origin/main refs/remotes/origin/main [3ms]
2024-10-16 13:43:46.872 [info] > git show --textconv :games/worthless_clicker.js [17ms]
2024-10-16 13:43:46.875 [info] > git ls-files --stage -- /home/kasene/sprig/games/worthless_clicker.js [7ms]
2024-10-16 13:43:47.788 [info] > git show --textconv :games/WordeScapes.js [2ms]
2024-10-16 13:43:47.816 [info] > git ls-files --stage -- /home/kasene/sprig/games/WordeScapes.js [9ms]
2024-10-16 13:43:47.860 [info] > git cat-file -s 4825e6d832497b5258c7416dc8c27349bb0daa07 [7ms]
2024-10-16 13:44:29.508 [info] > git show --textconv :games/worthless_clicker.js [13ms]
2024-10-16 13:44:29.510 [info] > git ls-files --stage -- /home/kasene/sprig/games/worthless_clicker.js [3ms]
2024-10-16 13:44:30.753 [info] > git show --textconv :games/WordeScapes.js [19ms]
2024-10-16 13:44:30.754 [info] > git ls-files --stage -- /home/kasene/sprig/games/WordeScapes.js [6ms]
2024-10-16 13:44:30.775 [info] > git cat-file -s 4825e6d832497b5258c7416dc8c27349bb0daa07 [7ms]
2024-10-16 13:44:33.029 [info] > git show --textconv :games/worthless_clicker.js [14ms]
2024-10-16 13:44:33.032 [info] > git ls-files --stage -- /home/kasene/sprig/games/worthless_clicker.js [4ms]
2024-10-16 13:44:35.517 [info] > git check-ignore -v -z --stdin [2ms]
2024-10-16 13:44:42.168 [info] > git check-ignore -v -z --stdin [4ms]
2024-10-16 13:44:42.671 [info] > git config --get commit.template [11ms]
2024-10-16 13:44:42.673 [info] > git for-each-ref --format=%(refname)%00%(upstream:short)%00%(objectname)%00%(upstream:track)%00%(upstream:remotename)%00%(upstream:remoteref) refs/heads/main refs/remotes/main [4ms]
2024-10-16 13:44:42.682 [warning] [Git][revParse] Unable to read file: ENOENT: no such file or directory, open '/home/kasene/sprig/.git/refs/remotes/origin/main'
2024-10-16 13:44:42.684 [info] > git rev-parse refs/remotes/origin/main [3ms]
2024-10-16 13:44:43.023 [info] > git status -z -uall [330ms]
2024-10-16 13:44:43.050 [info] > git for-each-ref --format=%(refname)%00%(upstream:short)%00%(objectname)%00%(upstream:track)%00%(upstream:remotename)%00%(upstream:remoteref) refs/heads/main refs/remotes/main [6ms]
2024-10-16 13:44:43.067 [info] > git config --local branch.main.vscode-merge-base [3ms]
2024-10-16 13:44:43.083 [info] > git for-each-ref --format=%(refname)%00%(upstream:short)%00%(objectname)%00%(upstream:track)%00%(upstream:remotename)%00%(upstream:remoteref) refs/heads/origin/main refs/remotes/origin/main [3ms]
2024-10-16 13:44:47.114 [info] > git show --textconv :jail/worthless_clicker.js [15ms]
2024-10-16 13:44:47.118 [info] > git ls-files --stage -- /home/kasene/sprig/jail/worthless_clicker.js [5ms]
2024-10-16 13:44:47.372 [info] > git check-ignore -v -z --stdin [6ms]
2024-10-16 13:44:48.084 [info] > git config --get commit.template [20ms]
2024-10-16 13:44:48.085 [info] > git for-each-ref --format=%(refname)%00%(upstream:short)%00%(objectname)%00%(upstream:track)%00%(upstream:remotename)%00%(upstream:remoteref) refs/heads/main refs/remotes/main [5ms]
2024-10-16 13:44:48.102 [warning] [Git][revParse] Unable to read file: ENOENT: no such file or directory, open '/home/kasene/sprig/.git/refs/remotes/origin/main'
2024-10-16 13:44:48.105 [info] > git rev-parse refs/remotes/origin/main [3ms]
2024-10-16 13:44:48.457 [info] > git status -z -uall [339ms]
2024-10-16 13:44:48.475 [info] > git for-each-ref --format=%(refname)%00%(upstream:short)%00%(objectname)%00%(upstream:track)%00%(upstream:remotename)%00%(upstream:remoteref) refs/heads/main refs/remotes/main [6ms]
2024-10-16 13:44:48.487 [info] > git config --local branch.main.vscode-merge-base [2ms]
2024-10-16 13:44:48.498 [info] > git for-each-ref --format=%(refname)%00%(upstream:short)%00%(objectname)%00%(upstream:track)%00%(upstream:remotename)%00%(upstream:remoteref) refs/heads/origin/main refs/remotes/origin/main [2ms]
2024-10-16 13:45:04.830 [info] > git config --get commit.template [13ms]
2024-10-16 13:45:04.831 [info] > git for-each-ref --format=%(refname)%00%(upstream:short)%00%(objectname)%00%(upstream:track)%00%(upstream:remotename)%00%(upstream:remoteref) refs/heads/main refs/remotes/main [3ms]
2024-10-16 13:45:04.840 [warning] [Git][revParse] Unable to read file: ENOENT: no such file or directory, open '/home/kasene/sprig/.git/refs/remotes/origin/main'
2024-10-16 13:45:04.842 [info] > git rev-parse refs/remotes/origin/main [2ms]
2024-10-16 13:45:05.234 [info] > git status -z -uall [383ms]
2024-10-16 13:45:05.259 [info] > git for-each-ref --format=%(refname)%00%(upstream:short)%00%(objectname)%00%(upstream:track)%00%(upstream:remotename)%00%(upstream:remoteref) refs/heads/main refs/remotes/main [8ms]
2024-10-16 13:45:05.275 [info] > git config --local branch.main.vscode-merge-base [3ms]
2024-10-16 13:45:05.292 [info] > git for-each-ref --format=%(refname)%00%(upstream:short)%00%(objectname)%00%(upstream:track)%00%(upstream:remotename)%00%(upstream:remoteref) refs/heads/origin/main refs/remotes/origin/main [4ms]
2024-10-16 13:45:11.057 [info] > git config --get commit.template [25ms]
2024-10-16 13:45:11.058 [info] > git for-each-ref --format=%(refname)%00%(upstream:short)%00%(objectname)%00%(upstream:track)%00%(upstream:remotename)%00%(upstream:remoteref) refs/heads/main refs/remotes/main [11ms]
2024-10-16 13:45:11.068 [warning] [Git][revParse] Unable to read file: ENOENT: no such file or directory, open '/home/kasene/sprig/.git/refs/remotes/origin/main'
2024-10-16 13:45:11.070 [info] > git rev-parse refs/remotes/origin/main [2ms]
2024-10-16 13:45:11.407 [info] > git status -z -uall [327ms]
2024-10-16 13:45:11.423 [info] > git for-each-ref --format=%(refname)%00%(upstream:short)%00%(objectname)%00%(upstream:track)%00%(upstream:remotename)%00%(upstream:remoteref) refs/heads/main refs/remotes/main [3ms]
2024-10-16 13:45:11.435 [info] > git config --local branch.main.vscode-merge-base [2ms]
2024-10-16 13:45:11.449 [info] > git for-each-ref --format=%(refname)%00%(upstream:short)%00%(objectname)%00%(upstream:track)%00%(upstream:remotename)%00%(upstream:remoteref) refs/heads/origin/main refs/remotes/origin/main [3ms]
2024-10-16 13:45:20.160 [info] > git config --get commit.template [11ms]
2024-10-16 13:45:20.163 [info] > git for-each-ref --format=%(refname)%00%(upstream:short)%00%(objectname)%00%(upstream:track)%00%(upstream:remotename)%00%(upstream:remoteref) refs/heads/main refs/remotes/main [4ms]
2024-10-16 13:45:20.172 [warning] [Git][revParse] Unable to read file: ENOENT: no such file or directory, open '/home/kasene/sprig/.git/refs/remotes/origin/main'
2024-10-16 13:45:20.174 [info] > git rev-parse refs/remotes/origin/main [2ms]
2024-10-16 13:45:20.503 [info] > git status -z -uall [319ms]
2024-10-16 13:45:20.518 [info] > git for-each-ref --format=%(refname)%00%(upstream:short)%00%(objectname)%00%(upstream:track)%00%(upstream:remotename)%00%(upstream:remoteref) refs/heads/main refs/remotes/main [3ms]
2024-10-16 13:45:20.530 [info] > git config --local branch.main.vscode-merge-base [3ms]
2024-10-16 13:45:20.544 [info] > git for-each-ref --format=%(refname)%00%(upstream:short)%00%(objectname)%00%(upstream:track)%00%(upstream:remotename)%00%(upstream:remoteref) refs/heads/origin/main refs/remotes/origin/main [3ms]
2024-10-16 13:45:25.542 [info] > git config --get commit.template [13ms]
2024-10-16 13:45:25.543 [info] > git for-each-ref --format=%(refname)%00%(upstream:short)%00%(objectname)%00%(upstream:track)%00%(upstream:remotename)%00%(upstream:remoteref) refs/heads/main refs/remotes/main [3ms]
2024-10-16 13:45:25.552 [warning] [Git][revParse] Unable to read file: ENOENT: no such file or directory, open '/home/kasene/sprig/.git/refs/remotes/origin/main'
2024-10-16 13:45:25.554 [info] > git rev-parse refs/remotes/origin/main [2ms]
2024-10-16 13:45:25.912 [info] > git status -z -uall [347ms]
2024-10-16 13:45:25.937 [info] > git for-each-ref --format=%(refname)%00%(upstream:short)%00%(objectname)%00%(upstream:track)%00%(upstream:remotename)%00%(upstream:remoteref) refs/heads/main refs/remotes/main [8ms]
2024-10-16 13:45:25.973 [info] > git config --local branch.main.vscode-merge-base [4ms]
2024-10-16 13:45:26.013 [info] > git for-each-ref --format=%(refname)%00%(upstream:short)%00%(objectname)%00%(upstream:track)%00%(upstream:remotename)%00%(upstream:remoteref) refs/heads/origin/main refs/remotes/origin/main [3ms]
2024-10-16 13:45:36.981 [info] > git config --get commit.template [13ms]
2024-10-16 13:45:36.983 [info] > git for-each-ref --format=%(refname)%00%(upstream:short)%00%(objectname)%00%(upstream:track)%00%(upstream:remotename)%00%(upstream:remoteref) refs/heads/main refs/remotes/main [3ms]
2024-10-16 13:45:36.993 [warning] [Git][revParse] Unable to read file: ENOENT: no such file or directory, open '/home/kasene/sprig/.git/refs/remotes/origin/main'
2024-10-16 13:45:36.995 [info] > git rev-parse refs/remotes/origin/main [2ms]
2024-10-16 13:45:37.332 [info] > git status -z -uall [328ms]
2024-10-16 13:45:37.353 [info] > git for-each-ref --format=%(refname)%00%(upstream:short)%00%(objectname)%00%(upstream:track)%00%(upstream:remotename)%00%(upstream:remoteref) refs/heads/main refs/remotes/main [6ms]
2024-10-16 13:45:37.374 [info] > git config --local branch.main.vscode-merge-base [4ms]
2024-10-16 13:45:37.388 [info] > git for-each-ref --format=%(refname)%00%(upstream:short)%00%(objectname)%00%(upstream:track)%00%(upstream:remotename)%00%(upstream:remoteref) refs/heads/origin/main refs/remotes/origin/main [3ms]
2024-10-16 13:45:42.376 [info] > git config --get commit.template [12ms]
2024-10-16 13:45:42.378 [info] > git for-each-ref --format=%(refname)%00%(upstream:short)%00%(objectname)%00%(upstream:track)%00%(upstream:remotename)%00%(upstream:remoteref) refs/heads/main refs/remotes/main [4ms]
2024-10-16 13:45:42.388 [warning] [Git][revParse] Unable to read file: ENOENT: no such file or directory, open '/home/kasene/sprig/.git/refs/remotes/origin/main'
2024-10-16 13:45:42.391 [info] > git rev-parse refs/remotes/origin/main [3ms]
2024-10-16 13:45:42.746 [info] > git status -z -uall [343ms]
2024-10-16 13:45:42.762 [info] > git for-each-ref --format=%(refname)%00%(upstream:short)%00%(objectname)%00%(upstream:track)%00%(upstream:remotename)%00%(upstream:remoteref) refs/heads/main refs/remotes/main [3ms]
2024-10-16 13:45:42.775 [info] > git config --local branch.main.vscode-merge-base [2ms]
2024-10-16 13:45:42.788 [info] > git for-each-ref --format=%(refname)%00%(upstream:short)%00%(objectname)%00%(upstream:track)%00%(upstream:remotename)%00%(upstream:remoteref) refs/heads/origin/main refs/remotes/origin/main [3ms]
2024-10-16 14:15:04.014 [info] > git ls-files --stage -- /home/kasene/sprig/games/WordeScapes.js [436ms]
2024-10-16 14:15:04.462 [info] > git cat-file -s 4825e6d832497b5258c7416dc8c27349bb0daa07 [414ms]
2024-10-16 14:15:04.561 [info] > git show --textconv :games/WordeScapes.js [997ms]
2024-10-16 14:17:36.174 [info] > git show --textconv :games/Womens_roles_during_wartime.js [12ms]
2024-10-16 14:17:36.177 [info] > git ls-files --stage -- /home/kasene/sprig/games/Womens_roles_during_wartime.js [4ms]
2024-10-16 14:17:36.188 [info] > git cat-file -s 39cbe988079cc6995bdcf25e72232be4ee6f68bd [2ms]
2024-10-16 14:27:28.771 [info] > git check-ignore -v -z --stdin [25ms]
2024-10-16 14:27:34.749 [info] > git show --textconv :jail/worthless_clicker.js [18ms]
2024-10-16 14:27:34.751 [info] > git ls-files --stage -- /home/kasene/sprig/jail/worthless_clicker.js [5ms]
2024-10-16 14:30:02.107 [info] > git ls-files --stage -- /home/kasene/sprig/games/Zooter.js [4ms]
2024-10-16 14:30:02.185 [info] > git cat-file -s a8f4eaf4eddf94639fa7a80620feef19b3c41d5b [41ms]
2024-10-16 14:30:02.213 [info] > git show --textconv :games/Zooter.js [186ms]
2024-10-16 14:38:30.297 [info] > git show --textconv :jail/worthless_clicker.js [31ms]
2024-10-16 14:38:30.299 [info] > git ls-files --stage -- /home/kasene/sprig/jail/worthless_clicker.js [6ms]
2024-10-16 14:45:31.845 [info] > git config --get commit.template [19ms]
2024-10-16 14:45:31.865 [info] > git for-each-ref --format=%(refname)%00%(upstream:short)%00%(objectname)%00%(upstream:track)%00%(upstream:remotename)%00%(upstream:remoteref) refs/heads/main refs/remotes/main [26ms]
2024-10-16 14:45:31.878 [warning] [Git][revParse] Unable to read file: ENOENT: no such file or directory, open '/home/kasene/sprig/.git/refs/remotes/origin/main'
2024-10-16 14:45:31.880 [info] > git rev-parse refs/remotes/origin/main [3ms]
2024-10-16 14:45:32.563 [info] > git status -z -uall [671ms]
2024-10-16 14:45:32.582 [info] > git for-each-ref --format=%(refname)%00%(upstream:short)%00%(objectname)%00%(upstream:track)%00%(upstream:remotename)%00%(upstream:remoteref) refs/heads/main refs/remotes/main [4ms]
2024-10-16 14:45:32.599 [info] > git config --local branch.main.vscode-merge-base [2ms]
2024-10-16 14:45:32.614 [info] > git for-each-ref --format=%(refname)%00%(upstream:short)%00%(objectname)%00%(upstream:track)%00%(upstream:remotename)%00%(upstream:remoteref) refs/heads/origin/main refs/remotes/origin/main [3ms]
2024-10-16 14:46:25.744 [info] > git config --get commit.template [15ms]
2024-10-16 14:46:25.746 [info] > git for-each-ref --format=%(refname)%00%(upstream:short)%00%(objectname)%00%(upstream:track)%00%(upstream:remotename)%00%(upstream:remoteref) refs/heads/main refs/remotes/main [11ms]
2024-10-16 14:46:25.755 [warning] [Git][revParse] Unable to read file: ENOENT: no such file or directory, open '/home/kasene/sprig/.git/refs/remotes/origin/main'
2024-10-16 14:46:25.757 [info] > git rev-parse refs/remotes/origin/main [2ms]
2024-10-16 14:46:26.236 [info] > git status -z -uall [471ms]
2024-10-16 14:46:26.254 [info] > git for-each-ref --format=%(refname)%00%(upstream:short)%00%(objectname)%00%(upstream:track)%00%(upstream:remotename)%00%(upstream:remoteref) refs/heads/main refs/remotes/main [5ms]
2024-10-16 14:46:26.266 [info] > git config --local branch.main.vscode-merge-base [2ms]
2024-10-16 14:46:26.279 [info] > git for-each-ref --format=%(refname)%00%(upstream:short)%00%(objectname)%00%(upstream:track)%00%(upstream:remotename)%00%(upstream:remoteref) refs/heads/origin/main refs/remotes/origin/main [2ms]
