Initializing document watcher...
Document watcher initialized
mp3-player-gui/main.py: {}
mp3-player-gui/main.py: {}
mp3-player-gui/main.py: {}
mp3-player-gui/main.py: Using EditorConfig core...
mp3-player-gui/main.py: {}
mp3-player-gui/main.py: Using EditorConfig core...
mp3-player-gui/main.py: {}
mp3-player-gui/main.py: {}
mp3-player-gui/main.py: Using EditorConfig core...
mp3-player-gui/main.py: {}
mp3-player-gui/main.py: {}
mp3-player-gui/main.py: Using EditorConfig core...
mp3-player-gui/main.py: {}
mp3-player-gui/main.py: {}
mp3-player-gui/main.py: {}
mp3-player-gui/main.py: {}
mp3-player-gui/main.py: Using EditorConfig core...
mp3-player-gui/main.py: {}
mp3-player-gui/main.py: {}
mp3-player-gui/main.py: {}
mp3-player-gui/main.py: {}
mp3-player-gui/main.py: {}
mp3-player-gui/main.py: {}
mp3-player-gui/main.py: {}
mp3-player-gui/main.py: {}
mp3-player-gui/main.py: {}
mp3-player-gui/main.py: Using EditorConfig core...
mp3-player-gui/main.py: {}
mp3-player-gui/main.py: {}
mp3-player-gui/main.py: {}
mp3-player-gui/main.py: {}
mp3-player-gui/main.py: {}
mp3-player-gui/pyproject.toml: {}
mp3-player-gui/pyproject.toml: Using EditorConfig core...
mp3-player-gui/main.py: {}
mp3-player-gui/main.py: {}
mp3-player-gui/main.py: {}
mp3-player-gui/main.py: {}
mp3-player-gui/main.py: {}
mp3-player-gui/main.py: Using EditorConfig core...
