2024-10-10 11:13:09.315 [info] Extension host with pid 36018 started
2024-10-10 11:13:09.315 [info] Skipping acquiring lock for /home/kasene/.config/Code - OSS/User/workspaceStorage/bd246bf85177452366bf8dc0ae3dd525.
2024-10-10 11:13:10.020 [info] ExtensionService#_doActivateExtension vscode.emmet, startup: false, activationEvent: 'onLanguage'
2024-10-10 11:13:10.690 [info] ExtensionService#_doActivateExtension vscode.git-base, startup: true, activationEvent: '*', root cause: vscode.git
2024-10-10 11:13:10.720 [info] ExtensionService#_doActivateExtension WakaTime.vscode-wakatime, startup: true, activationEvent: '*'
2024-10-10 11:13:11.186 [info] ExtensionService#_doActivateExtension vscode.git, startup: true, activationEvent: '*'
2024-10-10 11:13:11.380 [info] ExtensionService#_doActivateExtension vscode.github, startup: true, activationEvent: '*'
2024-10-10 11:13:11.639 [info] Eager extensions activated
2024-10-10 11:13:11.756 [info] ExtensionService#_doActivateExtension vscode.debug-auto-launch, startup: false, activationEvent: 'onStartupFinished'
2024-10-10 11:13:11.805 [info] ExtensionService#_doActivateExtension vscode.merge-conflict, startup: false, activationEvent: 'onStartupFinished'
2024-10-10 11:13:13.212 [error] Error: No such branch: master.
	at N.getBranch (/usr/lib/code/extensions/git/dist/main.js:2:937115)
	at async T.retryRun (/usr/lib/code/extensions/git/dist/main.js:2:1032816)
	at async T.run (/usr/lib/code/extensions/git/dist/main.js:2:1032420)
	at async T.getBranch (/usr/lib/code/extensions/git/dist/main.js:2:1020563)
	at async T.getBranchBase (/usr/lib/code/extensions/git/dist/main.js:2:1020849)
	at async t.GitHistoryProvider.resolveHEADMergeBase (/usr/lib/code/extensions/git/dist/main.js:2:948410)
	at async t.GitHistoryProvider.onDidRunGitStatus (/usr/lib/code/extensions/git/dist/main.js:2:941737)
2024-10-10 11:13:13.287 [error] Error: No such branch: master.
	at N.getBranch (/usr/lib/code/extensions/git/dist/main.js:2:937115)
	at async T.retryRun (/usr/lib/code/extensions/git/dist/main.js:2:1032816)
	at async T.run (/usr/lib/code/extensions/git/dist/main.js:2:1032420)
	at async T.getBranch (/usr/lib/code/extensions/git/dist/main.js:2:1020563)
	at async T.getBranchBase (/usr/lib/code/extensions/git/dist/main.js:2:1020849)
	at async t.GitHistoryProvider.resolveHEADMergeBase (/usr/lib/code/extensions/git/dist/main.js:2:948410)
	at async t.GitHistoryProvider.onDidRunGitStatus (/usr/lib/code/extensions/git/dist/main.js:2:941737)
2024-10-10 11:13:27.981 [info] Extension host terminating: renderer closed the MessagePort
2024-10-10 11:13:28.017 [error] Canceled: Canceled
	at new D (/usr/lib/code/out/vs/workbench/api/node/extensionHostProcess.js:151:35235)
	at y.U (/usr/lib/code/out/vs/workbench/api/node/extensionHostProcess.js:158:6005)
	at V.<computed>.F.charCodeAt.A.CharCode.DollarSign.V.<computed> (/usr/lib/code/out/vs/workbench/api/node/extensionHostProcess.js:158:3107)
	at h.g (/usr/lib/code/out/vs/workbench/api/node/extensionHostProcess.js:161:210015)
	at h.executeCommand (/usr/lib/code/out/vs/workbench/api/node/extensionHostProcess.js:161:209453)
	at C.registerCommand.description (/usr/lib/code/out/vs/workbench/api/node/extensionHostProcess.js:161:208777)
	at h (/usr/lib/code/out/vs/workbench/api/node/extensionHostProcess.js:161:210554)
	at h.g (/usr/lib/code/out/vs/workbench/api/node/extensionHostProcess.js:161:209546)
	at h.executeCommand (/usr/lib/code/out/vs/workbench/api/node/extensionHostProcess.js:161:209453)
	at Object.executeCommand (/usr/lib/code/out/vs/workbench/api/node/extensionHostProcess.js:171:30683)
	at i.O [as value] (/usr/lib/code/extensions/git/dist/main.js:2:952009)
	at r.B (/usr/lib/code/out/vs/workbench/api/node/extensionHostProcess.js:90:732)
	at r.C (/usr/lib/code/out/vs/workbench/api/node/extensionHostProcess.js:90:802)
	at r.fire (/usr/lib/code/out/vs/workbench/api/node/extensionHostProcess.js:90:1018)
	at Object.p [as dispose] (/usr/lib/code/extensions/git/dist/main.js:2:972587)
	at /usr/lib/code/extensions/git/dist/main.js:2:978709
	at Array.forEach (<anonymous>)
	at f.dispose (/usr/lib/code/extensions/git/dist/main.js:2:978695)
	at o.<anonymous> (/usr/lib/code/out/vs/workbench/api/node/extensionHostProcess.js:159:4176)
	at o.dispose (/usr/lib/code/out/vs/workbench/api/node/extensionHostProcess.js:159:4273)
	at o.<anonymous> (/usr/lib/code/extensions/git/dist/main.js:2:954307)
	at o.dispose (/usr/lib/code/out/vs/workbench/api/node/extensionHostProcess.js:159:4273)
	at $ (/usr/lib/code/out/vs/workbench/api/node/extensionHostProcess.js:30:744)
	at /usr/lib/code/out/vs/workbench/api/node/extensionHostProcess.js:167:13607
	at /usr/lib/code/out/vs/workbench/api/node/extensionHostProcess.js:30:1112
	at Object.dispose (/usr/lib/code/out/vs/workbench/api/node/extensionHostProcess.js:11:11463)
	at m.eb (/usr/lib/code/out/vs/workbench/api/node/extensionHostProcess.js:167:10282)
	at /usr/lib/code/out/vs/workbench/api/node/extensionHostProcess.js:167:8153
	at Array.map (<anonymous>)
	at m.$ (/usr/lib/code/out/vs/workbench/api/node/extensionHostProcess.js:167:8140)
	at m.terminate (/usr/lib/code/out/vs/workbench/api/node/extensionHostProcess.js:167:8413)
	at $.terminate (/usr/lib/code/out/vs/workbench/api/node/extensionHostProcess.js:171:1513)
	at n (/usr/lib/code/out/vs/workbench/api/node/extensionHostProcess.js:184:10613)
	at MessagePortMain.<anonymous> (/usr/lib/code/out/vs/workbench/api/node/extensionHostProcess.js:184:6805)
	at MessagePortMain.emit (node:events:519:28)
	at MessagePortMain._internalPort.emit (node:electron/js2c/utility_init:2:2619) setContext undefined
2024-10-10 11:13:28.024 [error] Canceled: Canceled
	at new D (/usr/lib/code/out/vs/workbench/api/node/extensionHostProcess.js:151:35235)
	at y.U (/usr/lib/code/out/vs/workbench/api/node/extensionHostProcess.js:158:6005)
	at V.<computed>.F.charCodeAt.A.CharCode.DollarSign.V.<computed> (/usr/lib/code/out/vs/workbench/api/node/extensionHostProcess.js:158:3107)
	at h.g (/usr/lib/code/out/vs/workbench/api/node/extensionHostProcess.js:161:210015)
	at h.executeCommand (/usr/lib/code/out/vs/workbench/api/node/extensionHostProcess.js:161:209453)
	at C.registerCommand.description (/usr/lib/code/out/vs/workbench/api/node/extensionHostProcess.js:161:208777)
	at h (/usr/lib/code/out/vs/workbench/api/node/extensionHostProcess.js:161:210554)
	at h.g (/usr/lib/code/out/vs/workbench/api/node/extensionHostProcess.js:161:209546)
	at h.executeCommand (/usr/lib/code/out/vs/workbench/api/node/extensionHostProcess.js:161:209453)
	at Object.executeCommand (/usr/lib/code/out/vs/workbench/api/node/extensionHostProcess.js:171:30683)
	at set hasGitHubRepositories (/usr/lib/code/extensions/github/dist/extension.js:2:322969)
	at /usr/lib/code/extensions/github/dist/extension.js:2:323928
	at i.value (/usr/lib/code/extensions/git/dist/main.js:2:1060944)
	at r.B (/usr/lib/code/out/vs/workbench/api/node/extensionHostProcess.js:90:732)
	at r.C (/usr/lib/code/out/vs/workbench/api/node/extensionHostProcess.js:90:802)
	at r.fire (/usr/lib/code/out/vs/workbench/api/node/extensionHostProcess.js:90:1018)
	at Object.p [as dispose] (/usr/lib/code/extensions/git/dist/main.js:2:972587)
	at /usr/lib/code/extensions/git/dist/main.js:2:978709
	at Array.forEach (<anonymous>)
	at f.dispose (/usr/lib/code/extensions/git/dist/main.js:2:978695)
	at o.<anonymous> (/usr/lib/code/out/vs/workbench/api/node/extensionHostProcess.js:159:4176)
	at o.dispose (/usr/lib/code/out/vs/workbench/api/node/extensionHostProcess.js:159:4273)
	at o.<anonymous> (/usr/lib/code/extensions/git/dist/main.js:2:954307)
	at o.dispose (/usr/lib/code/out/vs/workbench/api/node/extensionHostProcess.js:159:4273)
	at $ (/usr/lib/code/out/vs/workbench/api/node/extensionHostProcess.js:30:744)
	at /usr/lib/code/out/vs/workbench/api/node/extensionHostProcess.js:167:13607
	at /usr/lib/code/out/vs/workbench/api/node/extensionHostProcess.js:30:1112
	at Object.dispose (/usr/lib/code/out/vs/workbench/api/node/extensionHostProcess.js:11:11463)
	at m.eb (/usr/lib/code/out/vs/workbench/api/node/extensionHostProcess.js:167:10282)
	at /usr/lib/code/out/vs/workbench/api/node/extensionHostProcess.js:167:8153
	at Array.map (<anonymous>)
	at m.$ (/usr/lib/code/out/vs/workbench/api/node/extensionHostProcess.js:167:8140)
	at m.terminate (/usr/lib/code/out/vs/workbench/api/node/extensionHostProcess.js:167:8413)
	at $.terminate (/usr/lib/code/out/vs/workbench/api/node/extensionHostProcess.js:171:1513)
	at n (/usr/lib/code/out/vs/workbench/api/node/extensionHostProcess.js:184:10613)
	at MessagePortMain.<anonymous> (/usr/lib/code/out/vs/workbench/api/node/extensionHostProcess.js:184:6805)
	at MessagePortMain.emit (node:events:519:28)
	at MessagePortMain._internalPort.emit (node:electron/js2c/utility_init:2:2619) setContext undefined
2024-10-10 11:13:28.025 [info] Extension host with pid 36018 exiting with code 0
2024-10-10 11:13:31.266 [info] Extension host with pid 36173 started
2024-10-10 11:13:31.266 [info] Skipping acquiring lock for /home/kasene/.config/Code - OSS/User/workspaceStorage/f548aec21d555ad556cff0d636e51566.
2024-10-10 11:13:32.033 [info] ExtensionService#_doActivateExtension vscode.git-base, startup: true, activationEvent: '*', root cause: vscode.git
2024-10-10 11:13:32.049 [info] ExtensionService#_doActivateExtension WakaTime.vscode-wakatime, startup: true, activationEvent: '*'
2024-10-10 11:13:32.201 [info] ExtensionService#_doActivateExtension vscode.git, startup: true, activationEvent: '*'
2024-10-10 11:13:32.351 [info] ExtensionService#_doActivateExtension vscode.github, startup: true, activationEvent: '*'
2024-10-10 11:13:32.822 [info] Eager extensions activated
2024-10-10 11:13:32.947 [info] ExtensionService#_doActivateExtension vscode.debug-auto-launch, startup: false, activationEvent: 'onStartupFinished'
2024-10-10 11:13:32.954 [info] ExtensionService#_doActivateExtension vscode.merge-conflict, startup: false, activationEvent: 'onStartupFinished'
2024-10-10 11:13:40.590 [info] ExtensionService#_doActivateExtension vscode.html-language-features, startup: false, activationEvent: 'onLanguage:html'
2024-10-10 11:13:40.820 [info] ExtensionService#_doActivateExtension vscode.emmet, startup: false, activationEvent: 'onLanguage'
2024-10-10 11:19:13.295 [info] ExtensionService#_doActivateExtension vscode.css-language-features, startup: false, activationEvent: 'onLanguage:css'
2024-10-10 11:19:31.822 [info] ExtensionService#_doActivateExtension vscode.typescript-language-features, startup: false, activationEvent: 'onLanguage:javascript'
2024-10-10 11:20:22.362 [info] ExtensionService#_doActivateExtension yandeu.five-server, startup: false, activationEvent: 'onStartupFinished'
2024-10-10 11:21:52.055 [info] ExtensionService#_doActivateExtension vscode.media-preview, startup: false, activationEvent: 'onCustomEditor:imagePreview.previewEditor'
2024-10-10 15:59:41.336 [info] Extension host terminating: renderer closed the MessagePort
2024-10-10 15:59:42.008 [info] Extension host with pid 36173 exiting with code 0
