2024-10-25 10:57:35.269 [info] [main] Log level: Info
2024-10-25 10:57:35.269 [info] [main] Validating found git in: "git"
2024-10-25 10:57:35.269 [info] [main] Using git "2.47.0" from "git"
2024-10-25 10:57:35.269 [info] [Model][doInitialScan] Initial repository scan started
2024-10-25 10:57:35.269 [info] > git rev-parse --show-toplevel [45ms]
2024-10-25 10:57:35.269 [info] fatal: not a git repository (or any parent up to mount point /)
Stopping at filesystem boundary (GIT_DISCOVERY_ACROSS_FILESYSTEM not set).
2024-10-25 10:57:35.269 [info] > git rev-parse --show-toplevel [161ms]
2024-10-25 10:57:35.269 [info] fatal: not a git repository (or any parent up to mount point /)
Stopping at filesystem boundary (GIT_DISCOVERY_ACROSS_FILESYSTEM not set).
2024-10-25 10:57:35.269 [info] [Model][doInitialScan] Initial repository scan completed - repositories (0), closed repositories (0), parent repositories (0), unsafe repositories (0)
2024-10-25 10:57:35.309 [info] > git rev-parse --show-toplevel [44ms]
2024-10-25 10:57:35.310 [info] fatal: not a git repository (or any parent up to mount point /)
Stopping at filesystem boundary (GIT_DISCOVERY_ACROSS_FILESYSTEM not set).
2024-10-25 10:57:35.558 [info] > git rev-parse --show-toplevel [7ms]
2024-10-25 10:57:35.558 [info] fatal: not a git repository (or any parent up to mount point /)
Stopping at filesystem boundary (GIT_DISCOVERY_ACROSS_FILESYSTEM not set).
2024-10-25 10:57:36.121 [info] > git rev-parse --show-toplevel [13ms]
2024-10-25 10:57:36.121 [info] fatal: not a git repository (or any parent up to mount point /)
Stopping at filesystem boundary (GIT_DISCOVERY_ACROSS_FILESYSTEM not set).
