2024-10-16 13:03:19.374 [info] Extension host with pid 113261 started
2024-10-16 13:03:19.403 [info] ExtensionService#_doActivateExtension vscode.git-base, startup: true, activationEvent: '*', root cause: vscode.git
2024-10-16 13:03:19.443 [info] ExtensionService#_doActivateExtension WakaTime.vscode-wakatime, startup: true, activationEvent: '*'
2024-10-16 13:03:19.510 [info] ExtensionService#_doActivateExtension vscode.git, startup: true, activationEvent: '*'
2024-10-16 13:03:19.570 [info] ExtensionService#_doActivateExtension vscode.github, startup: true, activationEvent: '*'
2024-10-16 13:03:19.725 [info] Eager extensions activated
2024-10-16 13:03:19.804 [info] ExtensionService#_doActivateExtension vscode.debug-auto-launch, startup: false, activationEvent: 'onStartupFinished'
2024-10-16 13:03:19.936 [info] ExtensionService#_doActivateExtension vscode.merge-conflict, startup: false, activationEvent: 'onStartupFinished'
2024-10-16 13:03:19.949 [info] ExtensionService#_doActivateExtension yandeu.five-server, startup: false, activationEvent: 'onStartupFinished'
2024-10-16 13:04:00.910 [info] Extension host terminating: renderer closed the MessagePort
2024-10-16 13:04:00.921 [info] Extension host with pid 113261 exiting with code 0
2024-10-16 13:04:03.273 [info] Extension host with pid 113400 started
2024-10-16 13:04:03.273 [info] Skipping acquiring lock for /home/kasene/.config/Code - OSS/User/workspaceStorage/98274c2e6bc1597932cddf438df167cf.
2024-10-16 13:04:03.522 [info] ExtensionService#_doActivateExtension vscode.git-base, startup: true, activationEvent: '*', root cause: vscode.git
2024-10-16 13:04:03.531 [info] ExtensionService#_doActivateExtension WakaTime.vscode-wakatime, startup: true, activationEvent: '*'
2024-10-16 13:04:03.674 [info] ExtensionService#_doActivateExtension vscode.git, startup: true, activationEvent: '*'
2024-10-16 13:04:03.770 [info] ExtensionService#_doActivateExtension vscode.github, startup: true, activationEvent: '*'
2024-10-16 13:04:03.875 [info] Eager extensions activated
2024-10-16 13:04:03.958 [info] ExtensionService#_doActivateExtension vscode.debug-auto-launch, startup: false, activationEvent: 'onStartupFinished'
2024-10-16 13:04:03.963 [info] ExtensionService#_doActivateExtension vscode.merge-conflict, startup: false, activationEvent: 'onStartupFinished'
2024-10-16 13:04:03.977 [info] ExtensionService#_doActivateExtension yandeu.five-server, startup: false, activationEvent: 'onStartupFinished'
2024-10-16 13:04:35.691 [info] ExtensionService#_doActivateExtension vscode.html-language-features, startup: false, activationEvent: 'onLanguage:html'
2024-10-16 13:04:35.784 [info] ExtensionService#_doActivateExtension vscode.emmet, startup: false, activationEvent: 'onLanguage'
2024-10-16 13:13:33.496 [info] Extension host terminating: renderer closed the MessagePort
2024-10-16 13:13:33.516 [info] Extension host with pid 113400 exiting with code 0
