2024-10-16 13:03:15.374 [info] Added views:workbench.panel.markers.view in workbench.panel.markers
2024-10-16 13:03:15.374 [info] Added views:workbench.panel.output in workbench.panel.output
2024-10-16 13:03:15.374 [info] Added views:terminal in terminal
2024-10-16 13:03:15.374 [info] Added views:outline in workbench.view.explorer
2024-10-16 13:03:15.374 [info] Added views:workbench.scm in workbench.view.scm
2024-10-16 13:03:15.374 [info] Added views:workbench.view.search in workbench.view.search
2024-10-16 13:03:15.374 [info] Added views:timeline in workbench.view.explorer
2024-10-16 13:03:15.374 [info] Added views:workbench.explorer.emptyView in workbench.view.explorer
2024-10-16 13:03:15.602 [info] Added views:workbench.debug.variablesView,workbench.debug.watchExpressionsView,workbench.debug.callStackView,workbench.debug.breakPointsView in workbench.view.debug
2024-10-16 13:03:17.646 [info] Added views:~remote.forwardedPorts in ~remote.forwardedPortsContainer
2024-10-16 13:03:19.397 [info] Added views:workbench.panel.repl.view in workbench.panel.repl
2024-10-16 13:03:19.399 [info] Removed views:workbench.debug.breakPointsView,workbench.debug.callStackView,workbench.debug.watchExpressionsView,workbench.debug.variablesView from workbench.view.debug
2024-10-16 13:03:19.401 [info] Added views:workbench.debug.welcome in workbench.view.debug
2024-10-16 13:04:02.109 [info] Added views:workbench.panel.markers.view in workbench.panel.markers
2024-10-16 13:04:02.109 [info] Added views:workbench.panel.output in workbench.panel.output
2024-10-16 13:04:02.109 [info] Added views:terminal in terminal
2024-10-16 13:04:02.109 [info] Added views:outline in workbench.view.explorer
2024-10-16 13:04:02.109 [info] Added views:workbench.scm in workbench.view.scm
2024-10-16 13:04:02.109 [info] Added views:workbench.view.search in workbench.view.search
2024-10-16 13:04:02.109 [info] Added views:timeline in workbench.view.explorer
2024-10-16 13:04:02.109 [info] Added views:workbench.explorer.fileView in workbench.view.explorer
2024-10-16 13:04:03.387 [info] Added views:workbench.debug.variablesView,workbench.debug.watchExpressionsView,workbench.debug.callStackView,workbench.debug.breakPointsView in workbench.view.debug
2024-10-16 13:04:03.531 [info] Added views:workbench.panel.repl.view in workbench.panel.repl
2024-10-16 13:04:03.531 [info] Removed views:workbench.debug.breakPointsView,workbench.debug.callStackView,workbench.debug.watchExpressionsView,workbench.debug.variablesView from workbench.view.debug
2024-10-16 13:04:03.532 [info] Added views:workbench.debug.welcome in workbench.view.debug
2024-10-16 13:04:06.277 [info] Added views:~remote.forwardedPorts in ~remote.forwardedPortsContainer
