2024-10-18 08:18:39.285 [info] Added views:workbench.panel.markers.view in workbench.panel.markers
2024-10-18 08:18:39.285 [info] Added views:workbench.panel.output in workbench.panel.output
2024-10-18 08:18:39.285 [info] Added views:terminal in terminal
2024-10-18 08:18:39.285 [info] Added views:outline in workbench.view.explorer
2024-10-18 08:18:39.285 [info] Added views:workbench.scm in workbench.view.scm
2024-10-18 08:18:39.285 [info] Added views:workbench.view.search in workbench.view.search
2024-10-18 08:18:39.285 [info] Added views:timeline in workbench.view.explorer
2024-10-18 08:18:39.285 [info] Added views:workbench.explorer.emptyView in workbench.view.explorer
2024-10-18 08:18:40.475 [info] Added views:workbench.debug.variablesView,workbench.debug.watchExpressionsView,workbench.debug.callStackView,workbench.debug.breakPointsView in workbench.view.debug
2024-10-18 08:18:45.617 [info] Added views:~remote.forwardedPorts in ~remote.forwardedPortsContainer
2024-10-18 08:18:47.025 [info] Added views:workbench.panel.repl.view in workbench.panel.repl
2024-10-18 08:18:47.027 [info] Removed views:workbench.debug.breakPointsView,workbench.debug.callStackView,workbench.debug.watchExpressionsView,workbench.debug.variablesView from workbench.view.debug
2024-10-18 08:18:47.027 [info] Added views:workbench.debug.welcome in workbench.view.debug
2024-10-18 08:59:00.498 [info] Added views:workbench.panel.markers.view in workbench.panel.markers
2024-10-18 08:59:00.498 [info] Added views:workbench.panel.output in workbench.panel.output
2024-10-18 08:59:00.498 [info] Added views:terminal in terminal
2024-10-18 08:59:00.498 [info] Added views:outline in workbench.view.explorer
2024-10-18 08:59:00.498 [info] Added views:workbench.scm in workbench.view.scm
2024-10-18 08:59:00.498 [info] Added views:workbench.view.search in workbench.view.search
2024-10-18 08:59:00.498 [info] Added views:timeline in workbench.view.explorer
2024-10-18 08:59:00.498 [info] Added views:workbench.explorer.fileView in workbench.view.explorer
2024-10-18 08:59:01.362 [info] Added views:workbench.debug.variablesView,workbench.debug.watchExpressionsView,workbench.debug.callStackView,workbench.debug.breakPointsView in workbench.view.debug
2024-10-18 08:59:02.509 [info] Added views:workbench.panel.repl.view in workbench.panel.repl
2024-10-18 08:59:02.514 [info] Removed views:workbench.debug.breakPointsView,workbench.debug.callStackView,workbench.debug.watchExpressionsView,workbench.debug.variablesView from workbench.view.debug
2024-10-18 08:59:02.516 [info] Added views:workbench.debug.welcome in workbench.view.debug
2024-10-18 08:59:02.644 [info] Added views:~remote.forwardedPorts in ~remote.forwardedPortsContainer
