2024-10-10 11:13:11.882 [info] [main] Log level: Info
2024-10-10 11:13:11.882 [info] [main] Validating found git in: "git"
2024-10-10 11:13:11.882 [info] [main] Using git "2.46.2" from "git"
2024-10-10 11:13:11.882 [info] [Model][doInitialScan] Initial repository scan started
2024-10-10 11:13:11.882 [info] > git rev-parse --show-toplevel [49ms]
2024-10-10 11:13:11.944 [info] > git rev-parse --git-dir --git-common-dir [18ms]
2024-10-10 11:13:12.016 [info] [Model][openRepository] Opened repository: /home/kasene/pystuff/lowskies/WorstCoinFlipper
2024-10-10 11:13:12.025 [info] [Model][doInitialScan] Initial repository scan completed - repositories (1), closed repositories (0), parent repositories (0), unsafe repositories (0)
2024-10-10 11:13:12.050 [info] > git config --get commit.template [5ms]
2024-10-10 11:13:12.069 [info] [Git][getRemotes] No remotes found in the git config file
2024-10-10 11:13:12.071 [info] > git for-each-ref --format=%(refname)%00%(upstream:short)%00%(objectname)%00%(upstream:track)%00%(upstream:remotename)%00%(upstream:remoteref) refs/heads/master refs/remotes/master [4ms]
2024-10-10 11:13:12.071 [warning] [Git][getBranch] No such branch: master
2024-10-10 11:13:12.089 [info] > git status -z -uall [5ms]
2024-10-10 11:13:12.174 [info] > git for-each-ref --format=%(refname)%00%(upstream:short)%00%(objectname)%00%(upstream:track)%00%(upstream:remotename)%00%(upstream:remoteref) refs/heads/master refs/remotes/master [65ms]
2024-10-10 11:13:12.174 [warning] [Git][getBranch] No such branch: master
2024-10-10 11:13:12.181 [info] > git config --get commit.template [23ms]
2024-10-10 11:13:12.198 [info] [Git][getRemotes] No remotes found in the git config file
2024-10-10 11:13:12.240 [info] > git for-each-ref --format=%(refname)%00%(upstream:short)%00%(objectname)%00%(upstream:track)%00%(upstream:remotename)%00%(upstream:remoteref) refs/heads/master refs/remotes/master [42ms]
2024-10-10 11:13:12.240 [warning] [Git][getBranch] No such branch: master
2024-10-10 11:13:12.258 [info] > git status -z -uall [7ms]
2024-10-10 11:13:12.282 [info] > git for-each-ref --format=%(refname)%00%(upstream:short)%00%(objectname)%00%(upstream:track)%00%(upstream:remotename)%00%(upstream:remoteref) refs/heads/master refs/remotes/master [6ms]
2024-10-10 11:13:12.282 [warning] [Git][getBranch] No such branch: master
2024-10-10 11:13:12.710 [info] > git check-ignore -v -z --stdin [8ms]
2024-10-10 11:13:14.324 [info] > git show --textconv :main.py [49ms]
2024-10-10 11:13:14.335 [info] > git ls-files --stage -- /home/kasene/pystuff/lowskies/WorstCoinFlipper/main.py [17ms]
2024-10-10 11:13:14.380 [info] > git cat-file -s fb4d1f820c525940c10f1020ade8c58d57978c75 [9ms]
2024-10-10 11:13:32.838 [info] [main] Log level: Info
2024-10-10 11:13:32.838 [info] [main] Validating found git in: "git"
2024-10-10 11:13:32.838 [info] [main] Using git "2.46.2" from "git"
2024-10-10 11:13:32.838 [info] [Model][doInitialScan] Initial repository scan started
2024-10-10 11:13:32.838 [info] > git rev-parse --show-toplevel [5ms]
2024-10-10 11:13:32.838 [info] fatal: not a git repository (or any parent up to mount point /)
Stopping at filesystem boundary (GIT_DISCOVERY_ACROSS_FILESYSTEM not set).
2024-10-10 11:13:32.838 [info] [Model][doInitialScan] Initial repository scan completed - repositories (0), closed repositories (0), parent repositories (0), unsafe repositories (0)
2024-10-10 11:13:33.540 [info] > git rev-parse --show-toplevel [6ms]
2024-10-10 11:13:33.540 [info] fatal: not a git repository (or any parent up to mount point /)
Stopping at filesystem boundary (GIT_DISCOVERY_ACROSS_FILESYSTEM not set).
2024-10-10 11:13:41.109 [info] > git rev-parse --show-toplevel [223ms]
2024-10-10 11:13:41.110 [info] fatal: not a git repository (or any parent up to mount point /)
Stopping at filesystem boundary (GIT_DISCOVERY_ACROSS_FILESYSTEM not set).
2024-10-10 11:19:13.292 [info] > git rev-parse --show-toplevel [40ms]
2024-10-10 11:19:13.293 [info] fatal: not a git repository (or any parent up to mount point /)
Stopping at filesystem boundary (GIT_DISCOVERY_ACROSS_FILESYSTEM not set).
2024-10-10 11:19:17.230 [info] > git rev-parse --show-toplevel [43ms]
2024-10-10 11:19:17.230 [info] fatal: not a git repository (or any parent up to mount point /)
Stopping at filesystem boundary (GIT_DISCOVERY_ACROSS_FILESYSTEM not set).
2024-10-10 11:19:31.783 [info] > git rev-parse --show-toplevel [33ms]
2024-10-10 11:19:31.783 [info] fatal: not a git repository (or any parent up to mount point /)
Stopping at filesystem boundary (GIT_DISCOVERY_ACROSS_FILESYSTEM not set).
2024-10-10 11:19:43.190 [info] > git rev-parse --show-toplevel [8ms]
2024-10-10 11:19:43.190 [info] fatal: not a git repository (or any parent up to mount point /)
Stopping at filesystem boundary (GIT_DISCOVERY_ACROSS_FILESYSTEM not set).
2024-10-10 11:20:22.097 [info] > git rev-parse --show-toplevel [59ms]
2024-10-10 11:20:22.097 [info] fatal: not a git repository (or any parent up to mount point /)
Stopping at filesystem boundary (GIT_DISCOVERY_ACROSS_FILESYSTEM not set).
2024-10-10 11:20:22.796 [info] > git rev-parse --show-toplevel [9ms]
2024-10-10 11:20:22.796 [info] fatal: not a git repository (or any parent up to mount point /)
Stopping at filesystem boundary (GIT_DISCOVERY_ACROSS_FILESYSTEM not set).
2024-10-10 11:21:02.079 [info] > git rev-parse --show-toplevel [109ms]
2024-10-10 11:21:02.119 [info] fatal: not a git repository (or any parent up to mount point /)
Stopping at filesystem boundary (GIT_DISCOVERY_ACROSS_FILESYSTEM not set).
2024-10-10 11:21:58.655 [info] > git rev-parse --show-toplevel [97ms]
2024-10-10 11:21:58.655 [info] fatal: not a git repository (or any parent up to mount point /)
Stopping at filesystem boundary (GIT_DISCOVERY_ACROSS_FILESYSTEM not set).
2024-10-10 11:29:32.048 [info] > git rev-parse --show-toplevel [80ms]
2024-10-10 11:29:32.069 [info] fatal: not a git repository (or any parent up to mount point /)
Stopping at filesystem boundary (GIT_DISCOVERY_ACROSS_FILESYSTEM not set).
2024-10-10 11:30:02.930 [info] > git rev-parse --show-toplevel [4ms]
2024-10-10 11:30:02.930 [info] fatal: not a git repository (or any parent up to mount point /)
Stopping at filesystem boundary (GIT_DISCOVERY_ACROSS_FILESYSTEM not set).
