2024-10-10 11:13:05.845 [info] Added views:workbench.panel.markers.view in workbench.panel.markers
2024-10-10 11:13:05.845 [info] Added views:workbench.panel.output in workbench.panel.output
2024-10-10 11:13:05.845 [info] Added views:terminal in terminal
2024-10-10 11:13:05.845 [info] Added views:outline in workbench.view.explorer
2024-10-10 11:13:05.845 [info] Added views:workbench.scm in workbench.view.scm
2024-10-10 11:13:05.845 [info] Added views:workbench.view.search in workbench.view.search
2024-10-10 11:13:05.845 [info] Added views:timeline in workbench.view.explorer
2024-10-10 11:13:05.845 [info] Added views:workbench.explorer.fileView in workbench.view.explorer
2024-10-10 11:13:07.162 [info] Added views:workbench.debug.welcome in workbench.view.debug
2024-10-10 11:13:10.024 [info] Added views:workbench.panel.repl.view in workbench.panel.repl
2024-10-10 11:13:12.069 [info] Added views:workbench.scm.history in workbench.view.scm
2024-10-10 11:13:13.956 [info] Added views:~remote.forwardedPorts in ~remote.forwardedPortsContainer
2024-10-10 11:13:27.987 [info] Removed views:workbench.scm.history from workbench.view.scm
2024-10-10 11:13:29.586 [info] Added views:workbench.panel.markers.view in workbench.panel.markers
2024-10-10 11:13:29.586 [info] Added views:workbench.panel.output in workbench.panel.output
2024-10-10 11:13:29.586 [info] Added views:terminal in terminal
2024-10-10 11:13:29.586 [info] Added views:outline in workbench.view.explorer
2024-10-10 11:13:29.586 [info] Added views:workbench.scm in workbench.view.scm
2024-10-10 11:13:29.586 [info] Added views:workbench.view.search in workbench.view.search
2024-10-10 11:13:29.586 [info] Added views:timeline in workbench.view.explorer
2024-10-10 11:13:29.586 [info] Added views:workbench.explorer.fileView in workbench.view.explorer
2024-10-10 11:13:30.951 [info] Added views:workbench.debug.variablesView,workbench.debug.watchExpressionsView,workbench.debug.callStackView,workbench.debug.breakPointsView in workbench.view.debug
2024-10-10 11:13:31.488 [info] Added views:~remote.forwardedPorts in ~remote.forwardedPortsContainer
2024-10-10 11:13:32.020 [info] Added views:workbench.panel.repl.view in workbench.panel.repl
2024-10-10 11:13:32.022 [info] Removed views:workbench.debug.breakPointsView,workbench.debug.callStackView,workbench.debug.watchExpressionsView,workbench.debug.variablesView from workbench.view.debug
2024-10-10 11:13:32.025 [info] Added views:workbench.debug.welcome in workbench.view.debug
2024-10-10 11:19:58.718 [info] Added views:workbench.views.extensions.installed,workbench.views.extensions.popular,extensions.recommendedList in workbench.view.extensions
2024-10-10 11:19:58.719 [info] Removed views:workbench.views.extensions.popular from workbench.view.extensions
2024-10-10 11:20:03.853 [info] Removed views:extensions.recommendedList,workbench.views.extensions.installed from workbench.view.extensions
2024-10-10 11:20:03.868 [info] Added views:workbench.views.extensions.marketplace in workbench.view.extensions
