2024-10-16 13:18:55.885 [info] Added views:workbench.panel.markers.view in workbench.panel.markers
2024-10-16 13:18:55.886 [info] Added views:workbench.panel.output in workbench.panel.output
2024-10-16 13:18:55.886 [info] Added views:terminal in terminal
2024-10-16 13:18:55.886 [info] Added views:outline in workbench.view.explorer
2024-10-16 13:18:55.886 [info] Added views:workbench.scm in workbench.view.scm
2024-10-16 13:18:55.886 [info] Added views:workbench.view.search in workbench.view.search
2024-10-16 13:18:55.886 [info] Added views:timeline in workbench.view.explorer
2024-10-16 13:18:55.886 [info] Added views:workbench.explorer.emptyView in workbench.view.explorer
2024-10-16 13:18:56.287 [info] Added views:workbench.debug.variablesView,workbench.debug.watchExpressionsView,workbench.debug.callStackView,workbench.debug.breakPointsView in workbench.view.debug
2024-10-16 13:19:01.190 [info] Added views:~remote.forwardedPorts in ~remote.forwardedPortsContainer
2024-10-16 13:19:01.849 [info] Added views:workbench.panel.repl.view in workbench.panel.repl
2024-10-16 13:19:01.853 [info] Removed views:workbench.debug.breakPointsView,workbench.debug.callStackView,workbench.debug.watchExpressionsView,workbench.debug.variablesView from workbench.view.debug
2024-10-16 13:19:01.855 [info] Added views:workbench.debug.welcome in workbench.view.debug
2024-10-16 13:23:50.500 [info] Added views:workbench.panel.markers.view in workbench.panel.markers
2024-10-16 13:23:50.500 [info] Added views:workbench.panel.output in workbench.panel.output
2024-10-16 13:23:50.500 [info] Added views:terminal in terminal
2024-10-16 13:23:50.500 [info] Added views:outline in workbench.view.explorer
2024-10-16 13:23:50.500 [info] Added views:workbench.scm in workbench.view.scm
2024-10-16 13:23:50.500 [info] Added views:workbench.view.search in workbench.view.search
2024-10-16 13:23:50.500 [info] Added views:timeline in workbench.view.explorer
2024-10-16 13:23:50.500 [info] Added views:workbench.explorer.fileView in workbench.view.explorer
2024-10-16 13:23:51.689 [info] Added views:workbench.debug.variablesView,workbench.debug.watchExpressionsView,workbench.debug.callStackView,workbench.debug.breakPointsView in workbench.view.debug
2024-10-16 13:23:53.426 [info] Added views:workbench.panel.repl.view in workbench.panel.repl
2024-10-16 13:23:53.430 [info] Removed views:workbench.debug.breakPointsView,workbench.debug.callStackView,workbench.debug.watchExpressionsView,workbench.debug.variablesView from workbench.view.debug
2024-10-16 13:23:53.432 [info] Added views:workbench.debug.welcome in workbench.view.debug
2024-10-16 13:23:54.380 [info] Added views:workbench.scm.history in workbench.view.scm
2024-10-16 13:23:57.960 [info] Added views:~remote.forwardedPorts in ~remote.forwardedPortsContainer
