2024-10-16 11:03:18.308 [info] Reading sessions from keychain...
2024-10-16 11:03:18.308 [info] Getting sessions for all scopes...
2024-10-16 11:03:18.309 [info] Getting sessions for read:user,repo,user:email,workflow...
2024-10-16 11:03:18.452 [info] Got 0 sessions for ...
2024-10-16 11:03:18.452 [info] Got 0 sessions for read:user,repo,user:email,workflow...
2024-10-16 11:03:19.899 [info] Logging in with 'any' account...
2024-10-16 11:03:19.899 [info] Logging in for the following scopes: read:user repo user:email workflow
2024-10-16 11:03:19.930 [info] Trying device code flow... (read:user repo user:email workflow)
2024-10-16 11:04:14.994 [info] Getting user info...
2024-10-16 11:04:16.004 [info] Got account info!
2024-10-16 11:04:16.005 [info] Storing 1 sessions...
2024-10-16 11:04:16.011 [info] Reading sessions from keychain...
2024-10-16 11:04:16.011 [info] Stored 1 sessions!
2024-10-16 11:04:16.012 [info] Login success!
2024-10-16 11:04:16.167 [info] Got stored sessions!
2024-10-16 11:04:16.167 [info] Got 1 verified sessions.
2024-10-16 11:04:49.795 [info] Reading sessions from keychain...
2024-10-16 11:04:49.795 [info] Getting sessions for all scopes...
2024-10-16 11:04:49.795 [info] Got stored sessions!
2024-10-16 11:04:49.795 [info] Got 1 verified sessions.
2024-10-16 11:04:49.795 [info] Got 1 sessions for ...
2024-10-16 11:04:49.829 [info] Getting sessions for read:user,repo,user:email,workflow...
2024-10-16 11:04:49.829 [info] Got 1 sessions for read:user,repo,user:email,workflow...
2024-10-16 11:04:50.686 [info] Getting sessions for read:user,repo,user:email,workflow...
2024-10-16 11:04:50.686 [info] Got 1 sessions for read:user,repo,user:email,workflow...
