Initializing document watcher...
Document watcher initialized
zip'r/cogs/mod/kick.py: {}
zip'r/cogs/mod/kick.py: {}
zip'r/cogs/mod/kick.py: {}
zip'r/cogs/mod/kick.py: {}
zip'r/cogs/mod/kick.py: {}
zip'r/cogs/mod/kick.py: {}
zip'r/pyproject.toml: {}
zip'r/main.py: {}
zip'r/main.py: {}
zip'r/main.py: Using EditorConfig core...
zip'r/main.py: {}
zip'r/main.py: {}
zip'r/main.py: {}
zip'r/cogs/__init__.py: {}
zip'r/cogs/__init__.py: {}
zip'r/cogs/__init__.py: Using EditorConfig core...
zip'r/.env: {}
zip'r/main.py: {}
zip'r/main.py: Using EditorConfig core...
zip'r/pyproject.toml: {}
zip'r/pyproject.toml: {}
zip'r/pyproject.toml: {}
zip'r/pyproject.toml: {}
zip'r/main.py: {}
zip'r/main.py: {}
zip'r/main.py: {}
zip'r/main.py: {}
zip'r/cogs/mod/kick.py: Using EditorConfig core...
zip'r/main.py: {}
zip'r/main.py: Using EditorConfig core...
zip'r/.env: Using EditorConfig core...
zip'r/main.py: {}
zip'r/main.py: {}
zip'r/main.py: {}
zip'r/main.py: {}
zip'r/main.py: {}
zip'r/main.py: Using EditorConfig core...
zip'r/main.py: {}
zip'r/main.py: {}
zip'r/main.py: {}
zip'r/main.py: {}
zip'r/main.py: {}
zip'r/main.py: {}
zip'r/main.py: {}
zip'r/main.py: {}
zip'r/main.py: {}
zip'r/main.py: {}
zip'r/main.py: {}
zip'r/main.py: {}
zip'r/main.py: {}
zip'r/main.py: {}
zip'r/main.py: {}
zip'r/main.py: {}
zip'r/main.py: {}
