2024-10-09 12:37:08.128 [info] Extension host with pid 16982 started
2024-10-09 12:37:08.128 [info] Skipping acquiring lock for /home/kasene/.config/Code - OSS/User/workspaceStorage/c9e2ad75986d85f4860652b63c47381e.
2024-10-09 12:37:08.405 [info] ExtensionService#_doActivateExtension vscode.emmet, startup: false, activationEvent: 'onLanguage'
2024-10-09 12:37:08.726 [info] ExtensionService#_doActivateExtension vscode.git-base, startup: true, activationEvent: '*', root cause: vscode.git
2024-10-09 12:37:08.799 [info] ExtensionService#_doActivateExtension WakaTime.vscode-wakatime, startup: true, activationEvent: '*'
2024-10-09 12:37:09.092 [info] ExtensionService#_doActivateExtension vscode.git, startup: true, activationEvent: '*'
2024-10-09 12:37:09.290 [info] ExtensionService#_doActivateExtension vscode.github, startup: true, activationEvent: '*'
2024-10-09 12:37:09.768 [info] Eager extensions activated
2024-10-09 12:37:09.839 [info] ExtensionService#_doActivateExtension vscode.debug-auto-launch, startup: false, activationEvent: 'onStartupFinished'
2024-10-09 12:37:09.899 [info] ExtensionService#_doActivateExtension vscode.merge-conflict, startup: false, activationEvent: 'onStartupFinished'
2024-10-09 13:02:43.443 [info] Extension host terminating: renderer closed the MessagePort
2024-10-09 13:02:43.502 [info] Extension host with pid 16982 exiting with code 0
2024-10-09 13:02:47.835 [info] Extension host with pid 21480 started
2024-10-09 13:02:47.835 [info] Skipping acquiring lock for /home/kasene/.config/Code - OSS/User/workspaceStorage/bd246bf85177452366bf8dc0ae3dd525.
2024-10-09 13:02:48.422 [info] ExtensionService#_doActivateExtension vscode.git-base, startup: true, activationEvent: '*', root cause: vscode.git
2024-10-09 13:02:48.432 [info] ExtensionService#_doActivateExtension WakaTime.vscode-wakatime, startup: true, activationEvent: '*'
2024-10-09 13:02:48.557 [info] ExtensionService#_doActivateExtension vscode.emmet, startup: false, activationEvent: 'onLanguage'
2024-10-09 13:02:48.712 [info] ExtensionService#_doActivateExtension vscode.git, startup: true, activationEvent: '*'
2024-10-09 13:02:48.811 [info] ExtensionService#_doActivateExtension vscode.github, startup: true, activationEvent: '*'
2024-10-09 13:02:48.926 [info] Eager extensions activated
2024-10-09 13:02:49.038 [info] ExtensionService#_doActivateExtension vscode.debug-auto-launch, startup: false, activationEvent: 'onStartupFinished'
2024-10-09 13:02:49.066 [info] ExtensionService#_doActivateExtension vscode.merge-conflict, startup: false, activationEvent: 'onStartupFinished'
2024-10-09 13:02:50.261 [error] Error: No such branch: master.
	at N.getBranch (/usr/lib/code/extensions/git/dist/main.js:2:937115)
	at async T.retryRun (/usr/lib/code/extensions/git/dist/main.js:2:1032816)
	at async T.run (/usr/lib/code/extensions/git/dist/main.js:2:1032420)
	at async T.getBranch (/usr/lib/code/extensions/git/dist/main.js:2:1020563)
	at async T.getBranchBase (/usr/lib/code/extensions/git/dist/main.js:2:1020849)
	at async t.GitHistoryProvider.resolveHEADMergeBase (/usr/lib/code/extensions/git/dist/main.js:2:948410)
	at async t.GitHistoryProvider.onDidRunGitStatus (/usr/lib/code/extensions/git/dist/main.js:2:941737)
2024-10-09 13:02:50.309 [error] Error: No such branch: master.
	at N.getBranch (/usr/lib/code/extensions/git/dist/main.js:2:937115)
	at async T.retryRun (/usr/lib/code/extensions/git/dist/main.js:2:1032816)
	at async T.run (/usr/lib/code/extensions/git/dist/main.js:2:1032420)
	at async T.getBranch (/usr/lib/code/extensions/git/dist/main.js:2:1020563)
	at async T.getBranchBase (/usr/lib/code/extensions/git/dist/main.js:2:1020849)
	at async t.GitHistoryProvider.resolveHEADMergeBase (/usr/lib/code/extensions/git/dist/main.js:2:948410)
	at async t.GitHistoryProvider.onDidRunGitStatus (/usr/lib/code/extensions/git/dist/main.js:2:941737)
2024-10-09 13:03:30.335 [error] Error: No such branch: master.
	at N.getBranch (/usr/lib/code/extensions/git/dist/main.js:2:937115)
	at async T.retryRun (/usr/lib/code/extensions/git/dist/main.js:2:1032816)
	at async T.run (/usr/lib/code/extensions/git/dist/main.js:2:1032420)
	at async T.getBranch (/usr/lib/code/extensions/git/dist/main.js:2:1020563)
	at async T.getBranchBase (/usr/lib/code/extensions/git/dist/main.js:2:1020849)
	at async t.GitHistoryProvider.resolveHEADMergeBase (/usr/lib/code/extensions/git/dist/main.js:2:948410)
	at async t.GitHistoryProvider.onDidRunGitStatus (/usr/lib/code/extensions/git/dist/main.js:2:941737)
2024-10-09 13:03:31.430 [error] Error: No such branch: master.
	at N.getBranch (/usr/lib/code/extensions/git/dist/main.js:2:937115)
	at async T.retryRun (/usr/lib/code/extensions/git/dist/main.js:2:1032816)
	at async T.run (/usr/lib/code/extensions/git/dist/main.js:2:1032420)
	at async T.getBranch (/usr/lib/code/extensions/git/dist/main.js:2:1020563)
	at async T.getBranchBase (/usr/lib/code/extensions/git/dist/main.js:2:1020849)
	at async t.GitHistoryProvider.resolveHEADMergeBase (/usr/lib/code/extensions/git/dist/main.js:2:948410)
	at async t.GitHistoryProvider.onDidRunGitStatus (/usr/lib/code/extensions/git/dist/main.js:2:941737)
2024-10-09 13:03:31.533 [error] Error: No such branch: master.
	at N.getBranch (/usr/lib/code/extensions/git/dist/main.js:2:937115)
	at async T.retryRun (/usr/lib/code/extensions/git/dist/main.js:2:1032816)
	at async T.run (/usr/lib/code/extensions/git/dist/main.js:2:1032420)
	at async T.getBranch (/usr/lib/code/extensions/git/dist/main.js:2:1020563)
	at async T.getBranchBase (/usr/lib/code/extensions/git/dist/main.js:2:1020849)
	at async t.GitHistoryProvider.resolveHEADMergeBase (/usr/lib/code/extensions/git/dist/main.js:2:948410)
	at async t.GitHistoryProvider.onDidRunGitStatus (/usr/lib/code/extensions/git/dist/main.js:2:941737)
2024-10-09 13:03:35.598 [error] Error: No such branch: master.
	at N.getBranch (/usr/lib/code/extensions/git/dist/main.js:2:937115)
	at async T.retryRun (/usr/lib/code/extensions/git/dist/main.js:2:1032816)
	at async T.run (/usr/lib/code/extensions/git/dist/main.js:2:1032420)
	at async T.getBranch (/usr/lib/code/extensions/git/dist/main.js:2:1020563)
	at async T.getBranchBase (/usr/lib/code/extensions/git/dist/main.js:2:1020849)
	at async t.GitHistoryProvider.resolveHEADMergeBase (/usr/lib/code/extensions/git/dist/main.js:2:948410)
	at async t.GitHistoryProvider.onDidRunGitStatus (/usr/lib/code/extensions/git/dist/main.js:2:941737)
2024-10-09 13:03:38.898 [error] Error: No such branch: master.
	at N.getBranch (/usr/lib/code/extensions/git/dist/main.js:2:937115)
	at async T.retryRun (/usr/lib/code/extensions/git/dist/main.js:2:1032816)
	at async T.run (/usr/lib/code/extensions/git/dist/main.js:2:1032420)
	at async T.getBranch (/usr/lib/code/extensions/git/dist/main.js:2:1020563)
	at async T.getBranchBase (/usr/lib/code/extensions/git/dist/main.js:2:1020849)
	at async t.GitHistoryProvider.resolveHEADMergeBase (/usr/lib/code/extensions/git/dist/main.js:2:948410)
	at async t.GitHistoryProvider.onDidRunGitStatus (/usr/lib/code/extensions/git/dist/main.js:2:941737)
2024-10-09 13:03:43.946 [error] Error: No such branch: master.
	at N.getBranch (/usr/lib/code/extensions/git/dist/main.js:2:937115)
	at async T.retryRun (/usr/lib/code/extensions/git/dist/main.js:2:1032816)
	at async T.run (/usr/lib/code/extensions/git/dist/main.js:2:1032420)
	at async T.getBranch (/usr/lib/code/extensions/git/dist/main.js:2:1020563)
	at async T.getBranchBase (/usr/lib/code/extensions/git/dist/main.js:2:1020849)
	at async t.GitHistoryProvider.resolveHEADMergeBase (/usr/lib/code/extensions/git/dist/main.js:2:948410)
	at async t.GitHistoryProvider.onDidRunGitStatus (/usr/lib/code/extensions/git/dist/main.js:2:941737)
2024-10-09 13:03:45.559 [error] Error: No such branch: master.
	at N.getBranch (/usr/lib/code/extensions/git/dist/main.js:2:937115)
	at async T.retryRun (/usr/lib/code/extensions/git/dist/main.js:2:1032816)
	at async T.run (/usr/lib/code/extensions/git/dist/main.js:2:1032420)
	at async T.getBranch (/usr/lib/code/extensions/git/dist/main.js:2:1020563)
	at async T.getBranchBase (/usr/lib/code/extensions/git/dist/main.js:2:1020849)
	at async t.GitHistoryProvider.resolveHEADMergeBase (/usr/lib/code/extensions/git/dist/main.js:2:948410)
	at async t.GitHistoryProvider.onDidRunGitStatus (/usr/lib/code/extensions/git/dist/main.js:2:941737)
2024-10-09 13:04:04.511 [error] Error: No such branch: master.
	at N.getBranch (/usr/lib/code/extensions/git/dist/main.js:2:937115)
	at async T.retryRun (/usr/lib/code/extensions/git/dist/main.js:2:1032816)
	at async T.run (/usr/lib/code/extensions/git/dist/main.js:2:1032420)
	at async T.getBranch (/usr/lib/code/extensions/git/dist/main.js:2:1020563)
	at async T.getBranchBase (/usr/lib/code/extensions/git/dist/main.js:2:1020849)
	at async t.GitHistoryProvider.resolveHEADMergeBase (/usr/lib/code/extensions/git/dist/main.js:2:948410)
	at async t.GitHistoryProvider.onDidRunGitStatus (/usr/lib/code/extensions/git/dist/main.js:2:941737)
2024-10-09 13:04:12.908 [error] Error: No such branch: master.
	at N.getBranch (/usr/lib/code/extensions/git/dist/main.js:2:937115)
	at async T.retryRun (/usr/lib/code/extensions/git/dist/main.js:2:1032816)
	at async T.run (/usr/lib/code/extensions/git/dist/main.js:2:1032420)
	at async T.getBranch (/usr/lib/code/extensions/git/dist/main.js:2:1020563)
	at async T.getBranchBase (/usr/lib/code/extensions/git/dist/main.js:2:1020849)
	at async t.GitHistoryProvider.resolveHEADMergeBase (/usr/lib/code/extensions/git/dist/main.js:2:948410)
	at async t.GitHistoryProvider.onDidRunGitStatus (/usr/lib/code/extensions/git/dist/main.js:2:941737)
2024-10-09 21:56:07.995 [info] Extension host terminating: renderer closed the MessagePort
2024-10-09 21:56:09.574 [error] Canceled: Canceled
	at new D (/usr/lib/code/out/vs/workbench/api/node/extensionHostProcess.js:151:35235)
	at y.U (/usr/lib/code/out/vs/workbench/api/node/extensionHostProcess.js:158:6005)
	at V.<computed>.F.charCodeAt.A.CharCode.DollarSign.V.<computed> (/usr/lib/code/out/vs/workbench/api/node/extensionHostProcess.js:158:3107)
	at h.g (/usr/lib/code/out/vs/workbench/api/node/extensionHostProcess.js:161:210015)
	at h.executeCommand (/usr/lib/code/out/vs/workbench/api/node/extensionHostProcess.js:161:209453)
	at C.registerCommand.description (/usr/lib/code/out/vs/workbench/api/node/extensionHostProcess.js:161:208777)
	at h (/usr/lib/code/out/vs/workbench/api/node/extensionHostProcess.js:161:210554)
	at h.g (/usr/lib/code/out/vs/workbench/api/node/extensionHostProcess.js:161:209546)
	at h.executeCommand (/usr/lib/code/out/vs/workbench/api/node/extensionHostProcess.js:161:209453)
	at Object.executeCommand (/usr/lib/code/out/vs/workbench/api/node/extensionHostProcess.js:171:30683)
	at i.O [as value] (/usr/lib/code/extensions/git/dist/main.js:2:952009)
	at r.B (/usr/lib/code/out/vs/workbench/api/node/extensionHostProcess.js:90:732)
	at r.C (/usr/lib/code/out/vs/workbench/api/node/extensionHostProcess.js:90:802)
	at r.fire (/usr/lib/code/out/vs/workbench/api/node/extensionHostProcess.js:90:1018)
	at Object.p [as dispose] (/usr/lib/code/extensions/git/dist/main.js:2:972587)
	at /usr/lib/code/extensions/git/dist/main.js:2:978709
	at Array.forEach (<anonymous>)
	at f.dispose (/usr/lib/code/extensions/git/dist/main.js:2:978695)
	at o.<anonymous> (/usr/lib/code/out/vs/workbench/api/node/extensionHostProcess.js:159:4176)
	at o.dispose (/usr/lib/code/out/vs/workbench/api/node/extensionHostProcess.js:159:4273)
	at o.<anonymous> (/usr/lib/code/extensions/git/dist/main.js:2:954307)
	at o.dispose (/usr/lib/code/out/vs/workbench/api/node/extensionHostProcess.js:159:4273)
	at $ (/usr/lib/code/out/vs/workbench/api/node/extensionHostProcess.js:30:744)
	at /usr/lib/code/out/vs/workbench/api/node/extensionHostProcess.js:167:13607
	at /usr/lib/code/out/vs/workbench/api/node/extensionHostProcess.js:30:1112
	at Object.dispose (/usr/lib/code/out/vs/workbench/api/node/extensionHostProcess.js:11:11463)
	at m.eb (/usr/lib/code/out/vs/workbench/api/node/extensionHostProcess.js:167:10282)
	at /usr/lib/code/out/vs/workbench/api/node/extensionHostProcess.js:167:8153
	at Array.map (<anonymous>)
	at m.$ (/usr/lib/code/out/vs/workbench/api/node/extensionHostProcess.js:167:8140)
	at m.terminate (/usr/lib/code/out/vs/workbench/api/node/extensionHostProcess.js:167:8413)
	at $.terminate (/usr/lib/code/out/vs/workbench/api/node/extensionHostProcess.js:171:1513)
	at n (/usr/lib/code/out/vs/workbench/api/node/extensionHostProcess.js:184:10613)
	at MessagePortMain.<anonymous> (/usr/lib/code/out/vs/workbench/api/node/extensionHostProcess.js:184:6805)
	at MessagePortMain.emit (node:events:519:28)
	at MessagePortMain._internalPort.emit (node:electron/js2c/utility_init:2:2619) setContext undefined
2024-10-09 21:56:09.645 [error] Canceled: Canceled
	at new D (/usr/lib/code/out/vs/workbench/api/node/extensionHostProcess.js:151:35235)
	at y.U (/usr/lib/code/out/vs/workbench/api/node/extensionHostProcess.js:158:6005)
	at V.<computed>.F.charCodeAt.A.CharCode.DollarSign.V.<computed> (/usr/lib/code/out/vs/workbench/api/node/extensionHostProcess.js:158:3107)
	at h.g (/usr/lib/code/out/vs/workbench/api/node/extensionHostProcess.js:161:210015)
	at h.executeCommand (/usr/lib/code/out/vs/workbench/api/node/extensionHostProcess.js:161:209453)
	at C.registerCommand.description (/usr/lib/code/out/vs/workbench/api/node/extensionHostProcess.js:161:208777)
	at h (/usr/lib/code/out/vs/workbench/api/node/extensionHostProcess.js:161:210554)
	at h.g (/usr/lib/code/out/vs/workbench/api/node/extensionHostProcess.js:161:209546)
	at h.executeCommand (/usr/lib/code/out/vs/workbench/api/node/extensionHostProcess.js:161:209453)
	at Object.executeCommand (/usr/lib/code/out/vs/workbench/api/node/extensionHostProcess.js:171:30683)
	at set hasGitHubRepositories (/usr/lib/code/extensions/github/dist/extension.js:2:322969)
	at /usr/lib/code/extensions/github/dist/extension.js:2:323928
	at i.value (/usr/lib/code/extensions/git/dist/main.js:2:1060944)
	at r.B (/usr/lib/code/out/vs/workbench/api/node/extensionHostProcess.js:90:732)
	at r.C (/usr/lib/code/out/vs/workbench/api/node/extensionHostProcess.js:90:802)
	at r.fire (/usr/lib/code/out/vs/workbench/api/node/extensionHostProcess.js:90:1018)
	at Object.p [as dispose] (/usr/lib/code/extensions/git/dist/main.js:2:972587)
	at /usr/lib/code/extensions/git/dist/main.js:2:978709
	at Array.forEach (<anonymous>)
	at f.dispose (/usr/lib/code/extensions/git/dist/main.js:2:978695)
	at o.<anonymous> (/usr/lib/code/out/vs/workbench/api/node/extensionHostProcess.js:159:4176)
	at o.dispose (/usr/lib/code/out/vs/workbench/api/node/extensionHostProcess.js:159:4273)
	at o.<anonymous> (/usr/lib/code/extensions/git/dist/main.js:2:954307)
	at o.dispose (/usr/lib/code/out/vs/workbench/api/node/extensionHostProcess.js:159:4273)
	at $ (/usr/lib/code/out/vs/workbench/api/node/extensionHostProcess.js:30:744)
	at /usr/lib/code/out/vs/workbench/api/node/extensionHostProcess.js:167:13607
	at /usr/lib/code/out/vs/workbench/api/node/extensionHostProcess.js:30:1112
	at Object.dispose (/usr/lib/code/out/vs/workbench/api/node/extensionHostProcess.js:11:11463)
	at m.eb (/usr/lib/code/out/vs/workbench/api/node/extensionHostProcess.js:167:10282)
	at /usr/lib/code/out/vs/workbench/api/node/extensionHostProcess.js:167:8153
	at Array.map (<anonymous>)
	at m.$ (/usr/lib/code/out/vs/workbench/api/node/extensionHostProcess.js:167:8140)
	at m.terminate (/usr/lib/code/out/vs/workbench/api/node/extensionHostProcess.js:167:8413)
	at $.terminate (/usr/lib/code/out/vs/workbench/api/node/extensionHostProcess.js:171:1513)
	at n (/usr/lib/code/out/vs/workbench/api/node/extensionHostProcess.js:184:10613)
	at MessagePortMain.<anonymous> (/usr/lib/code/out/vs/workbench/api/node/extensionHostProcess.js:184:6805)
	at MessagePortMain.emit (node:events:519:28)
	at MessagePortMain._internalPort.emit (node:electron/js2c/utility_init:2:2619) setContext undefined
2024-10-09 21:56:09.650 [info] Extension host with pid 21480 exiting with code 0
