2024-10-16 13:03:19.750 [info] [main] Log level: Info
2024-10-16 13:03:19.750 [info] [main] Validating found git in: "git"
2024-10-16 13:03:19.750 [info] [main] Using git "2.46.2" from "git"
2024-10-16 13:03:19.750 [info] [Model][doInitialScan] Initial repository scan started
2024-10-16 13:03:19.750 [info] [Model][doInitialScan] Initial repository scan completed - repositories (0), closed repositories (0), parent repositories (0), unsafe repositories (0)
2024-10-16 13:04:03.896 [info] [main] Log level: Info
2024-10-16 13:04:03.896 [info] [main] Validating found git in: "git"
2024-10-16 13:04:03.896 [info] [main] Using git "2.46.2" from "git"
2024-10-16 13:04:03.896 [info] [Model][doInitialScan] Initial repository scan started
2024-10-16 13:04:03.949 [info] > git rev-parse --show-toplevel [50ms]
2024-10-16 13:04:03.949 [info] fatal: not a git repository (or any parent up to mount point /)
Stopping at filesystem boundary (GIT_DISCOVERY_ACROSS_FILESYSTEM not set).
2024-10-16 13:04:03.950 [info] [Model][doInitialScan] Initial repository scan completed - repositories (0), closed repositories (0), parent repositories (0), unsafe repositories (0)
2024-10-16 13:04:04.188 [info] > git rev-parse --show-toplevel [11ms]
2024-10-16 13:04:04.188 [info] fatal: not a git repository (or any parent up to mount point /)
Stopping at filesystem boundary (GIT_DISCOVERY_ACROSS_FILESYSTEM not set).
2024-10-16 13:04:04.202 [info] > git rev-parse --show-toplevel [4ms]
2024-10-16 13:04:04.202 [info] fatal: not a git repository (or any parent up to mount point /)
Stopping at filesystem boundary (GIT_DISCOVERY_ACROSS_FILESYSTEM not set).
2024-10-16 13:04:04.265 [info] > git rev-parse --show-toplevel [3ms]
2024-10-16 13:04:04.265 [info] fatal: not a git repository (or any parent up to mount point /)
Stopping at filesystem boundary (GIT_DISCOVERY_ACROSS_FILESYSTEM not set).
2024-10-16 13:04:06.568 [info] > git rev-parse --show-toplevel [3ms]
2024-10-16 13:04:06.568 [info] fatal: not a git repository (or any parent up to mount point /)
Stopping at filesystem boundary (GIT_DISCOVERY_ACROSS_FILESYSTEM not set).
2024-10-16 13:04:35.812 [info] > git rev-parse --show-toplevel [3ms]
2024-10-16 13:04:35.813 [info] fatal: not a git repository (or any parent up to mount point /)
Stopping at filesystem boundary (GIT_DISCOVERY_ACROSS_FILESYSTEM not set).
