Mono path[0] = '/home/kasene/.local/share/Steam/steamapps/common/A Dance of Fire and Ice/ADanceOfFireAndIce_Data/Managed'
Mono config path = '/home/kasene/.local/share/Steam/steamapps/common/A Dance of Fire and Ice/ADanceOfFireAndIce_Data/MonoBleedingEdge/etc'
Preloaded 'discord_game_sdk.so'
Preloaded 'libStandaloneFileBrowser.so'
Preloaded 'libadofaipulse.so'
Preloaded 'libskyhook.so'
Preloaded 'libsteam_api.so'
Display 0 'eDP-1 13"': 1920x1080 (primary device).
[PhysX] Initialized MultithreadedTaskDispatcher with 4 workers.
Desktop is 1920 x 1080 @ 60 Hz
Initialize engine version: 2022.3.33f1 (b2c853adf198)
[Subsystems] Discovering subsystems at path /home/kasene/.local/share/Steam/steamapps/common/A Dance of Fire and Ice/ADanceOfFireAndIce_Data/UnitySubsystems
GfxDevice: creating device client; threaded=1; jobified=0
Renderer: Mesa Intel(R) HD Graphics 515 (SKL GT2)
Vendor:   Intel
Version:  4.6 (Core Profile) Mesa 24.2.3-arch1.1
GLES:     0
 GL_3DFX_texture_compression_FXT1 GL_AMD_conservative_depth GL_AMD_depth_clamp_separate GL_AMD_draw_buffers_blend GL_AMD_gpu_shader_int64 GL_AMD_multi_draw_indirect GL_AMD_performance_monitor GL_AMD_pinned_memory GL_AMD_query_buffer_object GL_AMD_seamless_cubemap_per_texture GL_AMD_shader_stencil_export GL_AMD_shader_trinary_minmax GL_AMD_texture_texture4 GL_AMD_vertex_shader_layer GL_AMD_vertex_shader_viewport_index GL_ANGLE_texture_compression_dxt3 GL_ANGLE_texture_compression_dxt5 GL_ARB_ES2_compatibility GL_ARB_ES3_1_compatibility GL_ARB_ES3_2_compatibility GL_ARB_ES3_compatibility GL_ARB_arrays_of_arrays GL_ARB_base_instance GL_ARB_blend_func_extended GL_ARB_buffer_storage GL_ARB_clear_buffer_object GL_ARB_clear_texture GL_ARB_clip_control GL_ARB_compressed_texture_pixel_storage GL_ARB_compute_shader GL_ARB_compute_variable_group_size GL_ARB_conditional_render_inverted GL_ARB_conservative_depth GL_ARB_copy_buffer GL_ARB_copy_image GL_ARB_cull_distance GL_ARB_debug_output GL_ARB_depth_buffer_float GL_ARB
_depth_clamp GL_ARB_derivative_control GL_ARB_direct_state_access GL_ARB_draw_buffers GL_ARB_draw_buffers_blend GL_ARB_draw_elements_base_vertex GL_ARB_draw_indirect GL_ARB_draw_instanced GL_ARB_enhanced_layouts GL_ARB_explicit_attrib_location GL_ARB_explicit_uniform_location GL_ARB_fragment_coord_conventions GL_ARB_fragment_layer_viewport GL_ARB_fragment_shader GL_ARB_fragment_shader_interlock GL_ARB_framebuffer_no_attachments GL_ARB_framebuffer_object GL_ARB_framebuffer_sRGB GL_ARB_get_program_binary GL_ARB_get_texture_sub_image GL_ARB_gl_spirv GL_ARB_gpu_shader5 GL_ARB_gpu_shader_fp64 GL_ARB_gpu_shader_int64 GL_ARB_half_float_pixel GL_ARB_half_float_vertex GL_ARB_indirect_parameters GL_ARB_instanced_arrays GL_ARB_internalformat_query GL_ARB_internalformat_query2 GL_ARB_invalidate_subdata GL_ARB_map_buffer_alignment GL_ARB_map_buffer_range GL_ARB_multi_bind GL_ARB_multi_draw_indirect GL_ARB_occlusion_query2 GL_ARB_parallel_shader_compile GL_ARB_pipeline_statistics_query GL_ARB_pixel_buffer_object GL_ARB_po
int_sprite GL_ARB_polygon_offset_clamp GL_ARB_post_depth_coverage GL_ARB_program_interface_query GL_ARB_provoking_vertex GL_ARB_query_buffer_object GL_ARB_robust_buffer_access_behavior GL_ARB_robustness GL_ARB_sample_shading GL_ARB_sampler_objects GL_ARB_seamless_cube_map GL_ARB_seamless_cubemap_per_texture GL_ARB_separate_shader_objects GL_ARB_shader_atomic_counter_ops GL_ARB_shader_atomic_counters GL_ARB_shader_ballot GL_ARB_shader_bit_encoding GL_ARB_shader_clock GL_ARB_shader_draw_parameters GL_ARB_shader_group_vote GL_ARB_shader_image_load_store GL_ARB_shader_image_size GL_ARB_shader_objects GL_ARB_shader_precision GL_ARB_shader_stencil_export GL_ARB_shader_storage_buffer_object GL_ARB_shader_subroutine GL_ARB_shader_texture_image_samples GL_ARB_shader_texture_lod GL_ARB_shader_viewport_layer_array GL_ARB_shading_language_420pack GL_ARB_shading_language_include GL_ARB_shading_language_packing GL_ARB_spirv_extensions GL_ARB_stencil_texturing GL_ARB_sync GL_ARB_tessellation_shader GL_ARB_texture_barrier G
L_ARB_texture_border_clamp GL_ARB_texture_buffer_object GL_ARB_texture_buffer_object_rgb32 GL_ARB_texture_buffer_range GL_ARB_texture_compression_bptc GL_ARB_texture_compression_rgtc GL_ARB_texture_cube_map_array GL_ARB_texture_filter_anisotropic GL_ARB_texture_float GL_ARB_texture_gather GL_ARB_texture_mirror_clamp_to_edge GL_ARB_texture_multisample GL_ARB_texture_non_power_of_two GL_ARB_texture_query_levels GL_ARB_texture_query_lod GL_ARB_texture_rectangle GL_ARB_texture_rg GL_ARB_texture_rgb10_a2ui GL_ARB_texture_stencil8 GL_ARB_texture_storage GL_ARB_texture_storage_multisample GL_ARB_texture_swizzle GL_ARB_texture_view GL_ARB_timer_query GL_ARB_transform_feedback2 GL_ARB_transform_feedback3 GL_ARB_transform_feedback_instanced GL_ARB_transform_feedback_overflow_query GL_ARB_uniform_buffer_object GL_ARB_vertex_array_bgra GL_ARB_vertex_array_object GL_ARB_vertex_attrib_64bit GL_ARB_vertex_attrib_binding GL_ARB_vertex_buffer_object GL_ARB_vertex_shader GL_ARB_vertex_type_10f_11f_11f_rev GL_ARB_vertex_type_2
_10_10_10_rev GL_ARB_viewport_array GL_ATI_blend_equation_separate GL_ATI_texture_float GL_EXT_EGL_image_storage GL_EXT_EGL_image_storage_compression GL_EXT_EGL_sync GL_EXT_abgr GL_EXT_blend_equation_separate GL_EXT_debug_label GL_EXT_demote_to_helper_invocation GL_EXT_draw_buffers2 GL_EXT_draw_instanced GL_EXT_framebuffer_blit GL_EXT_framebuffer_multisample GL_EXT_framebuffer_multisample_blit_scaled GL_EXT_framebuffer_object GL_EXT_framebuffer_sRGB GL_EXT_memory_object GL_EXT_memory_object_fd GL_EXT_packed_depth_stencil GL_EXT_packed_float GL_EXT_pixel_buffer_object GL_EXT_polygon_offset_clamp GL_EXT_provoking_vertex GL_EXT_semaphore GL_EXT_semaphore_fd GL_EXT_shader_framebuffer_fetch GL_EXT_shader_framebuffer_fetch_non_coherent GL_EXT_shader_integer_mix GL_EXT_shader_samples_identical GL_EXT_texture_array GL_EXT_texture_compression_dxt1 GL_EXT_texture_compression_rgtc GL_EXT_texture_compression_s3tc GL_EXT_texture_filter_anisotropic GL_EXT_texture_integer GL_EXT_texture_sRGB GL_EXT_texture_sRGB_R8 GL_EXT_t
exture_sRGB_decode GL_EXT_texture_shadow_lod GL_EXT_texture_shared_exponent GL_EXT_texture_snorm GL_EXT_texture_storage GL_EXT_texture_swizzle GL_EXT_timer_query GL_EXT_transform_feedback GL_EXT_vertex_array_bgra GL_EXT_vertex_attrib_64bit GL_IBM_multimode_draw_arrays GL_INTEL_blackhole_render GL_INTEL_conservative_rasterization GL_INTEL_performance_query GL_INTEL_shader_atomic_float_minmax GL_INTEL_shader_integer_functions2 GL_KHR_blend_equation_advanced GL_KHR_blend_equation_advanced_coherent GL_KHR_context_flush_control GL_KHR_debug GL_KHR_no_error GL_KHR_parallel_shader_compile GL_KHR_robust_buffer_access_behavior GL_KHR_robustness GL_KHR_texture_compression_astc_ldr GL_KHR_texture_compression_astc_sliced_3d GL_MESA_framebuffer_flip_y GL_MESA_pack_invert GL_MESA_shader_integer_functions GL_MESA_texture_const_bandwidth GL_MESA_texture_signed_rgba GL_NV_alpha_to_coverage_dither_control GL_NV_compute_shader_derivatives GL_NV_conditional_render GL_NV_copy_image GL_NV_depth_clamp GL_NV_fragment_shader_interlo
ck GL_NV_packed_depth_stencil GL_NV_texture_barrier GL_OES_EGL_image GL_S3_s3tc
OPENGL LOG: Creating OpenGL 4.6 graphics device ; Context level  <OpenGL 4.5> ; Context handle 873581840
Begin MonoManager ReloadAssembly
- Loaded All Assemblies, in  0.337 seconds
- Finished resetting the current domain, in  0.003 seconds
Default vsync count 0
requesting resize 960 x 540
requesting fullscreen 960 x 540 at 0/1 Hz
Setting up downscaled viewport at 960 x 540
Desktop is 1920 x 1080 @ 60 Hz
[PhysX] Initialized MultithreadedTaskDispatcher with 4 workers.
UnloadTime: 1.627636 ms
GetPlatform
Setting platform to Linux.
DetermineAppLocation
Platform: Linux
isInSteamLibrary: True
SetBuildDateAndCommit
Version r123, (0a4e966, 2024/08/29 4:14 PM)
SetLocale
LoadSaveData
FixResolution
SetupLevelEventsInfo
SetSettings
ForceResolutionOnLofi
LoadCalibration
LoadAssetBundle
SetupSfxHandler
GetSteamBranch
[S_API] SteamAPI_Init(): Loaded '/home/kasene/.local/share/Steam/linux64/steamclient.so' OK.
Setting breakpad minidump AppID = 977950
SteamInternal_SetMinidumpSteamID:  Caching Steam ID:  76561199115826830 [API loaded no]
Has license for 1977570: True
CheckIfTaroDLCIsInstalled
runtimePath /home/kasene/.local/share/Steam/steamapps/common/A Dance of Fire and Ice/NeoCosmos, bundleFolder StandaloneLinux64, dlcBundleName neocosmos_scenes_all.bundle
= bundlePath /home/kasene/.local/share/Steam/steamapps/common/A Dance of Fire and Ice/NeoCosmos/StandaloneLinux64/neocosmos_scenes_all.bundle
Has Neo Cosmos: True
SetNeoCosmosBuildCommit
NeoCosmos Build Commit 0a4e966
BuildCommits: Game = 0a4e966, NeoCosmos = 0a4e966
Neo Cosmos: owns True, has True
Setup Discord
Initializing Discord: InternalError
Discord was not initialized: Discord.ResultException: InternalError
  at Discord.Discord..ctor (System.Int64 clientId, System.UInt64 flags) [0x00343] in <9f15f15cca3f47eca142a95e47b6d83a>:0 
  at DiscordController.OnEnable () [0x0001f] in <55fce2444c7846f6a71b617320231172>:0 
Give Steam Achievements
Rewired Init
RDInput Setup
Setup Audio Settings
Curl error 6: Could not resolve host: config.uca.cloud.unity3d.com
<color=green>ADOStartup done!</color>
Go to Menu
Curl error 6: Could not resolve host: cdp.cloud.unity3d.com
Unloading 7 Unused Serialized files (Serialized files now loaded: 1)
[PhysX] Initialized MultithreadedTaskDispatcher with 4 workers.
UnloadTime: 6.736709 ms
Unloading 14 unused Assets to reduce memory usage. Loaded Objects now: 34709.
Total: 46.189948 ms (FindLiveObjects: 4.356496 ms CreateObjectMapping: 1.783664 ms MarkObjects: 39.936623 ms  DeleteObjects: 0.112280 ms)

0:3(12): error: extension `GL_OVR_multiview2' unsupported in vertex shader

Note: Creation of internal variant of shader 'GUI/Text Shader' failed.
0:3(12): error: extension `GL_OVR_multiview2' unsupported in vertex shader

Note: Creation of internal variant of shader 'Hidden/InternalErrorShader' failed.
Shader warmup: 119 shaders 1163 combinations 1.460s
<color=#0099bc><b>DOTWEEN ► </b></color>Max Tweens reached: capacity has automatically been increased from 500/50 to 1250/50. Use DOTween.SetTweensCapacity to set it manually at startup
skipping audio break checking. detected delta time: 5.412217
Curl error 6: Could not resolve host: cdp.cloud.unity3d.com
Curl error 6: Could not resolve host: cdp.cloud.unity3d.com
skipping audio break checking. detected delta time: 0.5636122
generate settings!
Unloading 5 Unused Serialized files (Serialized files now loaded: 1)
[PhysX] Initialized MultithreadedTaskDispatcher with 4 workers.
UnloadTime: 113.815668 ms
Unloading 344 unused Assets to reduce memory usage. Loaded Objects now: 9940.
Total: 31.162975 ms (FindLiveObjects: 0.652468 ms CreateObjectMapping: 0.702617 ms MarkObjects: 26.548185 ms  DeleteObjects: 3.258846 ms)

Curl error 6: Could not resolve host: cdp.cloud.unity3d.com
Unloading 5 Unused Serialized files (Serialized files now loaded: 1)
[PhysX] Initialized MultithreadedTaskDispatcher with 4 workers.
UnloadTime: 1.196659 ms
Unloading 506 unused Assets to reduce memory usage. Loaded Objects now: 34760.
Total: 56.785785 ms (FindLiveObjects: 4.262104 ms CreateObjectMapping: 1.418344 ms MarkObjects: 49.755920 ms  DeleteObjects: 1.348503 ms)

Shader warmup: 120 shaders 1162 combinations 0.054s
skipping audio break checking. detected delta time: 1.358964
Unloading 5 Unused Serialized files (Serialized files now loaded: 1)
[PhysX] Initialized MultithreadedTaskDispatcher with 4 workers.
UnloadTime: 57.571072 ms
Unloading 326 unused Assets to reduce memory usage. Loaded Objects now: 9916.
Total: 32.041090 ms (FindLiveObjects: 0.671312 ms CreateObjectMapping: 0.803075 ms MarkObjects: 27.591320 ms  DeleteObjects: 2.974473 ms)

Unloading 1 Unused Serialized files (Serialized files now loaded: 120)
[PhysX] Initialized MultithreadedTaskDispatcher with 4 workers.
UnloadTime: 0.705842 ms
Unloading 59 unused Assets to reduce memory usage. Loaded Objects now: 48956.
Total: 68.434519 ms (FindLiveObjects: 6.346614 ms CreateObjectMapping: 2.025399 ms MarkObjects: 50.344386 ms  DeleteObjects: 9.716803 ms)

Shader warmup: 148 shaders 1308 combinations 0.214s
<color=#0099bc><b>DOTWEEN ► </b></color>Tween startup failed (NULL target/property - UnityEngine.Color <DOColor>b__0()): the tween will now be killed ► Object reference not set to an instance of an object
<color=#0099bc><b>DOTWEEN ► </b></color>Max Tweens reached: capacity has automatically been increased from 1250/50 to 1250/125. Use DOTween.SetTweensCapacity to set it manually at startup
Unloading 5 Unused Serialized files (Serialized files now loaded: 120)
[PhysX] Initialized MultithreadedTaskDispatcher with 4 workers.
UnloadTime: 64.754449 ms
Unloading 599 unused Assets to reduce memory usage. Loaded Objects now: 11338.
Total: 59.544509 ms (FindLiveObjects: 0.879903 ms CreateObjectMapping: 0.863621 ms MarkObjects: 52.473936 ms  DeleteObjects: 5.326377 ms)

Unloading 1 Unused Serialized files (Serialized files now loaded: 120)
[PhysX] Initialized MultithreadedTaskDispatcher with 4 workers.
UnloadTime: 0.713285 ms
Shader warmup: 186 shaders 1346 combinations 0.233s
Unloading 47 unused Assets to reduce memory usage. Loaded Objects now: 50833.
Total: 91.446224 ms (FindLiveObjects: 6.034621 ms CreateObjectMapping: 2.596344 ms MarkObjects: 73.060365 ms  DeleteObjects: 9.753957 ms)

<color=#0099bc><b>DOTWEEN ► </b></color>Tween startup failed (NULL target/property - ): the tween will now be killed ► 
<color=#0099bc><b>DOTWEEN ► </b></color>Tween startup failed (NULL target/property - ): the tween will now be killed ► 
<color=#0099bc><b>DOTWEEN ► </b></color>Tween startup failed (NULL target/property - ): the tween will now be killed ► 
<color=#0099bc><b>DOTWEEN ► </b></color>Tween startup failed (NULL target/property - ): the tween will now be killed ► 
<color=#0099bc><b>DOTWEEN ► </b></color>Tween startup failed (NULL target/property - UnityEngine.Color <DOColor>b__0()): the tween will now be killed ► Object reference not set to an instance of an object
<color=#0099bc><b>DOTWEEN ► </b></color>An error inside a tween callback was taken care of () ► 

  at (wrapper managed-to-native) UnityEngine.Behaviour.set_enabled(UnityEngine.Behaviour,bool)
  at DivineIntervention.<FadeAllCover>b__143_0 () [0x00000] in <55fce2444c7846f6a71b617320231172>:0 
  at DG.Tweening.Tween.OnTweenCallback (DG.Tweening.TweenCallback callback, DG.Tweening.Tween t) [0x00007] in <5ddb5fa70dfe40d2818192400111b9ec>:0 

Unloading 5 Unused Serialized files (Serialized files now loaded: 120)
[PhysX] Initialized MultithreadedTaskDispatcher with 4 workers.
UnloadTime: 396.009124 ms
Unloading 1570 unused Assets to reduce memory usage. Loaded Objects now: 11382.
Total: 56.460111 ms (FindLiveObjects: 1.018668 ms CreateObjectMapping: 0.916030 ms MarkObjects: 45.902628 ms  DeleteObjects: 8.622075 ms)

<color=#0099bc><b>DOTWEEN ► </b></color>Tween startup failed (NULL target/property - ): the tween will now be killed ► 
<color=#0099bc><b>DOTWEEN ► </b></color>Tween startup failed (NULL target/property - ): the tween will now be killed ► 
<color=#0099bc><b>DOTWEEN ► </b></color>Tween startup failed (NULL target/property - ): the tween will now be killed ► 
<color=#0099bc><b>DOTWEEN ► </b></color>Tween startup failed (NULL target/property - ): the tween will now be killed ► 
<color=#0099bc><b>DOTWEEN ► </b></color>An error inside a tween callback was taken care of () ► 

  at (wrapper managed-to-native) UnityEngine.Behaviour.set_enabled(UnityEngine.Behaviour,bool)
  at DivineIntervention.<FadeAllCover>b__143_0 () [0x00000] in <55fce2444c7846f6a71b617320231172>:0 
  at DG.Tweening.Tween.OnTweenCallback (DG.Tweening.TweenCallback callback, DG.Tweening.Tween t) [0x00007] in <5ddb5fa70dfe40d2818192400111b9ec>:0 

Unloading 1 Unused Serialized files (Serialized files now loaded: 120)
[PhysX] Initialized MultithreadedTaskDispatcher with 4 workers.
UnloadTime: 0.558357 ms
Shader warmup: 186 shaders 1346 combinations 0.164s
<color=#0099bc><b>DOTWEEN ► </b></color>Tween startup failed (NULL target/property - UnityEngine.Color <DOColor>b__0()): the tween will now be killed ► Object reference not set to an instance of an object
Unloading 1018 unused Assets to reduce memory usage. Loaded Objects now: 49906.
Total: 62.766115 ms (FindLiveObjects: 5.791837 ms CreateObjectMapping: 1.574428 ms MarkObjects: 44.267100 ms  DeleteObjects: 11.131741 ms)

Curl error 6: Could not resolve host: cdp.cloud.unity3d.com
Unloading 5 Unused Serialized files (Serialized files now loaded: 120)
[PhysX] Initialized MultithreadedTaskDispatcher with 4 workers.
UnloadTime: 52.460520 ms
Unloading 612 unused Assets to reduce memory usage. Loaded Objects now: 11420.
Total: 53.442547 ms (FindLiveObjects: 0.944305 ms CreateObjectMapping: 0.920163 ms MarkObjects: 45.011553 ms  DeleteObjects: 6.565810 ms)

<color=#0099bc><b>DOTWEEN ► </b></color>Tween startup failed (NULL target/property - ): the tween will now be killed ► 
<color=#0099bc><b>DOTWEEN ► </b></color>Tween startup failed (NULL target/property - ): the tween will now be killed ► 
<color=#0099bc><b>DOTWEEN ► </b></color>Tween startup failed (NULL target/property - ): the tween will now be killed ► 
<color=#0099bc><b>DOTWEEN ► </b></color>Tween startup failed (NULL target/property - ): the tween will now be killed ► 
<color=#0099bc><b>DOTWEEN ► </b></color>An error inside a tween callback was taken care of () ► 

  at (wrapper managed-to-native) UnityEngine.Behaviour.set_enabled(UnityEngine.Behaviour,bool)
  at DivineIntervention.<FadeAllCover>b__143_0 () [0x00000] in <55fce2444c7846f6a71b617320231172>:0 
  at DG.Tweening.Tween.OnTweenCallback (DG.Tweening.TweenCallback callback, DG.Tweening.Tween t) [0x00007] in <5ddb5fa70dfe40d2818192400111b9ec>:0 

Unloading 1 Unused Serialized files (Serialized files now loaded: 120)
[PhysX] Initialized MultithreadedTaskDispatcher with 4 workers.
UnloadTime: 0.732395 ms
Shader warmup: 186 shaders 1346 combinations 0.152s
<color=#0099bc><b>DOTWEEN ► </b></color>Tween startup failed (NULL target/property - UnityEngine.Color <DOColor>b__0()): the tween will now be killed ► Object reference not set to an instance of an object
Unloading 1018 unused Assets to reduce memory usage. Loaded Objects now: 49944.
Total: 74.214340 ms (FindLiveObjects: 5.656353 ms CreateObjectMapping: 1.643620 ms MarkObjects: 54.010182 ms  DeleteObjects: 12.903405 ms)

Unloading 5 Unused Serialized files (Serialized files now loaded: 120)
[PhysX] Initialized MultithreadedTaskDispatcher with 4 workers.
UnloadTime: 55.159901 ms
Unloading 604 unused Assets to reduce memory usage. Loaded Objects now: 11458.
Total: 52.698368 ms (FindLiveObjects: 0.853860 ms CreateObjectMapping: 0.813083 ms MarkObjects: 45.599387 ms  DeleteObjects: 5.431418 ms)

<color=#0099bc><b>DOTWEEN ► </b></color>Tween startup failed (NULL target/property - ): the tween will now be killed ► 
<color=#0099bc><b>DOTWEEN ► </b></color>Tween startup failed (NULL target/property - ): the tween will now be killed ► 
<color=#0099bc><b>DOTWEEN ► </b></color>Tween startup failed (NULL target/property - ): the tween will now be killed ► 
<color=#0099bc><b>DOTWEEN ► </b></color>Tween startup failed (NULL target/property - ): the tween will now be killed ► 
<color=#0099bc><b>DOTWEEN ► </b></color>An error inside a tween callback was taken care of () ► 

  at (wrapper managed-to-native) UnityEngine.Behaviour.set_enabled(UnityEngine.Behaviour,bool)
  at DivineIntervention.<FadeAllCover>b__143_0 () [0x00000] in <55fce2444c7846f6a71b617320231172>:0 
  at DG.Tweening.Tween.OnTweenCallback (DG.Tweening.TweenCallback callback, DG.Tweening.Tween t) [0x00007] in <5ddb5fa70dfe40d2818192400111b9ec>:0 

Unloading 1 Unused Serialized files (Serialized files now loaded: 120)
[PhysX] Initialized MultithreadedTaskDispatcher with 4 workers.
UnloadTime: 0.637046 ms
Shader warmup: 186 shaders 1346 combinations 0.167s
<color=#0099bc><b>DOTWEEN ► </b></color>Tween startup failed (NULL target/property - UnityEngine.Color <DOColor>b__0()): the tween will now be killed ► Object reference not set to an instance of an object
Unloading 1018 unused Assets to reduce memory usage. Loaded Objects now: 49982.
Total: 66.494628 ms (FindLiveObjects: 5.969630 ms CreateObjectMapping: 1.645471 ms MarkObjects: 46.421085 ms  DeleteObjects: 12.457518 ms)

Unloading 5 Unused Serialized files (Serialized files now loaded: 120)
[PhysX] Initialized MultithreadedTaskDispatcher with 4 workers.
UnloadTime: 506.040497 ms
Unloading 613 unused Assets to reduce memory usage. Loaded Objects now: 11497.
Total: 51.220726 ms (FindLiveObjects: 1.008552 ms CreateObjectMapping: 0.844160 ms MarkObjects: 44.295904 ms  DeleteObjects: 5.071558 ms)

<color=#0099bc><b>DOTWEEN ► </b></color>Tween startup failed (NULL target/property - ): the tween will now be killed ► 
<color=#0099bc><b>DOTWEEN ► </b></color>Tween startup failed (NULL target/property - ): the tween will now be killed ► 
<color=#0099bc><b>DOTWEEN ► </b></color>Tween startup failed (NULL target/property - ): the tween will now be killed ► 
<color=#0099bc><b>DOTWEEN ► </b></color>Tween startup failed (NULL target/property - ): the tween will now be killed ► 
<color=#0099bc><b>DOTWEEN ► </b></color>An error inside a tween callback was taken care of () ► 

  at (wrapper managed-to-native) UnityEngine.Behaviour.set_enabled(UnityEngine.Behaviour,bool)
  at DivineIntervention.<FadeAllCover>b__143_0 () [0x00000] in <55fce2444c7846f6a71b617320231172>:0 
  at DG.Tweening.Tween.OnTweenCallback (DG.Tweening.TweenCallback callback, DG.Tweening.Tween t) [0x00007] in <5ddb5fa70dfe40d2818192400111b9ec>:0 

Unloading 1 Unused Serialized files (Serialized files now loaded: 120)
[PhysX] Initialized MultithreadedTaskDispatcher with 4 workers.
UnloadTime: 0.887871 ms
Shader warmup: 186 shaders 1346 combinations 0.181s
<color=#0099bc><b>DOTWEEN ► </b></color>Tween startup failed (NULL target/property - UnityEngine.Color <DOColor>b__0()): the tween will now be killed ► Object reference not set to an instance of an object
Unloading 1019 unused Assets to reduce memory usage. Loaded Objects now: 50020.
Total: 76.835349 ms (FindLiveObjects: 7.399399 ms CreateObjectMapping: 2.182011 ms MarkObjects: 52.779590 ms  DeleteObjects: 14.473409 ms)

Unloading 5 Unused Serialized files (Serialized files now loaded: 120)
[PhysX] Initialized MultithreadedTaskDispatcher with 4 workers.
UnloadTime: 50.163715 ms
Unloading 612 unused Assets to reduce memory usage. Loaded Objects now: 11535.
Total: 53.376580 ms (FindLiveObjects: 0.905011 ms CreateObjectMapping: 0.881371 ms MarkObjects: 46.032342 ms  DeleteObjects: 5.557120 ms)

<color=#0099bc><b>DOTWEEN ► </b></color>Tween startup failed (NULL target/property - ): the tween will now be killed ► 
<color=#0099bc><b>DOTWEEN ► </b></color>Tween startup failed (NULL target/property - ): the tween will now be killed ► 
<color=#0099bc><b>DOTWEEN ► </b></color>Tween startup failed (NULL target/property - ): the tween will now be killed ► 
<color=#0099bc><b>DOTWEEN ► </b></color>Tween startup failed (NULL target/property - ): the tween will now be killed ► 
<color=#0099bc><b>DOTWEEN ► </b></color>An error inside a tween callback was taken care of () ► 

  at (wrapper managed-to-native) UnityEngine.Behaviour.set_enabled(UnityEngine.Behaviour,bool)
  at DivineIntervention.<FadeAllCover>b__143_0 () [0x00000] in <55fce2444c7846f6a71b617320231172>:0 
  at DG.Tweening.Tween.OnTweenCallback (DG.Tweening.TweenCallback callback, DG.Tweening.Tween t) [0x00007] in <5ddb5fa70dfe40d2818192400111b9ec>:0 

Unloading 1 Unused Serialized files (Serialized files now loaded: 120)
[PhysX] Initialized MultithreadedTaskDispatcher with 4 workers.
UnloadTime: 0.798700 ms
Shader warmup: 186 shaders 1346 combinations 0.150s
<color=#0099bc><b>DOTWEEN ► </b></color>Tween startup failed (NULL target/property - UnityEngine.Color <DOColor>b__0()): the tween will now be killed ► Object reference not set to an instance of an object
Unloading 1019 unused Assets to reduce memory usage. Loaded Objects now: 50058.
Total: 64.110093 ms (FindLiveObjects: 4.882910 ms CreateObjectMapping: 1.538855 ms MarkObjects: 46.197004 ms  DeleteObjects: 11.490509 ms)

Unloading 5 Unused Serialized files (Serialized files now loaded: 120)
[PhysX] Initialized MultithreadedTaskDispatcher with 4 workers.
UnloadTime: 54.076499 ms
Unloading 597 unused Assets to reduce memory usage. Loaded Objects now: 11566.
Total: 53.502632 ms (FindLiveObjects: 0.839306 ms CreateObjectMapping: 0.807670 ms MarkObjects: 45.798284 ms  DeleteObjects: 6.056717 ms)

Unloading 1 Unused Serialized files (Serialized files now loaded: 120)
[PhysX] Initialized MultithreadedTaskDispatcher with 4 workers.
UnloadTime: 0.467293 ms
Unloading 565 unused Assets to reduce memory usage. Loaded Objects now: 27816.
Total: 65.356024 ms (FindLiveObjects: 2.652558 ms CreateObjectMapping: 1.587120 ms MarkObjects: 54.289358 ms  DeleteObjects: 6.826448 ms)

Shader warmup: 144 shaders 1262 combinations 0.109s
<color=#0099bc><b>DOTWEEN ► </b></color>Target or field is missing/null () ► 

  at (wrapper managed-to-native) UnityEngine.Behaviour.get_isActiveAndEnabled(UnityEngine.Behaviour)
  at UnityEngine.EventSystems.UIBehaviour.IsActive () [0x00000] in <8ea009e7c67e455d826cae679ff9b2ec>:0 
  at UnityEngine.UI.Graphic.SetVerticesDirty () [0x00000] in <8ea009e7c67e455d826cae679ff9b2ec>:0 
  at UnityEngine.UI.Graphic.set_color (UnityEngine.Color value) [0x0000e] in <8ea009e7c67e455d826cae679ff9b2ec>:0 
  at DG.Tweening.DOTweenModuleUI+<>c__DisplayClass3_0.<DOColor>b__1 (UnityEngine.Color x) [0x00000] in <9f15f15cca3f47eca142a95e47b6d83a>:0 
  at DG.Tweening.Plugins.ColorPlugin.EvaluateAndApply (DG.Tweening.Plugins.Options.ColorOptions options, DG.Tweening.Tween t, System.Boolean isRelative, DG.Tweening.Core.DOGetter`1[T] getter, DG.Tweening.Core.DOSetter`1[T] setter, System.Single elapsed, UnityEngine.Color startValue, UnityEngine.Color changeValue, System.Single duration, System.Boolean usingInversePosition, System.Int32 newCompletedSteps, DG.Tweening.Core.Enums.UpdateNotice updateNotice) [0x00112] in <5ddb5fa70dfe40d2818192400111b9ec>:0 
  at DG.Tweening.Core.TweenerCore`3[T1,T2,TPlugOptions].ApplyTween (System.Single prevPosition, System.Int32 prevCompletedLoops, System.Int32 newCompletedSteps, System.Boolean useInversePosition, DG.Tweening.Core.Enums.UpdateMode updateMode, DG.Tweening.Core.Enums.UpdateNotice updateNotice) [0x00043] in <5ddb5fa70dfe40d2818192400111b9ec>:0 

<color=#0099bc><b>DOTWEEN ► </b></color>Tween startup failed (NULL target/property - ): the tween will now be killed ► 
<color=#0099bc><b>DOTWEEN ► </b></color>Tween startup failed (NULL target/property - ): the tween will now be killed ► 
<color=#0099bc><b>DOTWEEN ► </b></color>Tween startup failed (NULL target/property - ): the tween will now be killed ► 
<color=#0099bc><b>DOTWEEN ► </b></color>Tween startup failed (NULL target/property - ): the tween will now be killed ► 
<color=#0099bc><b>DOTWEEN ► </b></color>Tween startup failed (NULL target/property - UnityEngine.Color <DOColor>b__0()): the tween will now be killed ► Object reference not set to an instance of an object
Curl error 6: Could not resolve host: cdp.cloud.unity3d.com
Unloading 5 Unused Serialized files (Serialized files now loaded: 120)
[PhysX] Initialized MultithreadedTaskDispatcher with 4 workers.
UnloadTime: 106.900451 ms
Unloading 1539 unused Assets to reduce memory usage. Loaded Objects now: 9999.
Total: 48.697969 ms (FindLiveObjects: 1.273114 ms CreateObjectMapping: 1.111825 ms MarkObjects: 35.507836 ms  DeleteObjects: 10.803857 ms)

Unloading 1 Unused Serialized files (Serialized files now loaded: 120)
[PhysX] Initialized MultithreadedTaskDispatcher with 4 workers.
UnloadTime: 0.746307 ms
Shader warmup: 181 shaders 1334 combinations 0.185s
Unloading 45 unused Assets to reduce memory usage. Loaded Objects now: 35913.
Total: 60.812013 ms (FindLiveObjects: 4.789743 ms CreateObjectMapping: 1.245070 ms MarkObjects: 52.882290 ms  DeleteObjects: 1.894160 ms)

Unloading 5 Unused Serialized files (Serialized files now loaded: 120)
[PhysX] Initialized MultithreadedTaskDispatcher with 4 workers.
UnloadTime: 112.539940 ms
Unloading 369 unused Assets to reduce memory usage. Loaded Objects now: 11070.
Total: 46.868324 ms (FindLiveObjects: 0.854091 ms CreateObjectMapping: 0.885687 ms MarkObjects: 36.516165 ms  DeleteObjects: 8.611684 ms)

Unloading 1 Unused Serialized files (Serialized files now loaded: 120)
[PhysX] Initialized MultithreadedTaskDispatcher with 4 workers.
UnloadTime: 0.627735 ms
Shader warmup: 181 shaders 1334 combinations 0.174s
Unloading 680 unused Assets to reduce memory usage. Loaded Objects now: 36152.
Total: 51.906867 ms (FindLiveObjects: 3.940031 ms CreateObjectMapping: 1.438857 ms MarkObjects: 41.415329 ms  DeleteObjects: 5.111829 ms)

Unloading 5 Unused Serialized files (Serialized files now loaded: 120)
[PhysX] Initialized MultithreadedTaskDispatcher with 4 workers.
UnloadTime: 81.557263 ms
Unloading 372 unused Assets to reduce memory usage. Loaded Objects now: 11108.
Total: 44.183152 ms (FindLiveObjects: 0.824209 ms CreateObjectMapping: 0.745468 ms MarkObjects: 36.673834 ms  DeleteObjects: 5.938947 ms)

Unloading 1 Unused Serialized files (Serialized files now loaded: 120)
[PhysX] Initialized MultithreadedTaskDispatcher with 4 workers.
UnloadTime: 0.665265 ms
Shader warmup: 182 shaders 1300 combinations 0.118s
Unloading 802 unused Assets to reduce memory usage. Loaded Objects now: 28405.
Total: 65.664247 ms (FindLiveObjects: 2.778059 ms CreateObjectMapping: 1.285561 ms MarkObjects: 57.364819 ms  DeleteObjects: 4.234802 ms)

<color=#0099bc><b>DOTWEEN ► </b></color>Tween startup failed (NULL target/property - UnityEngine.Color <DOColor>b__0()): the tween will now be killed ► Object reference not set to an instance of an object
Unloading 5 Unused Serialized files (Serialized files now loaded: 120)
[PhysX] Initialized MultithreadedTaskDispatcher with 4 workers.
UnloadTime: 75.591813 ms
Unloading 568 unused Assets to reduce memory usage. Loaded Objects now: 10403.
Total: 43.447136 ms (FindLiveObjects: 0.727144 ms CreateObjectMapping: 0.679386 ms MarkObjects: 36.182076 ms  DeleteObjects: 5.857588 ms)

The referenced script on this Behaviour (Game Object 'Minigame Text') is missing!
Unloading 1 Unused Serialized files (Serialized files now loaded: 120)
[PhysX] Initialized MultithreadedTaskDispatcher with 4 workers.
UnloadTime: 0.674366 ms
Shader warmup: 184 shaders 1291 combinations 0.126s
Unloading 47 unused Assets to reduce memory usage. Loaded Objects now: 56957.
Total: 70.243789 ms (FindLiveObjects: 6.370733 ms CreateObjectMapping: 3.580527 ms MarkObjects: 56.242746 ms  DeleteObjects: 4.048878 ms)

Unloading 5 Unused Serialized files (Serialized files now loaded: 120)
[PhysX] Initialized MultithreadedTaskDispatcher with 4 workers.
UnloadTime: 250.741064 ms
Unloading 639 unused Assets to reduce memory usage. Loaded Objects now: 12195.
Total: 66.254748 ms (FindLiveObjects: 0.894174 ms CreateObjectMapping: 0.861079 ms MarkObjects: 53.452434 ms  DeleteObjects: 11.046427 ms)

<color=#0099bc><b>DOTWEEN ► </b></color>An error inside a tween callback was taken care of () ► 

  at (wrapper managed-to-native) UnityEngine.Behaviour.set_enabled(UnityEngine.Behaviour,bool)
  at Mawaru.<FadeAllCover>b__41_0 () [0x00000] in <55fce2444c7846f6a71b617320231172>:0 
  at DG.Tweening.Tween.OnTweenCallback (DG.Tweening.TweenCallback callback, DG.Tweening.Tween t) [0x00007] in <5ddb5fa70dfe40d2818192400111b9ec>:0 

The referenced script on this Behaviour (Game Object 'Minigame Text') is missing!
Unloading 1 Unused Serialized files (Serialized files now loaded: 120)
[PhysX] Initialized MultithreadedTaskDispatcher with 4 workers.
UnloadTime: 0.602286 ms
Shader warmup: 184 shaders 1291 combinations 0.116s
Unloading 1220 unused Assets to reduce memory usage. Loaded Objects now: 56993.
Total: 61.695814 ms (FindLiveObjects: 6.053720 ms CreateObjectMapping: 1.943301 ms MarkObjects: 46.056224 ms  DeleteObjects: 7.641697 ms)

IPC function call IClientHTTP::ReleaseHTTPRequest took too long: 51 msec
<color=#ff7337><color=#0099bc><b>DOTWEEN ► </b></color> SAFE MODE ►</color> DOTween's safe mode captured 45 errors. This is usually ok (it's what safe mode is there for) but if your game is encountering issues you should set Log Behaviour to Default in DOTween Utility Panel in order to get detailed warnings when an error is captured (consider that these errors are always on the user side).
- 1 missing target or field errors
- 37 startup errors
- 7 errors inside callbacks (these might be important)
Memory Statistics:
[ALLOC_TEMP_TLS] TLS Allocator
  StackAllocators : 
    [ALLOC_TEMP_MAIN]
      Peak usage frame count: [0-1.0 KB]: 70 frames, [2.0 KB-4.0 KB]: 173 frames, [4.0 KB-8.0 KB]: 11990 frames, [8.0 KB-16.0 KB]: 3 frames, [16.0 KB-32.0 KB]: 1044 frames, [32.0 KB-64.0 KB]: 31 frames, [64.0 KB-128.0 KB]: 27 frames, [256.0 KB-0.5 MB]: 4170 frames, [0.5 MB-1.0 MB]: 2 frames, [1.0 MB-2.0 MB]: 10 frames, [2.0 MB-4.0 MB]: 14 frames, [4.0 MB-8.0 MB]: 2 frames
      Initial Block Size 4.0 MB
      Current Block Size 5.2 MB
      Peak Allocated Bytes 5.2 MB
      Overflow Count 0
    [ALLOC_TEMP_Loading.AsyncRead]
      Initial Block Size 64.0 KB
      Current Block Size 64.0 KB
      Peak Allocated Bytes 176 B
      Overflow Count 0
    [ALLOC_TEMP_Loading.PreloadManager]
      Initial Block Size 256.0 KB
      Current Block Size 0.5 MB
      Peak Allocated Bytes 500.3 KB
      Overflow Count 2318
    [ALLOC_TEMP_Background Job.Worker 8]
      Initial Block Size 32.0 KB
      Current Block Size 32.0 KB
      Peak Allocated Bytes 0 B
      Overflow Count 0
    [ALLOC_TEMP_Background Job.Worker 9]
      Initial Block Size 32.0 KB
      Current Block Size 32.0 KB
      Peak Allocated Bytes 0 B
      Overflow Count 0
    [ALLOC_TEMP_Job.Worker 0]
      Initial Block Size 256.0 KB
      Current Block Size 268.0 KB
      Peak Allocated Bytes 131.0 KB
      Overflow Count 0
    [ALLOC_TEMP_Background Job.Worker 10]
      Initial Block Size 32.0 KB
      Current Block Size 32.0 KB
      Peak Allocated Bytes 0 B
      Overflow Count 0
    [ALLOC_TEMP_Background Job.Worker 14]
      Initial Block Size 32.0 KB
      Current Block Size 32.0 KB
      Peak Allocated Bytes 0 B
      Overflow Count 0
    [ALLOC_TEMP_Background Job.Worker 6]
      Initial Block Size 32.0 KB
      Current Block Size 32.0 KB
      Peak Allocated Bytes 0 B
      Overflow Count 0
    [ALLOC_TEMP_Background Job.Worker 12]
      Initial Block Size 32.0 KB
      Current Block Size 32.0 KB
      Peak Allocated Bytes 0 B
      Overflow Count 0
    [ALLOC_TEMP_EnlightenWorker] x 2
      Initial Block Size 64.0 KB
      Current Block Size 64.0 KB
      Peak Allocated Bytes 0 B
      Overflow Count 0
    [ALLOC_TEMP_Background Job.Worker 15]
      Initial Block Size 32.0 KB
      Current Block Size 32.0 KB
      Peak Allocated Bytes 0 B
      Overflow Count 0
    [ALLOC_TEMP_Background Job.Worker 1]
      Initial Block Size 32.0 KB
      Current Block Size 32.0 KB
      Peak Allocated Bytes 16.8 KB
      Overflow Count 1
    [ALLOC_TEMP_Background Job.Worker 2]
      Initial Block Size 32.0 KB
      Current Block Size 32.0 KB
      Peak Allocated Bytes 168 B
      Overflow Count 0
    [ALLOC_TEMP_Background Job.Worker 7]
      Initial Block Size 32.0 KB
      Current Block Size 32.0 KB
      Peak Allocated Bytes 0 B
      Overflow Count 0
    [ALLOC_TEMP_UnityGfxDeviceWorker]
      Initial Block Size 256.0 KB
      Current Block Size 256.0 KB
      Peak Allocated Bytes 50.9 KB
      Overflow Count 0
    [ALLOC_TEMP_AssetGarbageCollectorHelper] x 3
      Initial Block Size 64.0 KB
      Current Block Size 64.0 KB
      Peak Allocated Bytes 0 B
      Overflow Count 0
    [ALLOC_TEMP_Background Job.Worker 5]
      Initial Block Size 32.0 KB
      Current Block Size 32.0 KB
      Peak Allocated Bytes 0 B
      Overflow Count 0
    [ALLOC_TEMP_Background Job.Worker 13]
      Initial Block Size 32.0 KB
      Current Block Size 32.0 KB
      Peak Allocated Bytes 0 B
      Overflow Count 0
    [ALLOC_TEMP_Job.Worker 1]
      Initial Block Size 256.0 KB
      Current Block Size 268.0 KB
      Peak Allocated Bytes 131.2 KB
      Overflow Count 0
    [ALLOC_TEMP_Job.Worker 2]
      Initial Block Size 256.0 KB
      Current Block Size 268.0 KB
      Peak Allocated Bytes 131.2 KB
      Overflow Count 0
    [ALLOC_TEMP_Background Job.Worker 3]
      Initial Block Size 32.0 KB
      Current Block Size 32.0 KB
      Peak Allocated Bytes 168 B
      Overflow Count 0
    [ALLOC_TEMP_Background Job.Worker 11]
      Initial Block Size 32.0 KB
      Current Block Size 32.0 KB
      Peak Allocated Bytes 0 B
      Overflow Count 0
    [ALLOC_TEMP_Background Job.Worker 0]
      Initial Block Size 32.0 KB
      Current Block Size 32.0 KB
      Peak Allocated Bytes 0 B
      Overflow Count 0
    [ALLOC_TEMP_CloudJob.Worker 0]
      Initial Block Size 32.0 KB
      Current Block Size 32.0 KB
      Peak Allocated Bytes 12.4 KB
      Overflow Count 0
    [ALLOC_TEMP_Background Job.Worker 4]
      Initial Block Size 32.0 KB
      Current Block Size 32.0 KB
      Peak Allocated Bytes 0 B
      Overflow Count 0
    [ALLOC_TEMP_BatchDeleteObjects]
      Initial Block Size 64.0 KB
      Current Block Size 64.0 KB
      Peak Allocated Bytes 0 B
      Overflow Count 0
[ALLOC_DEFAULT] Dual Thread Allocator
  Peak main deferred allocation count 59288
    [ALLOC_BUCKET]
      Large Block size 4.0 MB
      Used Block count 1
      Peak Allocated bytes 4.0 MB
      Failed Allocations. Bucket layout:
        16B: 13 Subsections = 13312 buckets. Failed count: 720972
        32B: 28 Subsections = 14336 buckets. Failed count: 425622
        48B: 36 Subsections = 12288 buckets. Failed count: 1046106
        64B: 86 Subsections = 22016 buckets. Failed count: 3972720
        80B: 44 Subsections = 9011 buckets. Failed count: 86143
        96B: 12 Subsections = 2048 buckets. Failed count: 99780
        112B: 15 Subsections = 2194 buckets. Failed count: 5657
        128B: 22 Subsections = 2816 buckets. Failed count: 124989
    [ALLOC_DEFAULT_MAIN]
      Peak usage frame count: [32.0 MB-64.0 MB]: 13 frames, [64.0 MB-128.0 MB]: 17523 frames
      Requested Block Size 16.0 MB
      Peak Block count 7
      Peak Allocated memory 98.5 MB
      Peak Large allocation bytes 24.0 MB
    [ALLOC_DEFAULT_THREAD]
      Peak usage frame count: [4.0 MB-8.0 MB]: 13 frames, [8.0 MB-16.0 MB]: 1259 frames, [16.0 MB-32.0 MB]: 2745 frames, [32.0 MB-64.0 MB]: 9732 frames, [64.0 MB-128.0 MB]: 3787 frames
      Requested Block Size 16.0 MB
      Peak Block count 3
      Peak Allocated memory 113.6 MB
      Peak Large allocation bytes 91.4 MB
[ALLOC_TEMP_JOB_1_FRAME]
  Initial Block Size 2.0 MB
  Used Block Count 0
  Overflow Count (too large) 0
  Overflow Count (full) 0
[ALLOC_TEMP_JOB_2_FRAMES]
  Initial Block Size 2.0 MB
  Used Block Count 0
  Overflow Count (too large) 0
  Overflow Count (full) 0
[ALLOC_TEMP_JOB_4_FRAMES (JobTemp)]
  Initial Block Size 2.0 MB
  Used Block Count 1
  Overflow Count (too large) 0
  Overflow Count (full) 0
[ALLOC_TEMP_JOB_ASYNC (Background)]
  Initial Block Size 1.0 MB
  Used Block Count 1
  Overflow Count (too large) 0
  Overflow Count (full) 0
[ALLOC_GFX] Dual Thread Allocator
  Peak main deferred allocation count 27
    [ALLOC_BUCKET]
      Large Block size 4.0 MB
      Used Block count 1
      Peak Allocated bytes 4.0 MB
      Failed Allocations. Bucket layout:
        16B: 13 Subsections = 13312 buckets. Failed count: 720972
        32B: 28 Subsections = 14336 buckets. Failed count: 425622
        48B: 36 Subsections = 12288 buckets. Failed count: 1046106
        64B: 86 Subsections = 22016 buckets. Failed count: 3972720
        80B: 44 Subsections = 9011 buckets. Failed count: 86143
        96B: 12 Subsections = 2048 buckets. Failed count: 99780
        112B: 15 Subsections = 2194 buckets. Failed count: 5657
        128B: 22 Subsections = 2816 buckets. Failed count: 124989
    [ALLOC_GFX_MAIN]
      Peak usage frame count: [1.0 MB-2.0 MB]: 13 frames, [2.0 MB-4.0 MB]: 1467 frames, [4.0 MB-8.0 MB]: 16046 frames, [8.0 MB-16.0 MB]: 10 frames
      Requested Block Size 16.0 MB
      Peak Block count 1
      Peak Allocated memory 9.7 MB
      Peak Large allocation bytes 0 B
    [ALLOC_GFX_THREAD]
      Peak usage frame count: [4.0 KB-8.0 KB]: 13 frames, [32.0 KB-64.0 KB]: 1170 frames, [64.0 KB-128.0 KB]: 7 frames, [0.5 MB-1.0 MB]: 1 frames, [1.0 MB-2.0 MB]: 3205 frames, [2.0 MB-4.0 MB]: 1434 frames, [4.0 MB-8.0 MB]: 11706 frames
      Requested Block Size 16.0 MB
      Peak Block count 1
      Peak Allocated memory 4.5 MB
      Peak Large allocation bytes 0 B
[ALLOC_CACHEOBJECTS] Dual Thread Allocator
  Peak main deferred allocation count 2728
    [ALLOC_BUCKET]
      Large Block size 4.0 MB
      Used Block count 1
      Peak Allocated bytes 4.0 MB
      Failed Allocations. Bucket layout:
        16B: 13 Subsections = 13312 buckets. Failed count: 720972
        32B: 28 Subsections = 14336 buckets. Failed count: 425622
        48B: 36 Subsections = 12288 buckets. Failed count: 1046106
        64B: 86 Subsections = 22016 buckets. Failed count: 3972720
        80B: 44 Subsections = 9011 buckets. Failed count: 86143
        96B: 12 Subsections = 2048 buckets. Failed count: 99780
        112B: 15 Subsections = 2194 buckets. Failed count: 5657
        128B: 22 Subsections = 2816 buckets. Failed count: 124989
    [ALLOC_CACHEOBJECTS_MAIN]
      Peak usage frame count: [16.0 MB-32.0 MB]: 17536 frames
      Requested Block Size 4.0 MB
      Peak Block count 5
      Peak Allocated memory 27.4 MB
      Peak Large allocation bytes 8.9 MB
    [ALLOC_CACHEOBJECTS_THREAD]
      Peak usage frame count: [32.0 MB-64.0 MB]: 2529 frames, [64.0 MB-128.0 MB]: 14850 frames, [128.0 MB-256.0 MB]: 157 frames
      Requested Block Size 4.0 MB
      Peak Block count 14
      Peak Allocated memory 139.0 MB
      Peak Large allocation bytes 104.0 MB
[ALLOC_TYPETREE] Dual Thread Allocator
  Peak main deferred allocation count 2
    [ALLOC_BUCKET]
      Large Block size 4.0 MB
      Used Block count 1
      Peak Allocated bytes 4.0 MB
      Failed Allocations. Bucket layout:
        16B: 13 Subsections = 13312 buckets. Failed count: 720972
        32B: 28 Subsections = 14336 buckets. Failed count: 425622
        48B: 36 Subsections = 12288 buckets. Failed count: 1046106
        64B: 86 Subsections = 22016 buckets. Failed count: 3972720
        80B: 44 Subsections = 9011 buckets. Failed count: 86143
        96B: 12 Subsections = 2048 buckets. Failed count: 99780
        112B: 15 Subsections = 2194 buckets. Failed count: 5657
        128B: 22 Subsections = 2816 buckets. Failed count: 124989
    [ALLOC_TYPETREE_MAIN]
      Peak usage frame count: [256.0 KB-0.5 MB]: 17536 frames
      Requested Block Size 2.0 MB
      Peak Block count 1
      Peak Allocated memory 366.6 KB
      Peak Large allocation bytes 0 B
    [ALLOC_TYPETREE_THREAD]
      Peak usage frame count: [8.0 KB-16.0 KB]: 2430 frames, [0.5 MB-1.0 MB]: 8 frames, [1.0 MB-2.0 MB]: 5 frames, [2.0 MB-4.0 MB]: 13 frames, [4.0 MB-8.0 MB]: 12 frames, [8.0 MB-16.0 MB]: 41 frames, [16.0 MB-32.0 MB]: 15027 frames
      Requested Block Size 2.0 MB
      Peak Block count 14
      Peak Allocated memory 24.2 MB
      Peak Large allocation bytes 0 B
