Mono path[0] = '/home/kasene/.local/share/Steam/steamapps/common/A Dance of Fire and Ice/ADanceOfFireAndIce_Data/Managed'
Mono config path = '/home/kasene/.local/share/Steam/steamapps/common/A Dance of Fire and Ice/ADanceOfFireAndIce_Data/MonoBleedingEdge/etc'
Preloaded 'discord_game_sdk.so'
Preloaded 'libStandaloneFileBrowser.so'
Preloaded 'libadofaipulse.so'
Preloaded 'libskyhook.so'
Preloaded 'libsteam_api.so'
Display 0 'eDP-1 13"': 1920x1080 (primary device).
[PhysX] Initialized MultithreadedTaskDispatcher with 4 workers.
Unable to load player prefs
Desktop is 1920 x 1080 @ 60 Hz
Initialize engine version: 2022.3.33f1 (b2c853adf198)
[Subsystems] Discovering subsystems at path /home/kasene/.local/share/Steam/steamapps/common/A Dance of Fire and Ice/ADanceOfFireAndIce_Data/UnitySubsystems
GfxDevice: creating device client; threaded=1; jobified=0
Renderer: Mesa Intel(R) HD Graphics 515 (SKL GT2)
Vendor:   Intel
Version:  4.6 (Core Profile) Mesa 24.2.3-arch1.1
GLES:     0
 GL_3DFX_texture_compression_FXT1 GL_AMD_conservative_depth GL_AMD_depth_clamp_separate GL_AMD_draw_buffers_blend GL_AMD_gpu_shader_int64 GL_AMD_multi_draw_indirect GL_AMD_performance_monitor GL_AMD_pinned_memory GL_AMD_query_buffer_object GL_AMD_seamless_cubemap_per_texture GL_AMD_shader_stencil_export GL_AMD_shader_trinary_minmax GL_AMD_texture_texture4 GL_AMD_vertex_shader_layer GL_AMD_vertex_shader_viewport_index GL_ANGLE_texture_compression_dxt3 GL_ANGLE_texture_compression_dxt5 GL_ARB_ES2_compatibility GL_ARB_ES3_1_compatibility GL_ARB_ES3_2_compatibility GL_ARB_ES3_compatibility GL_ARB_arrays_of_arrays GL_ARB_base_instance GL_ARB_blend_func_extended GL_ARB_buffer_storage GL_ARB_clear_buffer_object GL_ARB_clear_texture GL_ARB_clip_control GL_ARB_compressed_texture_pixel_storage GL_ARB_compute_shader GL_ARB_compute_variable_group_size GL_ARB_conditional_render_inverted GL_ARB_conservative_depth GL_ARB_copy_buffer GL_ARB_copy_image GL_ARB_cull_distance GL_ARB_debug_output GL_ARB_depth_buffer_float GL_ARB
_depth_clamp GL_ARB_derivative_control GL_ARB_direct_state_access GL_ARB_draw_buffers GL_ARB_draw_buffers_blend GL_ARB_draw_elements_base_vertex GL_ARB_draw_indirect GL_ARB_draw_instanced GL_ARB_enhanced_layouts GL_ARB_explicit_attrib_location GL_ARB_explicit_uniform_location GL_ARB_fragment_coord_conventions GL_ARB_fragment_layer_viewport GL_ARB_fragment_shader GL_ARB_fragment_shader_interlock GL_ARB_framebuffer_no_attachments GL_ARB_framebuffer_object GL_ARB_framebuffer_sRGB GL_ARB_get_program_binary GL_ARB_get_texture_sub_image GL_ARB_gl_spirv GL_ARB_gpu_shader5 GL_ARB_gpu_shader_fp64 GL_ARB_gpu_shader_int64 GL_ARB_half_float_pixel GL_ARB_half_float_vertex GL_ARB_indirect_parameters GL_ARB_instanced_arrays GL_ARB_internalformat_query GL_ARB_internalformat_query2 GL_ARB_invalidate_subdata GL_ARB_map_buffer_alignment GL_ARB_map_buffer_range GL_ARB_multi_bind GL_ARB_multi_draw_indirect GL_ARB_occlusion_query2 GL_ARB_parallel_shader_compile GL_ARB_pipeline_statistics_query GL_ARB_pixel_buffer_object GL_ARB_po
int_sprite GL_ARB_polygon_offset_clamp GL_ARB_post_depth_coverage GL_ARB_program_interface_query GL_ARB_provoking_vertex GL_ARB_query_buffer_object GL_ARB_robust_buffer_access_behavior GL_ARB_robustness GL_ARB_sample_shading GL_ARB_sampler_objects GL_ARB_seamless_cube_map GL_ARB_seamless_cubemap_per_texture GL_ARB_separate_shader_objects GL_ARB_shader_atomic_counter_ops GL_ARB_shader_atomic_counters GL_ARB_shader_ballot GL_ARB_shader_bit_encoding GL_ARB_shader_clock GL_ARB_shader_draw_parameters GL_ARB_shader_group_vote GL_ARB_shader_image_load_store GL_ARB_shader_image_size GL_ARB_shader_objects GL_ARB_shader_precision GL_ARB_shader_stencil_export GL_ARB_shader_storage_buffer_object GL_ARB_shader_subroutine GL_ARB_shader_texture_image_samples GL_ARB_shader_texture_lod GL_ARB_shader_viewport_layer_array GL_ARB_shading_language_420pack GL_ARB_shading_language_include GL_ARB_shading_language_packing GL_ARB_spirv_extensions GL_ARB_stencil_texturing GL_ARB_sync GL_ARB_tessellation_shader GL_ARB_texture_barrier G
L_ARB_texture_border_clamp GL_ARB_texture_buffer_object GL_ARB_texture_buffer_object_rgb32 GL_ARB_texture_buffer_range GL_ARB_texture_compression_bptc GL_ARB_texture_compression_rgtc GL_ARB_texture_cube_map_array GL_ARB_texture_filter_anisotropic GL_ARB_texture_float GL_ARB_texture_gather GL_ARB_texture_mirror_clamp_to_edge GL_ARB_texture_multisample GL_ARB_texture_non_power_of_two GL_ARB_texture_query_levels GL_ARB_texture_query_lod GL_ARB_texture_rectangle GL_ARB_texture_rg GL_ARB_texture_rgb10_a2ui GL_ARB_texture_stencil8 GL_ARB_texture_storage GL_ARB_texture_storage_multisample GL_ARB_texture_swizzle GL_ARB_texture_view GL_ARB_timer_query GL_ARB_transform_feedback2 GL_ARB_transform_feedback3 GL_ARB_transform_feedback_instanced GL_ARB_transform_feedback_overflow_query GL_ARB_uniform_buffer_object GL_ARB_vertex_array_bgra GL_ARB_vertex_array_object GL_ARB_vertex_attrib_64bit GL_ARB_vertex_attrib_binding GL_ARB_vertex_buffer_object GL_ARB_vertex_shader GL_ARB_vertex_type_10f_11f_11f_rev GL_ARB_vertex_type_2
_10_10_10_rev GL_ARB_viewport_array GL_ATI_blend_equation_separate GL_ATI_texture_float GL_EXT_EGL_image_storage GL_EXT_EGL_image_storage_compression GL_EXT_EGL_sync GL_EXT_abgr GL_EXT_blend_equation_separate GL_EXT_debug_label GL_EXT_demote_to_helper_invocation GL_EXT_draw_buffers2 GL_EXT_draw_instanced GL_EXT_framebuffer_blit GL_EXT_framebuffer_multisample GL_EXT_framebuffer_multisample_blit_scaled GL_EXT_framebuffer_object GL_EXT_framebuffer_sRGB GL_EXT_memory_object GL_EXT_memory_object_fd GL_EXT_packed_depth_stencil GL_EXT_packed_float GL_EXT_pixel_buffer_object GL_EXT_polygon_offset_clamp GL_EXT_provoking_vertex GL_EXT_semaphore GL_EXT_semaphore_fd GL_EXT_shader_framebuffer_fetch GL_EXT_shader_framebuffer_fetch_non_coherent GL_EXT_shader_integer_mix GL_EXT_shader_samples_identical GL_EXT_texture_array GL_EXT_texture_compression_dxt1 GL_EXT_texture_compression_rgtc GL_EXT_texture_compression_s3tc GL_EXT_texture_filter_anisotropic GL_EXT_texture_integer GL_EXT_texture_sRGB GL_EXT_texture_sRGB_R8 GL_EXT_t
exture_sRGB_decode GL_EXT_texture_shadow_lod GL_EXT_texture_shared_exponent GL_EXT_texture_snorm GL_EXT_texture_storage GL_EXT_texture_swizzle GL_EXT_timer_query GL_EXT_transform_feedback GL_EXT_vertex_array_bgra GL_EXT_vertex_attrib_64bit GL_IBM_multimode_draw_arrays GL_INTEL_blackhole_render GL_INTEL_conservative_rasterization GL_INTEL_performance_query GL_INTEL_shader_atomic_float_minmax GL_INTEL_shader_integer_functions2 GL_KHR_blend_equation_advanced GL_KHR_blend_equation_advanced_coherent GL_KHR_context_flush_control GL_KHR_debug GL_KHR_no_error GL_KHR_parallel_shader_compile GL_KHR_robust_buffer_access_behavior GL_KHR_robustness GL_KHR_texture_compression_astc_ldr GL_KHR_texture_compression_astc_sliced_3d GL_MESA_framebuffer_flip_y GL_MESA_pack_invert GL_MESA_shader_integer_functions GL_MESA_texture_const_bandwidth GL_MESA_texture_signed_rgba GL_NV_alpha_to_coverage_dither_control GL_NV_compute_shader_derivatives GL_NV_conditional_render GL_NV_copy_image GL_NV_depth_clamp GL_NV_fragment_shader_interlo
ck GL_NV_packed_depth_stencil GL_NV_texture_barrier GL_OES_EGL_image GL_S3_s3tc
OPENGL LOG: Creating OpenGL 4.6 graphics device ; Context level  <OpenGL 4.5> ; Context handle 569787280
Begin MonoManager ReloadAssembly
- Loaded All Assemblies, in  0.640 seconds
- Finished resetting the current domain, in  0.003 seconds
Default vsync count 0
requesting resize 960 x 540
resizing window to 960 x 540
Desktop is 1920 x 1080 @ 60 Hz
[PhysX] Initialized MultithreadedTaskDispatcher with 4 workers.
UnloadTime: 2.757967 ms
GetPlatform
Setting platform to Linux.
DetermineAppLocation
Platform: Linux
isInSteamLibrary: True
SetBuildDateAndCommit
Version r123, (0a4e966, 2024/08/29 4:14 PM)
SetLocale
LoadSaveData
FixResolution
SetupLevelEventsInfo
SetSettings
ForceResolutionOnLofi
LoadCalibration
LoadAssetBundle
SetupSfxHandler
GetSteamBranch
[S_API] SteamAPI_Init(): Loaded '/home/kasene/.local/share/Steam/linux64/steamclient.so' OK.
Setting breakpad minidump AppID = 977950
SteamInternal_SetMinidumpSteamID:  Caching Steam ID:  76561199115826830 [API loaded no]
Has license for 1977570: True
CheckIfTaroDLCIsInstalled
runtimePath /home/kasene/.local/share/Steam/steamapps/common/A Dance of Fire and Ice/NeoCosmos, bundleFolder StandaloneLinux64, dlcBundleName neocosmos_scenes_all.bundle
= bundlePath /home/kasene/.local/share/Steam/steamapps/common/A Dance of Fire and Ice/NeoCosmos/StandaloneLinux64/neocosmos_scenes_all.bundle
Has Neo Cosmos: True
SetNeoCosmosBuildCommit
NeoCosmos Build Commit 0a4e966
BuildCommits: Game = 0a4e966, NeoCosmos = 0a4e966
Neo Cosmos: owns True, has True
Setup Discord
Initializing Discord: InternalError
Discord was not initialized: Discord.ResultException: InternalError
  at Discord.Discord..ctor (System.Int64 clientId, System.UInt64 flags) [0x00343] in <9f15f15cca3f47eca142a95e47b6d83a>:0 
  at DiscordController.OnEnable () [0x0001f] in <55fce2444c7846f6a71b617320231172>:0 
Give Steam Achievements
Rewired Init
Curl error 6: Could not resolve host: config.uca.cloud.unity3d.com
RDInput Setup
Setup Audio Settings
<color=green>ADOStartup done!</color>
Desktop is 1920 x 1080 @ 60 Hz
Go to Menu
Curl error 6: Could not resolve host: cdp.cloud.unity3d.com
Unloading 7 Unused Serialized files (Serialized files now loaded: 1)
[PhysX] Initialized MultithreadedTaskDispatcher with 4 workers.
UnloadTime: 11.779379 ms
Unloading 14 unused Assets to reduce memory usage. Loaded Objects now: 34709.
Total: 61.005054 ms (FindLiveObjects: 3.600665 ms CreateObjectMapping: 1.402047 ms MarkObjects: 55.874875 ms  DeleteObjects: 0.126558 ms)

0:3(12): error: extension `GL_OVR_multiview2' unsupported in vertex shader

Note: Creation of internal variant of shader 'GUI/Text Shader' failed.
0:3(12): error: extension `GL_OVR_multiview2' unsupported in vertex shader

Note: Creation of internal variant of shader 'Hidden/InternalErrorShader' failed.
Shader warmup: 119 shaders 1163 combinations 22.764s
<color=#0099bc><b>DOTWEEN ► </b></color>Max Tweens reached: capacity has automatically been increased from 500/50 to 1250/50. Use DOTween.SetTweensCapacity to set it manually at startup
skipping audio break checking. detected delta time: 26.45246
Curl error 6: Could not resolve host: cdp.cloud.unity3d.com
generate settings!
Curl error 6: Could not resolve host: cdp.cloud.unity3d.com
requesting resize 960 x 540
requesting fullscreen 960 x 540 at 0/1 Hz
Setting up downscaled viewport at 960 x 540
Desktop is 1920 x 1080 @ 60 Hz
Unloading 5 Unused Serialized files (Serialized files now loaded: 1)
[PhysX] Initialized MultithreadedTaskDispatcher with 4 workers.
UnloadTime: 180.453470 ms
Unloading 358 unused Assets to reduce memory usage. Loaded Objects now: 9880.
Total: 40.429118 ms (FindLiveObjects: 1.258755 ms CreateObjectMapping: 0.986311 ms MarkObjects: 34.141939 ms  DeleteObjects: 4.041145 ms)

Unloading 6 Unused Serialized files (Serialized files now loaded: 1)
Unloading 3 unused Assets to reduce memory usage. Loaded Objects now: 19129.
Total: 61.589083 ms (FindLiveObjects: 1.911669 ms CreateObjectMapping: 1.021521 ms MarkObjects: 58.578205 ms  DeleteObjects: 0.076855 ms)

Shader warmup: 120 shaders 1176 combinations 0.137s
Unloading 1 Unused Serialized files (Serialized files now loaded: 1)
Unloading 1 unused Assets to reduce memory usage. Loaded Objects now: 99593.
Total: 295.557774 ms (FindLiveObjects: 19.829102 ms CreateObjectMapping: 5.655511 ms MarkObjects: 269.705571 ms  DeleteObjects: 0.366466 ms)

Cannot Pause a disabled VideoPlayer
Curl error 6: Could not resolve host: cdp.cloud.unity3d.com
<color=#0099bc><b>DOTWEEN ► </b></color>Target or field is missing/null () ► 

  at (wrapper managed-to-native) UnityEngine.SpriteRenderer.set_color_Injected(UnityEngine.SpriteRenderer,UnityEngine.Color&)
  at UnityEngine.SpriteRenderer.set_color (UnityEngine.Color value) [0x00000] in <e808736c84f0469fbbf710d80a904487>:0 
  at DG.Tweening.DOTweenModuleSprite+<>c__DisplayClass0_0.<DOColor>b__1 (UnityEngine.Color x) [0x00000] in <9f15f15cca3f47eca142a95e47b6d83a>:0 
  at DG.Tweening.Plugins.ColorPlugin.EvaluateAndApply (DG.Tweening.Plugins.Options.ColorOptions options, DG.Tweening.Tween t, System.Boolean isRelative, DG.Tweening.Core.DOGetter`1[T] getter, DG.Tweening.Core.DOSetter`1[T] setter, System.Single elapsed, UnityEngine.Color startValue, UnityEngine.Color changeValue, System.Single duration, System.Boolean usingInversePosition, System.Int32 newCompletedSteps, DG.Tweening.Core.Enums.UpdateNotice updateNotice) [0x00112] in <5ddb5fa70dfe40d2818192400111b9ec>:0 
  at DG.Tweening.Core.TweenerCore`3[T1,T2,TPlugOptions].ApplyTween (System.Single prevPosition, System.Int32 prevCompletedLoops, System.Int32 newCompletedSteps, System.Boolean useInversePosition, DG.Tweening.Core.Enums.UpdateMode updateMode, DG.Tweening.Core.Enums.UpdateNotice updateNotice) [0x00043] in <5ddb5fa70dfe40d2818192400111b9ec>:0 

Cannot Pause a disabled VideoPlayer
<color=#0099bc><b>DOTWEEN ► </b></color>Target or field is missing/null () ► 

  at (wrapper managed-to-native) UnityEngine.SpriteRenderer.set_color_Injected(UnityEngine.SpriteRenderer,UnityEngine.Color&)
  at UnityEngine.SpriteRenderer.set_color (UnityEngine.Color value) [0x00000] in <e808736c84f0469fbbf710d80a904487>:0 
  at DG.Tweening.DOTweenModuleSprite+<>c__DisplayClass0_0.<DOColor>b__1 (UnityEngine.Color x) [0x00000] in <9f15f15cca3f47eca142a95e47b6d83a>:0 
  at DG.Tweening.Plugins.ColorPlugin.EvaluateAndApply (DG.Tweening.Plugins.Options.ColorOptions options, DG.Tweening.Tween t, System.Boolean isRelative, DG.Tweening.Core.DOGetter`1[T] getter, DG.Tweening.Core.DOSetter`1[T] setter, System.Single elapsed, UnityEngine.Color startValue, UnityEngine.Color changeValue, System.Single duration, System.Boolean usingInversePosition, System.Int32 newCompletedSteps, DG.Tweening.Core.Enums.UpdateNotice updateNotice) [0x00112] in <5ddb5fa70dfe40d2818192400111b9ec>:0 
  at DG.Tweening.Core.TweenerCore`3[T1,T2,TPlugOptions].ApplyTween (System.Single prevPosition, System.Int32 prevCompletedLoops, System.Int32 newCompletedSteps, System.Boolean useInversePosition, DG.Tweening.Core.Enums.UpdateMode updateMode, DG.Tweening.Core.Enums.UpdateNotice updateNotice) [0x00043] in <5ddb5fa70dfe40d2818192400111b9ec>:0 

<color=#0099bc><b>DOTWEEN ► </b></color>Target or field is missing/null () ► 

  at (wrapper managed-to-native) UnityEngine.SpriteRenderer.set_color_Injected(UnityEngine.SpriteRenderer,UnityEngine.Color&)
  at UnityEngine.SpriteRenderer.set_color (UnityEngine.Color value) [0x00000] in <e808736c84f0469fbbf710d80a904487>:0 
  at DG.Tweening.DOTweenModuleSprite+<>c__DisplayClass0_0.<DOColor>b__1 (UnityEngine.Color x) [0x00000] in <9f15f15cca3f47eca142a95e47b6d83a>:0 
  at DG.Tweening.Plugins.ColorPlugin.EvaluateAndApply (DG.Tweening.Plugins.Options.ColorOptions options, DG.Tweening.Tween t, System.Boolean isRelative, DG.Tweening.Core.DOGetter`1[T] getter, DG.Tweening.Core.DOSetter`1[T] setter, System.Single elapsed, UnityEngine.Color startValue, UnityEngine.Color changeValue, System.Single duration, System.Boolean usingInversePosition, System.Int32 newCompletedSteps, DG.Tweening.Core.Enums.UpdateNotice updateNotice) [0x00112] in <5ddb5fa70dfe40d2818192400111b9ec>:0 
  at DG.Tweening.Core.TweenerCore`3[T1,T2,TPlugOptions].ApplyTween (System.Single prevPosition, System.Int32 prevCompletedLoops, System.Int32 newCompletedSteps, System.Boolean useInversePosition, DG.Tweening.Core.Enums.UpdateMode updateMode, DG.Tweening.Core.Enums.UpdateNotice updateNotice) [0x00043] in <5ddb5fa70dfe40d2818192400111b9ec>:0 

Cannot Pause a disabled VideoPlayer
<color=#0099bc><b>DOTWEEN ► </b></color>Target or field is missing/null () ► 

  at (wrapper managed-to-native) UnityEngine.SpriteRenderer.set_color_Injected(UnityEngine.SpriteRenderer,UnityEngine.Color&)
  at UnityEngine.SpriteRenderer.set_color (UnityEngine.Color value) [0x00000] in <e808736c84f0469fbbf710d80a904487>:0 
  at DG.Tweening.DOTweenModuleSprite+<>c__DisplayClass0_0.<DOColor>b__1 (UnityEngine.Color x) [0x00000] in <9f15f15cca3f47eca142a95e47b6d83a>:0 
  at DG.Tweening.Plugins.ColorPlugin.EvaluateAndApply (DG.Tweening.Plugins.Options.ColorOptions options, DG.Tweening.Tween t, System.Boolean isRelative, DG.Tweening.Core.DOGetter`1[T] getter, DG.Tweening.Core.DOSetter`1[T] setter, System.Single elapsed, UnityEngine.Color startValue, UnityEngine.Color changeValue, System.Single duration, System.Boolean usingInversePosition, System.Int32 newCompletedSteps, DG.Tweening.Core.Enums.UpdateNotice updateNotice) [0x00112] in <5ddb5fa70dfe40d2818192400111b9ec>:0 
  at DG.Tweening.Core.TweenerCore`3[T1,T2,TPlugOptions].ApplyTween (System.Single prevPosition, System.Int32 prevCompletedLoops, System.Int32 newCompletedSteps, System.Boolean useInversePosition, DG.Tweening.Core.Enums.UpdateMode updateMode, DG.Tweening.Core.Enums.UpdateNotice updateNotice) [0x00043] in <5ddb5fa70dfe40d2818192400111b9ec>:0 

Cannot Pause a disabled VideoPlayer
<color=#0099bc><b>DOTWEEN ► </b></color>Target or field is missing/null () ► 

  at (wrapper managed-to-native) UnityEngine.SpriteRenderer.set_color_Injected(UnityEngine.SpriteRenderer,UnityEngine.Color&)
  at UnityEngine.SpriteRenderer.set_color (UnityEngine.Color value) [0x00000] in <e808736c84f0469fbbf710d80a904487>:0 
  at DG.Tweening.DOTweenModuleSprite+<>c__DisplayClass0_0.<DOColor>b__1 (UnityEngine.Color x) [0x00000] in <9f15f15cca3f47eca142a95e47b6d83a>:0 
  at DG.Tweening.Plugins.ColorPlugin.EvaluateAndApply (DG.Tweening.Plugins.Options.ColorOptions options, DG.Tweening.Tween t, System.Boolean isRelative, DG.Tweening.Core.DOGetter`1[T] getter, DG.Tweening.Core.DOSetter`1[T] setter, System.Single elapsed, UnityEngine.Color startValue, UnityEngine.Color changeValue, System.Single duration, System.Boolean usingInversePosition, System.Int32 newCompletedSteps, DG.Tweening.Core.Enums.UpdateNotice updateNotice) [0x00112] in <5ddb5fa70dfe40d2818192400111b9ec>:0 
  at DG.Tweening.Core.TweenerCore`3[T1,T2,TPlugOptions].ApplyTween (System.Single prevPosition, System.Int32 prevCompletedLoops, System.Int32 newCompletedSteps, System.Boolean useInversePosition, DG.Tweening.Core.Enums.UpdateMode updateMode, DG.Tweening.Core.Enums.UpdateNotice updateNotice) [0x00043] in <5ddb5fa70dfe40d2818192400111b9ec>:0 

<color=#0099bc><b>DOTWEEN ► </b></color>Target or field is missing/null () ► 

  at (wrapper managed-to-native) UnityEngine.SpriteRenderer.set_color_Injected(UnityEngine.SpriteRenderer,UnityEngine.Color&)
  at UnityEngine.SpriteRenderer.set_color (UnityEngine.Color value) [0x00000] in <e808736c84f0469fbbf710d80a904487>:0 
  at DG.Tweening.DOTweenModuleSprite+<>c__DisplayClass0_0.<DOColor>b__1 (UnityEngine.Color x) [0x00000] in <9f15f15cca3f47eca142a95e47b6d83a>:0 
  at DG.Tweening.Plugins.ColorPlugin.EvaluateAndApply (DG.Tweening.Plugins.Options.ColorOptions options, DG.Tweening.Tween t, System.Boolean isRelative, DG.Tweening.Core.DOGetter`1[T] getter, DG.Tweening.Core.DOSetter`1[T] setter, System.Single elapsed, UnityEngine.Color startValue, UnityEngine.Color changeValue, System.Single duration, System.Boolean usingInversePosition, System.Int32 newCompletedSteps, DG.Tweening.Core.Enums.UpdateNotice updateNotice) [0x00112] in <5ddb5fa70dfe40d2818192400111b9ec>:0 
  at DG.Tweening.Core.TweenerCore`3[T1,T2,TPlugOptions].ApplyTween (System.Single prevPosition, System.Int32 prevCompletedLoops, System.Int32 newCompletedSteps, System.Boolean useInversePosition, DG.Tweening.Core.Enums.UpdateMode updateMode, DG.Tweening.Core.Enums.UpdateNotice updateNotice) [0x00043] in <5ddb5fa70dfe40d2818192400111b9ec>:0 

Cannot Pause a disabled VideoPlayer
<color=#0099bc><b>DOTWEEN ► </b></color>Target or field is missing/null () ► 

  at (wrapper managed-to-native) UnityEngine.SpriteRenderer.set_color_Injected(UnityEngine.SpriteRenderer,UnityEngine.Color&)
  at UnityEngine.SpriteRenderer.set_color (UnityEngine.Color value) [0x00000] in <e808736c84f0469fbbf710d80a904487>:0 
  at DG.Tweening.DOTweenModuleSprite+<>c__DisplayClass0_0.<DOColor>b__1 (UnityEngine.Color x) [0x00000] in <9f15f15cca3f47eca142a95e47b6d83a>:0 
  at DG.Tweening.Plugins.ColorPlugin.EvaluateAndApply (DG.Tweening.Plugins.Options.ColorOptions options, DG.Tweening.Tween t, System.Boolean isRelative, DG.Tweening.Core.DOGetter`1[T] getter, DG.Tweening.Core.DOSetter`1[T] setter, System.Single elapsed, UnityEngine.Color startValue, UnityEngine.Color changeValue, System.Single duration, System.Boolean usingInversePosition, System.Int32 newCompletedSteps, DG.Tweening.Core.Enums.UpdateNotice updateNotice) [0x00112] in <5ddb5fa70dfe40d2818192400111b9ec>:0 
  at DG.Tweening.Core.TweenerCore`3[T1,T2,TPlugOptions].ApplyTween (System.Single prevPosition, System.Int32 prevCompletedLoops, System.Int32 newCompletedSteps, System.Boolean useInversePosition, DG.Tweening.Core.Enums.UpdateMode updateMode, DG.Tweening.Core.Enums.UpdateNotice updateNotice) [0x00043] in <5ddb5fa70dfe40d2818192400111b9ec>:0 

src/steamnetworkingsockets/clientlib/steamnetworkingsockets_lowlevel.cpp (2569) : Assertion Failed: SteamnetworkingSockets service thread waited 120ms for lock!  This directly adds to network latency!  It could be a bug, but it's usually caused by general performance problem such as thread starvation or a debug output handler taking too long.
10/09 13:16:38 minidumps folder is set to /tmp/dumps
ERROR: ld.so: object '/home/kasene/.local/share/Steam/ubuntu12_64/gameoverlayrenderer.so' from LD_PRELOAD cannot be preloaded (wrong ELF class: ELFCLASS64): ignored.
assert_20241009131638_3.dmp[23960]: Uploading dump (out-of-process)
/tmp/dumps/assert_20241009131638_3.dmp
Cannot Pause a disabled VideoPlayer
Cannot Pause a disabled VideoPlayer
assert_20241009131638_3.dmp[23960]: Finished uploading minidump (out-of-process): success = yes
assert_20241009131638_3.dmp[23960]: response: Discarded=1
assert_20241009131638_3.dmp[23960]: file ''/tmp/dumps/assert_20241009131638_3.dmp'', upload yes: ''Discarded=1''
pid 23960 != 23959, skipping destruction (fork without exec?)
<color=#0099bc><b>DOTWEEN ► </b></color>Target or field is missing/null () ► 

  at (wrapper managed-to-native) UnityEngine.SpriteRenderer.set_color_Injected(UnityEngine.SpriteRenderer,UnityEngine.Color&)
  at UnityEngine.SpriteRenderer.set_color (UnityEngine.Color value) [0x00000] in <e808736c84f0469fbbf710d80a904487>:0 
  at DG.Tweening.DOTweenModuleSprite+<>c__DisplayClass0_0.<DOColor>b__1 (UnityEngine.Color x) [0x00000] in <9f15f15cca3f47eca142a95e47b6d83a>:0 
  at DG.Tweening.Plugins.ColorPlugin.EvaluateAndApply (DG.Tweening.Plugins.Options.ColorOptions options, DG.Tweening.Tween t, System.Boolean isRelative, DG.Tweening.Core.DOGetter`1[T] getter, DG.Tweening.Core.DOSetter`1[T] setter, System.Single elapsed, UnityEngine.Color startValue, UnityEngine.Color changeValue, System.Single duration, System.Boolean usingInversePosition, System.Int32 newCompletedSteps, DG.Tweening.Core.Enums.UpdateNotice updateNotice) [0x00112] in <5ddb5fa70dfe40d2818192400111b9ec>:0 
  at DG.Tweening.Core.TweenerCore`3[T1,T2,TPlugOptions].ApplyTween (System.Single prevPosition, System.Int32 prevCompletedLoops, System.Int32 newCompletedSteps, System.Boolean useInversePosition, DG.Tweening.Core.Enums.UpdateMode updateMode, DG.Tweening.Core.Enums.UpdateNotice updateNotice) [0x00043] in <5ddb5fa70dfe40d2818192400111b9ec>:0 

Cannot Pause a disabled VideoPlayer
Curl error 6: Could not resolve host: cdp.cloud.unity3d.com
Cannot Pause a disabled VideoPlayer
generate settings!
Unloading 5 Unused Serialized files (Serialized files now loaded: 1)
[PhysX] Initialized MultithreadedTaskDispatcher with 4 workers.
UnloadTime: 211.855617 ms
Unloading 842 unused Assets to reduce memory usage. Loaded Objects now: 13336.
Total: 254.165031 ms (FindLiveObjects: 2.151830 ms CreateObjectMapping: 2.377285 ms MarkObjects: 243.125114 ms  DeleteObjects: 6.509674 ms)

Unloading 6 Unused Serialized files (Serialized files now loaded: 1)
Unloading 7 unused Assets to reduce memory usage. Loaded Objects now: 22204.
Total: 156.170881 ms (FindLiveObjects: 2.736182 ms CreateObjectMapping: 1.616073 ms MarkObjects: 147.509040 ms  DeleteObjects: 4.308818 ms)

Shader warmup: 120 shaders 1176 combinations 0.090s
Unloading 1 Unused Serialized files (Serialized files now loaded: 1)
Unloading 2166 unused Assets to reduce memory usage. Loaded Objects now: 72456.
Total: 112.631626 ms (FindLiveObjects: 14.547788 ms CreateObjectMapping: 4.832817 ms MarkObjects: 87.876180 ms  DeleteObjects: 5.373921 ms)

Cannot Pause a disabled VideoPlayer
<color=#0099bc><b>DOTWEEN ► </b></color>Target or field is missing/null () ► 

  at (wrapper managed-to-native) UnityEngine.SpriteRenderer.set_color_Injected(UnityEngine.SpriteRenderer,UnityEngine.Color&)
  at UnityEngine.SpriteRenderer.set_color (UnityEngine.Color value) [0x00000] in <e808736c84f0469fbbf710d80a904487>:0 
  at DG.Tweening.DOTweenModuleSprite+<>c__DisplayClass0_0.<DOColor>b__1 (UnityEngine.Color x) [0x00000] in <9f15f15cca3f47eca142a95e47b6d83a>:0 
  at DG.Tweening.Plugins.ColorPlugin.EvaluateAndApply (DG.Tweening.Plugins.Options.ColorOptions options, DG.Tweening.Tween t, System.Boolean isRelative, DG.Tweening.Core.DOGetter`1[T] getter, DG.Tweening.Core.DOSetter`1[T] setter, System.Single elapsed, UnityEngine.Color startValue, UnityEngine.Color changeValue, System.Single duration, System.Boolean usingInversePosition, System.Int32 newCompletedSteps, DG.Tweening.Core.Enums.UpdateNotice updateNotice) [0x00112] in <5ddb5fa70dfe40d2818192400111b9ec>:0 
  at DG.Tweening.Core.TweenerCore`3[T1,T2,TPlugOptions].ApplyTween (System.Single prevPosition, System.Int32 prevCompletedLoops, System.Int32 newCompletedSteps, System.Boolean useInversePosition, DG.Tweening.Core.Enums.UpdateMode updateMode, DG.Tweening.Core.Enums.UpdateNotice updateNotice) [0x00043] in <5ddb5fa70dfe40d2818192400111b9ec>:0 

<color=#0099bc><b>DOTWEEN ► </b></color>Target or field is missing/null () ► 

  at (wrapper managed-to-native) UnityEngine.SpriteRenderer.set_color_Injected(UnityEngine.SpriteRenderer,UnityEngine.Color&)
  at UnityEngine.SpriteRenderer.set_color (UnityEngine.Color value) [0x00000] in <e808736c84f0469fbbf710d80a904487>:0 
  at DG.Tweening.DOTweenModuleSprite+<>c__DisplayClass0_0.<DOColor>b__1 (UnityEngine.Color x) [0x00000] in <9f15f15cca3f47eca142a95e47b6d83a>:0 
  at DG.Tweening.Plugins.ColorPlugin.EvaluateAndApply (DG.Tweening.Plugins.Options.ColorOptions options, DG.Tweening.Tween t, System.Boolean isRelative, DG.Tweening.Core.DOGetter`1[T] getter, DG.Tweening.Core.DOSetter`1[T] setter, System.Single elapsed, UnityEngine.Color startValue, UnityEngine.Color changeValue, System.Single duration, System.Boolean usingInversePosition, System.Int32 newCompletedSteps, DG.Tweening.Core.Enums.UpdateNotice updateNotice) [0x00112] in <5ddb5fa70dfe40d2818192400111b9ec>:0 
  at DG.Tweening.Core.TweenerCore`3[T1,T2,TPlugOptions].ApplyTween (System.Single prevPosition, System.Int32 prevCompletedLoops, System.Int32 newCompletedSteps, System.Boolean useInversePosition, DG.Tweening.Core.Enums.UpdateMode updateMode, DG.Tweening.Core.Enums.UpdateNotice updateNotice) [0x00043] in <5ddb5fa70dfe40d2818192400111b9ec>:0 

Cannot Pause a disabled VideoPlayer
<color=#0099bc><b>DOTWEEN ► </b></color>Target or field is missing/null () ► 

  at (wrapper managed-to-native) UnityEngine.SpriteRenderer.set_color_Injected(UnityEngine.SpriteRenderer,UnityEngine.Color&)
  at UnityEngine.SpriteRenderer.set_color (UnityEngine.Color value) [0x00000] in <e808736c84f0469fbbf710d80a904487>:0 
  at DG.Tweening.DOTweenModuleSprite+<>c__DisplayClass0_0.<DOColor>b__1 (UnityEngine.Color x) [0x00000] in <9f15f15cca3f47eca142a95e47b6d83a>:0 
  at DG.Tweening.Plugins.ColorPlugin.EvaluateAndApply (DG.Tweening.Plugins.Options.ColorOptions options, DG.Tweening.Tween t, System.Boolean isRelative, DG.Tweening.Core.DOGetter`1[T] getter, DG.Tweening.Core.DOSetter`1[T] setter, System.Single elapsed, UnityEngine.Color startValue, UnityEngine.Color changeValue, System.Single duration, System.Boolean usingInversePosition, System.Int32 newCompletedSteps, DG.Tweening.Core.Enums.UpdateNotice updateNotice) [0x00112] in <5ddb5fa70dfe40d2818192400111b9ec>:0 
  at DG.Tweening.Core.TweenerCore`3[T1,T2,TPlugOptions].ApplyTween (System.Single prevPosition, System.Int32 prevCompletedLoops, System.Int32 newCompletedSteps, System.Boolean useInversePosition, DG.Tweening.Core.Enums.UpdateMode updateMode, DG.Tweening.Core.Enums.UpdateNotice updateNotice) [0x00043] in <5ddb5fa70dfe40d2818192400111b9ec>:0 

Cannot Pause a disabled VideoPlayer
<color=#0099bc><b>DOTWEEN ► </b></color>Target or field is missing/null () ► 

  at (wrapper managed-to-native) UnityEngine.SpriteRenderer.set_color_Injected(UnityEngine.SpriteRenderer,UnityEngine.Color&)
  at UnityEngine.SpriteRenderer.set_color (UnityEngine.Color value) [0x00000] in <e808736c84f0469fbbf710d80a904487>:0 
  at DG.Tweening.DOTweenModuleSprite+<>c__DisplayClass0_0.<DOColor>b__1 (UnityEngine.Color x) [0x00000] in <9f15f15cca3f47eca142a95e47b6d83a>:0 
  at DG.Tweening.Plugins.ColorPlugin.EvaluateAndApply (DG.Tweening.Plugins.Options.ColorOptions options, DG.Tweening.Tween t, System.Boolean isRelative, DG.Tweening.Core.DOGetter`1[T] getter, DG.Tweening.Core.DOSetter`1[T] setter, System.Single elapsed, UnityEngine.Color startValue, UnityEngine.Color changeValue, System.Single duration, System.Boolean usingInversePosition, System.Int32 newCompletedSteps, DG.Tweening.Core.Enums.UpdateNotice updateNotice) [0x00112] in <5ddb5fa70dfe40d2818192400111b9ec>:0 
  at DG.Tweening.Core.TweenerCore`3[T1,T2,TPlugOptions].ApplyTween (System.Single prevPosition, System.Int32 prevCompletedLoops, System.Int32 newCompletedSteps, System.Boolean useInversePosition, DG.Tweening.Core.Enums.UpdateMode updateMode, DG.Tweening.Core.Enums.UpdateNotice updateNotice) [0x00043] in <5ddb5fa70dfe40d2818192400111b9ec>:0 

<color=#0099bc><b>DOTWEEN ► </b></color>Target or field is missing/null () ► 

  at (wrapper managed-to-native) UnityEngine.SpriteRenderer.set_color_Injected(UnityEngine.SpriteRenderer,UnityEngine.Color&)
  at UnityEngine.SpriteRenderer.set_color (UnityEngine.Color value) [0x00000] in <e808736c84f0469fbbf710d80a904487>:0 
  at DG.Tweening.DOTweenModuleSprite+<>c__DisplayClass0_0.<DOColor>b__1 (UnityEngine.Color x) [0x00000] in <9f15f15cca3f47eca142a95e47b6d83a>:0 
  at DG.Tweening.Plugins.ColorPlugin.EvaluateAndApply (DG.Tweening.Plugins.Options.ColorOptions options, DG.Tweening.Tween t, System.Boolean isRelative, DG.Tweening.Core.DOGetter`1[T] getter, DG.Tweening.Core.DOSetter`1[T] setter, System.Single elapsed, UnityEngine.Color startValue, UnityEngine.Color changeValue, System.Single duration, System.Boolean usingInversePosition, System.Int32 newCompletedSteps, DG.Tweening.Core.Enums.UpdateNotice updateNotice) [0x00112] in <5ddb5fa70dfe40d2818192400111b9ec>:0 
  at DG.Tweening.Core.TweenerCore`3[T1,T2,TPlugOptions].ApplyTween (System.Single prevPosition, System.Int32 prevCompletedLoops, System.Int32 newCompletedSteps, System.Boolean useInversePosition, DG.Tweening.Core.Enums.UpdateMode updateMode, DG.Tweening.Core.Enums.UpdateNotice updateNotice) [0x00043] in <5ddb5fa70dfe40d2818192400111b9ec>:0 

Cannot Pause a disabled VideoPlayer
<color=#0099bc><b>DOTWEEN ► </b></color>Target or field is missing/null () ► 

  at (wrapper managed-to-native) UnityEngine.SpriteRenderer.set_color_Injected(UnityEngine.SpriteRenderer,UnityEngine.Color&)
  at UnityEngine.SpriteRenderer.set_color (UnityEngine.Color value) [0x00000] in <e808736c84f0469fbbf710d80a904487>:0 
  at DG.Tweening.DOTweenModuleSprite+<>c__DisplayClass0_0.<DOColor>b__1 (UnityEngine.Color x) [0x00000] in <9f15f15cca3f47eca142a95e47b6d83a>:0 
  at DG.Tweening.Plugins.ColorPlugin.EvaluateAndApply (DG.Tweening.Plugins.Options.ColorOptions options, DG.Tweening.Tween t, System.Boolean isRelative, DG.Tweening.Core.DOGetter`1[T] getter, DG.Tweening.Core.DOSetter`1[T] setter, System.Single elapsed, UnityEngine.Color startValue, UnityEngine.Color changeValue, System.Single duration, System.Boolean usingInversePosition, System.Int32 newCompletedSteps, DG.Tweening.Core.Enums.UpdateNotice updateNotice) [0x00112] in <5ddb5fa70dfe40d2818192400111b9ec>:0 
  at DG.Tweening.Core.TweenerCore`3[T1,T2,TPlugOptions].ApplyTween (System.Single prevPosition, System.Int32 prevCompletedLoops, System.Int32 newCompletedSteps, System.Boolean useInversePosition, DG.Tweening.Core.Enums.UpdateMode updateMode, DG.Tweening.Core.Enums.UpdateNotice updateNotice) [0x00043] in <5ddb5fa70dfe40d2818192400111b9ec>:0 

Unloading 5 Unused Serialized files (Serialized files now loaded: 1)
[PhysX] Initialized MultithreadedTaskDispatcher with 4 workers.
UnloadTime: 96.576135 ms
Unloading 79 unused Assets to reduce memory usage. Loaded Objects now: 12419.
Total: 124.052243 ms (FindLiveObjects: 1.062623 ms CreateObjectMapping: 1.065257 ms MarkObjects: 118.522976 ms  DeleteObjects: 3.400511 ms)

Shader warmup: 121 shaders 1177 combinations 0.054s
skipping audio break checking. detected delta time: 1.808012
Unloading 5 Unused Serialized files (Serialized files now loaded: 1)
[PhysX] Initialized MultithreadedTaskDispatcher with 4 workers.
UnloadTime: 89.576395 ms
Unloading 798 unused Assets to reduce memory usage. Loaded Objects now: 12416.
Total: 236.370565 ms (FindLiveObjects: 2.429067 ms CreateObjectMapping: 2.534442 ms MarkObjects: 211.863372 ms  DeleteObjects: 19.542366 ms)

Unloading 1 Unused Serialized files (Serialized files now loaded: 120)
[PhysX] Initialized MultithreadedTaskDispatcher with 4 workers.
UnloadTime: 1.051745 ms
Unloading 578 unused Assets to reduce memory usage. Loaded Objects now: 29005.
Total: 216.008842 ms (FindLiveObjects: 5.111891 ms CreateObjectMapping: 2.384101 ms MarkObjects: 200.265176 ms  DeleteObjects: 8.246719 ms)

Shader warmup: 147 shaders 1286 combinations 1.193s
<color=#0099bc><b>DOTWEEN ► </b></color>Tween startup failed (NULL target/property - UnityEngine.Color <DOColor>b__0()): the tween will now be killed ► Object reference not set to an instance of an object
Unloading 5 Unused Serialized files (Serialized files now loaded: 120)
[PhysX] Initialized MultithreadedTaskDispatcher with 4 workers.
UnloadTime: 65.525986 ms
Unloading 576 unused Assets to reduce memory usage. Loaded Objects now: 12153.
Total: 142.860468 ms (FindLiveObjects: 1.264640 ms CreateObjectMapping: 1.147770 ms MarkObjects: 132.075002 ms  DeleteObjects: 8.371919 ms)

The referenced script on this Behaviour (Game Object 'Minigame Text') is missing!
Unloading 1 Unused Serialized files (Serialized files now loaded: 120)
[PhysX] Initialized MultithreadedTaskDispatcher with 4 workers.
UnloadTime: 1.306618 ms
Shader warmup: 187 shaders 1315 combinations 0.298s
Unloading 46 unused Assets to reduce memory usage. Loaded Objects now: 51900.
Total: 156.842002 ms (FindLiveObjects: 8.381561 ms CreateObjectMapping: 2.417590 ms MarkObjects: 139.791283 ms  DeleteObjects: 6.250511 ms)

Curl error 6: Could not resolve host: cdp.cloud.unity3d.com
Unloading 5 Unused Serialized files (Serialized files now loaded: 120)
[PhysX] Initialized MultithreadedTaskDispatcher with 4 workers.
UnloadTime: 58.504326 ms
Unloading 657 unused Assets to reduce memory usage. Loaded Objects now: 13692.
Total: 186.113332 ms (FindLiveObjects: 1.736747 ms CreateObjectMapping: 1.415057 ms MarkObjects: 165.360348 ms  DeleteObjects: 17.600200 ms)

<color=#0099bc><b>DOTWEEN ► </b></color>An error inside a tween callback was taken care of () ► 

  at (wrapper managed-to-native) UnityEngine.Behaviour.set_enabled(UnityEngine.Behaviour,bool)
  at Mawaru.<FadeAllCover>b__41_0 () [0x00000] in <55fce2444c7846f6a71b617320231172>:0 
  at DG.Tweening.Tween.OnTweenCallback (DG.Tweening.TweenCallback callback, DG.Tweening.Tween t) [0x00007] in <5ddb5fa70dfe40d2818192400111b9ec>:0 

The referenced script on this Behaviour (Game Object 'Minigame Text') is missing!
Unloading 1 Unused Serialized files (Serialized files now loaded: 120)
[PhysX] Initialized MultithreadedTaskDispatcher with 4 workers.
UnloadTime: 1.282604 ms
Shader warmup: 187 shaders 1315 combinations 0.186s
Unloading 993 unused Assets to reduce memory usage. Loaded Objects now: 51936.
Total: 192.147692 ms (FindLiveObjects: 8.908633 ms CreateObjectMapping: 3.383412 ms MarkObjects: 167.410980 ms  DeleteObjects: 12.443600 ms)

Unloading 5 Unused Serialized files (Serialized files now loaded: 120)
[PhysX] Initialized MultithreadedTaskDispatcher with 4 workers.
UnloadTime: 54.533386 ms
Unloading 652 unused Assets to reduce memory usage. Loaded Objects now: 13724.
Total: 150.860046 ms (FindLiveObjects: 1.213459 ms CreateObjectMapping: 1.369086 ms MarkObjects: 134.683368 ms  DeleteObjects: 13.593354 ms)

The referenced script on this Behaviour (Game Object 'Minigame Text') is missing!
Unloading 1 Unused Serialized files (Serialized files now loaded: 120)
[PhysX] Initialized MultithreadedTaskDispatcher with 4 workers.
UnloadTime: 1.082683 ms
Unloading 42 unused Assets to reduce memory usage. Loaded Objects now: 52732.
Total: 215.252251 ms (FindLiveObjects: 8.421498 ms CreateObjectMapping: 1.896269 ms MarkObjects: 181.603057 ms  DeleteObjects: 23.330259 ms)

Shader warmup: 149 shaders 1277 combinations 0.123s
<color=#0099bc><b>DOTWEEN ► </b></color>An error inside a tween callback was taken care of () ► 

  at (wrapper managed-to-native) UnityEngine.Behaviour.set_enabled(UnityEngine.Behaviour,bool)
  at Mawaru.<FadeAllCover>b__41_0 () [0x00000] in <55fce2444c7846f6a71b617320231172>:0 
  at DG.Tweening.Tween.OnTweenCallback (DG.Tweening.TweenCallback callback, DG.Tweening.Tween t) [0x00007] in <5ddb5fa70dfe40d2818192400111b9ec>:0 

<color=#0099bc><b>DOTWEEN ► </b></color>Max Tweens reached: capacity has automatically been increased from 1250/50 to 1250/125. Use DOTween.SetTweensCapacity to set it manually at startup
Unloading 5 Unused Serialized files (Serialized files now loaded: 120)
[PhysX] Initialized MultithreadedTaskDispatcher with 4 workers.
UnloadTime: 53.895856 ms
Unloading 1544 unused Assets to reduce memory usage. Loaded Objects now: 13756.
Total: 157.928199 ms (FindLiveObjects: 1.292213 ms CreateObjectMapping: 1.269536 ms MarkObjects: 136.155078 ms  DeleteObjects: 19.210659 ms)

Unloading 1 Unused Serialized files (Serialized files now loaded: 120)
[PhysX] Initialized MultithreadedTaskDispatcher with 4 workers.
UnloadTime: 0.475727 ms
Unloading 157 unused Assets to reduce memory usage. Loaded Objects now: 30181.
Total: 173.938868 ms (FindLiveObjects: 3.056344 ms CreateObjectMapping: 1.595797 ms MarkObjects: 161.120770 ms  DeleteObjects: 8.165242 ms)

Shader warmup: 147 shaders 1286 combinations 0.161s
<color=#0099bc><b>DOTWEEN ► </b></color>Target or field is missing/null () ► 

  at (wrapper managed-to-native) UnityEngine.Behaviour.get_isActiveAndEnabled(UnityEngine.Behaviour)
  at UnityEngine.EventSystems.UIBehaviour.IsActive () [0x00000] in <8ea009e7c67e455d826cae679ff9b2ec>:0 
  at UnityEngine.UI.Graphic.SetVerticesDirty () [0x00000] in <8ea009e7c67e455d826cae679ff9b2ec>:0 
  at UnityEngine.UI.Graphic.set_color (UnityEngine.Color value) [0x0000e] in <8ea009e7c67e455d826cae679ff9b2ec>:0 
  at DG.Tweening.DOTweenModuleUI+<>c__DisplayClass3_0.<DOColor>b__1 (UnityEngine.Color x) [0x00000] in <9f15f15cca3f47eca142a95e47b6d83a>:0 
  at DG.Tweening.Plugins.ColorPlugin.EvaluateAndApply (DG.Tweening.Plugins.Options.ColorOptions options, DG.Tweening.Tween t, System.Boolean isRelative, DG.Tweening.Core.DOGetter`1[T] getter, DG.Tweening.Core.DOSetter`1[T] setter, System.Single elapsed, UnityEngine.Color startValue, UnityEngine.Color changeValue, System.Single duration, System.Boolean usingInversePosition, System.Int32 newCompletedSteps, DG.Tweening.Core.Enums.UpdateNotice updateNotice) [0x00112] in <5ddb5fa70dfe40d2818192400111b9ec>:0 
  at DG.Tweening.Core.TweenerCore`3[T1,T2,TPlugOptions].ApplyTween (System.Single prevPosition, System.Int32 prevCompletedLoops, System.Int32 newCompletedSteps, System.Boolean useInversePosition, DG.Tweening.Core.Enums.UpdateMode updateMode, DG.Tweening.Core.Enums.UpdateNotice updateNotice) [0x00043] in <5ddb5fa70dfe40d2818192400111b9ec>:0 

<color=#0099bc><b>DOTWEEN ► </b></color>Tween startup failed (NULL target/property - UnityEngine.Color <DOColor>b__0()): the tween will now be killed ► Object reference not set to an instance of an object
Unloading 5 Unused Serialized files (Serialized files now loaded: 120)
[PhysX] Initialized MultithreadedTaskDispatcher with 4 workers.
UnloadTime: 47.552891 ms
Unloading 1512 unused Assets to reduce memory usage. Loaded Objects now: 12391.
Total: 164.327117 ms (FindLiveObjects: 1.496008 ms CreateObjectMapping: 1.357618 ms MarkObjects: 144.910243 ms  DeleteObjects: 16.562399 ms)

Unloading 1 Unused Serialized files (Serialized files now loaded: 120)
[PhysX] Initialized MultithreadedTaskDispatcher with 4 workers.
UnloadTime: 0.777725 ms
Shader warmup: 184 shaders 1358 combinations 0.254s
Unloading 46 unused Assets to reduce memory usage. Loaded Objects now: 38304.
Total: 131.206192 ms (FindLiveObjects: 4.492558 ms CreateObjectMapping: 1.681189 ms MarkObjects: 119.100665 ms  DeleteObjects: 5.930641 ms)

Unloading 5 Unused Serialized files (Serialized files now loaded: 120)
[PhysX] Initialized MultithreadedTaskDispatcher with 4 workers.
UnloadTime: 170.101430 ms
Unloading 365 unused Assets to reduce memory usage. Loaded Objects now: 13474.
Total: 191.011479 ms (FindLiveObjects: 2.410408 ms CreateObjectMapping: 1.947927 ms MarkObjects: 172.814349 ms  DeleteObjects: 13.837795 ms)

Unloading 1 Unused Serialized files (Serialized files now loaded: 120)
[PhysX] Initialized MultithreadedTaskDispatcher with 4 workers.
UnloadTime: 0.438359 ms
Unloading 41 unused Assets to reduce memory usage. Loaded Objects now: 39181.
Total: 147.024431 ms (FindLiveObjects: 3.902363 ms CreateObjectMapping: 1.909783 ms MarkObjects: 134.551400 ms  DeleteObjects: 6.659832 ms)

Shader warmup: 146 shaders 1320 combinations 0.192s
Unloading 5 Unused Serialized files (Serialized files now loaded: 120)
[PhysX] Initialized MultithreadedTaskDispatcher with 4 workers.
UnloadTime: 129.535492 ms
Unloading 997 unused Assets to reduce memory usage. Loaded Objects now: 13512.
Total: 150.046964 ms (FindLiveObjects: 1.120704 ms CreateObjectMapping: 1.139339 ms MarkObjects: 132.043634 ms  DeleteObjects: 15.742740 ms)

[PhysX] Initialized MultithreadedTaskDispatcher with 4 workers.
UnloadTime: 0.588091 ms
Unloading 1 Unused Serialized files (Serialized files now loaded: 120)
Unloading 41 unused Assets to reduce memory usage. Loaded Objects now: 39219.
Total: 184.227514 ms (FindLiveObjects: 4.727388 ms CreateObjectMapping: 2.059715 ms MarkObjects: 169.698819 ms  DeleteObjects: 7.740379 ms)

Shader warmup: 146 shaders 1320 combinations 0.319s
Unloading 5 Unused Serialized files (Serialized files now loaded: 120)
[PhysX] Initialized MultithreadedTaskDispatcher with 4 workers.
UnloadTime: 143.480896 ms
Unloading 999 unused Assets to reduce memory usage. Loaded Objects now: 13550.
Total: 155.983249 ms (FindLiveObjects: 1.230102 ms CreateObjectMapping: 1.402427 ms MarkObjects: 138.400550 ms  DeleteObjects: 14.949178 ms)

Unloading 1 Unused Serialized files (Serialized files now loaded: 120)
[PhysX] Initialized MultithreadedTaskDispatcher with 4 workers.
UnloadTime: 0.520091 ms
Unloading 41 unused Assets to reduce memory usage. Loaded Objects now: 39257.
Total: 145.954443 ms (FindLiveObjects: 3.859290 ms CreateObjectMapping: 1.699020 ms MarkObjects: 133.286101 ms  DeleteObjects: 7.109237 ms)

Shader warmup: 146 shaders 1320 combinations 0.163s
Unloading 5 Unused Serialized files (Serialized files now loaded: 120)
[PhysX] Initialized MultithreadedTaskDispatcher with 4 workers.
UnloadTime: 311.828882 ms
Unloading 991 unused Assets to reduce memory usage. Loaded Objects now: 13582.
Total: 231.405221 ms (FindLiveObjects: 1.990537 ms CreateObjectMapping: 1.438664 ms MarkObjects: 214.409167 ms  DeleteObjects: 13.566056 ms)

Unloading 1 Unused Serialized files (Serialized files now loaded: 120)
[PhysX] Initialized MultithreadedTaskDispatcher with 4 workers.
UnloadTime: 0.748795 ms
Shader warmup: 185 shaders 1324 combinations 0.136s
Unloading 796 unused Assets to reduce memory usage. Loaded Objects now: 30885.
Total: 168.808410 ms (FindLiveObjects: 5.324853 ms CreateObjectMapping: 2.526836 ms MarkObjects: 152.683124 ms  DeleteObjects: 8.272292 ms)

<color=#0099bc><b>DOTWEEN ► </b></color>Tween startup failed (NULL target/property - UnityEngine.Color <DOColor>b__0()): the tween will now be killed ► Object reference not set to an instance of an object
Unloading 5 Unused Serialized files (Serialized files now loaded: 120)
[PhysX] Initialized MultithreadedTaskDispatcher with 4 workers.
UnloadTime: 143.017290 ms
Unloading 564 unused Assets to reduce memory usage. Loaded Objects now: 12882.
Total: 148.731953 ms (FindLiveObjects: 1.274545 ms CreateObjectMapping: 1.268945 ms MarkObjects: 134.129060 ms  DeleteObjects: 12.058048 ms)

Unloading 1 Unused Serialized files (Serialized files now loaded: 120)
[PhysX] Initialized MultithreadedTaskDispatcher with 4 workers.
UnloadTime: 0.548092 ms
Unloading 42 unused Assets to reduce memory usage. Loaded Objects now: 51816.
Total: 188.963678 ms (FindLiveObjects: 6.637654 ms CreateObjectMapping: 2.952505 ms MarkObjects: 168.933156 ms  DeleteObjects: 10.438962 ms)

Shader warmup: 149 shaders 1323 combinations 0.174s
<color=#0099bc><b>DOTWEEN ► </b></color>Tween startup failed (NULL target/property - UnityEngine.Color <DOColor>b__0()): the tween will now be killed ► Object reference not set to an instance of an object
Unloading 5 Unused Serialized files (Serialized files now loaded: 120)
[PhysX] Initialized MultithreadedTaskDispatcher with 4 workers.
UnloadTime: 69.896002 ms
Unloading 617 unused Assets to reduce memory usage. Loaded Objects now: 14174.
Total: 216.790958 ms (FindLiveObjects: 2.215345 ms CreateObjectMapping: 2.180811 ms MarkObjects: 194.863927 ms  DeleteObjects: 17.529855 ms)

<color=#0099bc><b>DOTWEEN ► </b></color>Tween startup failed (NULL target/property - ): the tween will now be killed ► 
<color=#0099bc><b>DOTWEEN ► </b></color>Tween startup failed (NULL target/property - ): the tween will now be killed ► 
<color=#0099bc><b>DOTWEEN ► </b></color>Tween startup failed (NULL target/property - ): the tween will now be killed ► 
<color=#0099bc><b>DOTWEEN ► </b></color>Tween startup failed (NULL target/property - ): the tween will now be killed ► 
<color=#0099bc><b>DOTWEEN ► </b></color>An error inside a tween callback was taken care of () ► 

  at (wrapper managed-to-native) UnityEngine.Behaviour.set_enabled(UnityEngine.Behaviour,bool)
  at DivineIntervention.<FadeAllCover>b__143_0 () [0x00000] in <55fce2444c7846f6a71b617320231172>:0 
  at DG.Tweening.Tween.OnTweenCallback (DG.Tweening.TweenCallback callback, DG.Tweening.Tween t) [0x00007] in <5ddb5fa70dfe40d2818192400111b9ec>:0 

Unloading 1 Unused Serialized files (Serialized files now loaded: 120)
[PhysX] Initialized MultithreadedTaskDispatcher with 4 workers.
UnloadTime: 0.833202 ms
Shader warmup: 187 shaders 1361 combinations 0.212s
<color=#0099bc><b>DOTWEEN ► </b></color>Tween startup failed (NULL target/property - UnityEngine.Color <DOColor>b__0()): the tween will now be killed ► Object reference not set to an instance of an object
Unloading 1021 unused Assets to reduce memory usage. Loaded Objects now: 52695.
Total: 172.788306 ms (FindLiveObjects: 7.197572 ms CreateObjectMapping: 2.197602 ms MarkObjects: 149.765896 ms  DeleteObjects: 13.626122 ms)

Unloading 5 Unused Serialized files (Serialized files now loaded: 120)
[PhysX] Initialized MultithreadedTaskDispatcher with 4 workers.
UnloadTime: 77.907310 ms
Unloading 598 unused Assets to reduce memory usage. Loaded Objects now: 14202.
Total: 188.718613 ms (FindLiveObjects: 1.525036 ms CreateObjectMapping: 1.374346 ms MarkObjects: 167.430941 ms  DeleteObjects: 18.387346 ms)

Unloading 1 Unused Serialized files (Serialized files now loaded: 120)
[PhysX] Initialized MultithreadedTaskDispatcher with 4 workers.
UnloadTime: 0.429911 ms
Unloading 42 unused Assets to reduce memory usage. Loaded Objects now: 52903.
Total: 172.011593 ms (FindLiveObjects: 6.105658 ms CreateObjectMapping: 1.990426 ms MarkObjects: 154.788738 ms  DeleteObjects: 9.125967 ms)

Shader warmup: 149 shaders 1323 combinations 0.171s
<color=#0099bc><b>DOTWEEN ► </b></color>Target or field is missing/null () ► 

  at (wrapper managed-to-native) UnityEngine.Behaviour.get_isActiveAndEnabled(UnityEngine.Behaviour)
  at UnityEngine.EventSystems.UIBehaviour.IsActive () [0x00000] in <8ea009e7c67e455d826cae679ff9b2ec>:0 
  at UnityEngine.UI.Graphic.SetVerticesDirty () [0x00000] in <8ea009e7c67e455d826cae679ff9b2ec>:0 
  at UnityEngine.UI.Graphic.set_color (UnityEngine.Color value) [0x0000e] in <8ea009e7c67e455d826cae679ff9b2ec>:0 
  at DG.Tweening.DOTweenModuleUI+<>c__DisplayClass3_0.<DOColor>b__1 (UnityEngine.Color x) [0x00000] in <9f15f15cca3f47eca142a95e47b6d83a>:0 
  at DG.Tweening.Plugins.ColorPlugin.EvaluateAndApply (DG.Tweening.Plugins.Options.ColorOptions options, DG.Tweening.Tween t, System.Boolean isRelative, DG.Tweening.Core.DOGetter`1[T] getter, DG.Tweening.Core.DOSetter`1[T] setter, System.Single elapsed, UnityEngine.Color startValue, UnityEngine.Color changeValue, System.Single duration, System.Boolean usingInversePosition, System.Int32 newCompletedSteps, DG.Tweening.Core.Enums.UpdateNotice updateNotice) [0x00112] in <5ddb5fa70dfe40d2818192400111b9ec>:0 
  at DG.Tweening.Core.TweenerCore`3[T1,T2,TPlugOptions].ApplyTween (System.Single prevPosition, System.Int32 prevCompletedLoops, System.Int32 newCompletedSteps, System.Boolean useInversePosition, DG.Tweening.Core.Enums.UpdateMode updateMode, DG.Tweening.Core.Enums.UpdateNotice updateNotice) [0x00043] in <5ddb5fa70dfe40d2818192400111b9ec>:0 

<color=#0099bc><b>DOTWEEN ► </b></color>Tween startup failed (NULL target/property - ): the tween will now be killed ► 
<color=#0099bc><b>DOTWEEN ► </b></color>Tween startup failed (NULL target/property - ): the tween will now be killed ► 
<color=#0099bc><b>DOTWEEN ► </b></color>Tween startup failed (NULL target/property - ): the tween will now be killed ► 
<color=#0099bc><b>DOTWEEN ► </b></color>Tween startup failed (NULL target/property - ): the tween will now be killed ► 
<color=#0099bc><b>DOTWEEN ► </b></color>Tween startup failed (NULL target/property - UnityEngine.Color <DOColor>b__0()): the tween will now be killed ► Object reference not set to an instance of an object
Unloading 5 Unused Serialized files (Serialized files now loaded: 120)
[PhysX] Initialized MultithreadedTaskDispatcher with 4 workers.
UnloadTime: 433.262200 ms
Unloading 1583 unused Assets to reduce memory usage. Loaded Objects now: 14250.
Total: 171.552711 ms (FindLiveObjects: 2.364329 ms CreateObjectMapping: 1.697135 ms MarkObjects: 146.526320 ms  DeleteObjects: 20.964028 ms)

<color=#0099bc><b>DOTWEEN ► </b></color>Tween startup failed (NULL target/property - ): the tween will now be killed ► 
<color=#0099bc><b>DOTWEEN ► </b></color>Tween startup failed (NULL target/property - ): the tween will now be killed ► 
<color=#0099bc><b>DOTWEEN ► </b></color>Tween startup failed (NULL target/property - ): the tween will now be killed ► 
<color=#0099bc><b>DOTWEEN ► </b></color>Tween startup failed (NULL target/property - ): the tween will now be killed ► 
<color=#0099bc><b>DOTWEEN ► </b></color>An error inside a tween callback was taken care of () ► 

  at (wrapper managed-to-native) UnityEngine.Behaviour.set_enabled(UnityEngine.Behaviour,bool)
  at DivineIntervention.<FadeAllCover>b__143_0 () [0x00000] in <55fce2444c7846f6a71b617320231172>:0 
  at DG.Tweening.Tween.OnTweenCallback (DG.Tweening.TweenCallback callback, DG.Tweening.Tween t) [0x00007] in <5ddb5fa70dfe40d2818192400111b9ec>:0 

Curl error 6: Could not resolve host: cdp.cloud.unity3d.com
Unloading 1 Unused Serialized files (Serialized files now loaded: 120)
[PhysX] Initialized MultithreadedTaskDispatcher with 4 workers.
UnloadTime: 0.558825 ms
Shader warmup: 187 shaders 1361 combinations 0.164s
<color=#0099bc><b>DOTWEEN ► </b></color>Tween startup failed (NULL target/property - UnityEngine.Color <DOColor>b__0()): the tween will now be killed ► Object reference not set to an instance of an object
Unloading 1021 unused Assets to reduce memory usage. Loaded Objects now: 52771.
Total: 169.904177 ms (FindLiveObjects: 9.974800 ms CreateObjectMapping: 4.151076 ms MarkObjects: 143.698643 ms  DeleteObjects: 12.078852 ms)

Unloading 5 Unused Serialized files (Serialized files now loaded: 120)
[PhysX] Initialized MultithreadedTaskDispatcher with 4 workers.
UnloadTime: 65.650198 ms
Unloading 597 unused Assets to reduce memory usage. Loaded Objects now: 14285.
Total: 186.251499 ms (FindLiveObjects: 1.495967 ms CreateObjectMapping: 1.119763 ms MarkObjects: 167.965451 ms  DeleteObjects: 15.669590 ms)

Unloading 1 Unused Serialized files (Serialized files now loaded: 120)
[PhysX] Initialized MultithreadedTaskDispatcher with 4 workers.
UnloadTime: 0.566560 ms
Unloading 42 unused Assets to reduce memory usage. Loaded Objects now: 52986.
Total: 173.074635 ms (FindLiveObjects: 7.993056 ms CreateObjectMapping: 2.241649 ms MarkObjects: 152.499527 ms  DeleteObjects: 10.339493 ms)

Shader warmup: 149 shaders 1323 combinations 0.173s
<color=#0099bc><b>DOTWEEN ► </b></color>Tween startup failed (NULL target/property - ): the tween will now be killed ► 
<color=#0099bc><b>DOTWEEN ► </b></color>Tween startup failed (NULL target/property - ): the tween will now be killed ► 
<color=#0099bc><b>DOTWEEN ► </b></color>Tween startup failed (NULL target/property - ): the tween will now be killed ► 
<color=#0099bc><b>DOTWEEN ► </b></color>Tween startup failed (NULL target/property - ): the tween will now be killed ► 
<color=#0099bc><b>DOTWEEN ► </b></color>Tween startup failed (NULL target/property - UnityEngine.Color <DOColor>b__0()): the tween will now be killed ► Object reference not set to an instance of an object
<color=#0099bc><b>DOTWEEN ► </b></color>An error inside a tween callback was taken care of () ► 

  at (wrapper managed-to-native) UnityEngine.Behaviour.set_enabled(UnityEngine.Behaviour,bool)
  at DivineIntervention.<FadeAllCover>b__143_0 () [0x00000] in <55fce2444c7846f6a71b617320231172>:0 
  at DG.Tweening.Tween.OnTweenCallback (DG.Tweening.TweenCallback callback, DG.Tweening.Tween t) [0x00007] in <5ddb5fa70dfe40d2818192400111b9ec>:0 

Unloading 5 Unused Serialized files (Serialized files now loaded: 120)
[PhysX] Initialized MultithreadedTaskDispatcher with 4 workers.
UnloadTime: 60.601684 ms
Unloading 1567 unused Assets to reduce memory usage. Loaded Objects now: 14323.
Total: 151.007823 ms (FindLiveObjects: 2.433304 ms CreateObjectMapping: 2.071107 ms MarkObjects: 130.243159 ms  DeleteObjects: 16.259273 ms)

Unloading 1 Unused Serialized files (Serialized files now loaded: 120)
[PhysX] Initialized MultithreadedTaskDispatcher with 4 workers.
UnloadTime: 0.436692 ms
Unloading 42 unused Assets to reduce memory usage. Loaded Objects now: 53024.
Total: 197.427211 ms (FindLiveObjects: 5.650391 ms CreateObjectMapping: 2.093333 ms MarkObjects: 178.155419 ms  DeleteObjects: 11.526886 ms)

Shader warmup: 149 shaders 1323 combinations 0.233s
<color=#0099bc><b>DOTWEEN ► </b></color>Tween startup failed (NULL target/property - ): the tween will now be killed ► 
<color=#0099bc><b>DOTWEEN ► </b></color>Tween startup failed (NULL target/property - ): the tween will now be killed ► 
<color=#0099bc><b>DOTWEEN ► </b></color>Tween startup failed (NULL target/property - ): the tween will now be killed ► 
<color=#0099bc><b>DOTWEEN ► </b></color>Tween startup failed (NULL target/property - ): the tween will now be killed ► 
<color=#0099bc><b>DOTWEEN ► </b></color>Tween startup failed (NULL target/property - UnityEngine.Color <DOColor>b__0()): the tween will now be killed ► Object reference not set to an instance of an object
<color=#0099bc><b>DOTWEEN ► </b></color>An error inside a tween callback was taken care of () ► 

  at (wrapper managed-to-native) UnityEngine.Behaviour.set_enabled(UnityEngine.Behaviour,bool)
  at DivineIntervention.<FadeAllCover>b__143_0 () [0x00000] in <55fce2444c7846f6a71b617320231172>:0 
  at DG.Tweening.Tween.OnTweenCallback (DG.Tweening.TweenCallback callback, DG.Tweening.Tween t) [0x00007] in <5ddb5fa70dfe40d2818192400111b9ec>:0 

generate settings!
<color=#0099bc><b>DOTWEEN ► </b></color>Max Tweens reached: capacity has automatically been increased from 1250/125 to 1250/312. Use DOTween.SetTweensCapacity to set it manually at startup
<color=#0099bc><b>DOTWEEN ► </b></color>Max Tweens reached: capacity has automatically been increased from 1250/312 to 3125/312. Use DOTween.SetTweensCapacity to set it manually at startup
<color=#0099bc><b>DOTWEEN ► </b></color>Max Tweens reached: capacity has automatically been increased from 3125/312 to 3125/780. Use DOTween.SetTweensCapacity to set it manually at startup
<color=#0099bc><b>DOTWEEN ► </b></color>Max Tweens reached: capacity has automatically been increased from 3125/780 to 7812/780. Use DOTween.SetTweensCapacity to set it manually at startup
<color=#0099bc><b>DOTWEEN ► </b></color>Max Tweens reached: capacity has automatically been increased from 7812/780 to 7812/1950. Use DOTween.SetTweensCapacity to set it manually at startup
Unloading 5 Unused Serialized files (Serialized files now loaded: 120)
[PhysX] Initialized MultithreadedTaskDispatcher with 4 workers.
UnloadTime: 74.894582 ms
Unloading 1590 unused Assets to reduce memory usage. Loaded Objects now: 14426.
Total: 182.424824 ms (FindLiveObjects: 1.845083 ms CreateObjectMapping: 2.552623 ms MarkObjects: 157.813038 ms  DeleteObjects: 20.213122 ms)

Unloading 2 Unused Serialized files (Serialized files now loaded: 120)
[PhysX] Initialized MultithreadedTaskDispatcher with 4 workers.
UnloadTime: 0.999446 ms
Shader warmup: 188 shaders 1362 combinations 0.211s
<color=#0099bc><b>DOTWEEN ► </b></color>Tween startup failed (NULL target/property - UnityEngine.Color <DOColor>b__0()): the tween will now be killed ► Object reference not set to an instance of an object
Unloading 1024 unused Assets to reduce memory usage. Loaded Objects now: 52894.
Total: 155.933545 ms (FindLiveObjects: 8.971600 ms CreateObjectMapping: 2.388325 ms MarkObjects: 127.135377 ms  DeleteObjects: 17.437394 ms)

Unloading 5 Unused Serialized files (Serialized files now loaded: 120)
[PhysX] Initialized MultithreadedTaskDispatcher with 4 workers.
UnloadTime: 63.545101 ms
Unloading 600 unused Assets to reduce memory usage. Loaded Objects now: 14408.
Total: 183.737392 ms (FindLiveObjects: 1.449446 ms CreateObjectMapping: 1.358219 ms MarkObjects: 159.987247 ms  DeleteObjects: 20.941678 ms)

Unloading 1 Unused Serialized files (Serialized files now loaded: 120)
[PhysX] Initialized MultithreadedTaskDispatcher with 4 workers.
UnloadTime: 0.531565 ms
Unloading 42 unused Assets to reduce memory usage. Loaded Objects now: 53109.
Total: 203.270051 ms (FindLiveObjects: 9.963208 ms CreateObjectMapping: 2.662726 ms MarkObjects: 181.128847 ms  DeleteObjects: 9.514288 ms)

Shader warmup: 150 shaders 1324 combinations 5.035s
<color=#0099bc><b>DOTWEEN ► </b></color>Tween startup failed (NULL target/property - ): the tween will now be killed ► 
<color=#0099bc><b>DOTWEEN ► </b></color>Tween startup failed (NULL target/property - ): the tween will now be killed ► 
<color=#0099bc><b>DOTWEEN ► </b></color>Tween startup failed (NULL target/property - ): the tween will now be killed ► 
<color=#0099bc><b>DOTWEEN ► </b></color>Tween startup failed (NULL target/property - ): the tween will now be killed ► 
<color=#0099bc><b>DOTWEEN ► </b></color>Tween startup failed (NULL target/property - UnityEngine.Color <DOColor>b__0()): the tween will now be killed ► Object reference not set to an instance of an object
<color=#0099bc><b>DOTWEEN ► </b></color>An error inside a tween callback was taken care of () ► 

  at (wrapper managed-to-native) UnityEngine.Behaviour.set_enabled(UnityEngine.Behaviour,bool)
  at DivineIntervention.<FadeAllCover>b__143_0 () [0x00000] in <55fce2444c7846f6a71b617320231172>:0 
  at DG.Tweening.Tween.OnTweenCallback (DG.Tweening.TweenCallback callback, DG.Tweening.Tween t) [0x00007] in <5ddb5fa70dfe40d2818192400111b9ec>:0 

Unloading 5 Unused Serialized files (Serialized files now loaded: 120)
[PhysX] Initialized MultithreadedTaskDispatcher with 4 workers.
UnloadTime: 262.801611 ms
Unloading 1564 unused Assets to reduce memory usage. Loaded Objects now: 14446.
Total: 196.322605 ms (FindLiveObjects: 2.393227 ms CreateObjectMapping: 1.472306 ms MarkObjects: 141.348319 ms  DeleteObjects: 51.108019 ms)

<color=#0099bc><b>DOTWEEN ► </b></color>Tween startup failed (NULL target/property - ): the tween will now be killed ► 
<color=#0099bc><b>DOTWEEN ► </b></color>Tween startup failed (NULL target/property - ): the tween will now be killed ► 
<color=#0099bc><b>DOTWEEN ► </b></color>Tween startup failed (NULL target/property - ): the tween will now be killed ► 
<color=#0099bc><b>DOTWEEN ► </b></color>Tween startup failed (NULL target/property - ): the tween will now be killed ► 
<color=#0099bc><b>DOTWEEN ► </b></color>An error inside a tween callback was taken care of () ► 

  at (wrapper managed-to-native) UnityEngine.Behaviour.set_enabled(UnityEngine.Behaviour,bool)
  at DivineIntervention.<FadeAllCover>b__143_0 () [0x00000] in <55fce2444c7846f6a71b617320231172>:0 
  at DG.Tweening.Tween.OnTweenCallback (DG.Tweening.TweenCallback callback, DG.Tweening.Tween t) [0x00007] in <5ddb5fa70dfe40d2818192400111b9ec>:0 

[PhysX] Initialized MultithreadedTaskDispatcher with 4 workers.
UnloadTime: 1.665633 ms
Curl error 6: Could not resolve host: cdp.cloud.unity3d.com
<color=#ff7337><color=#0099bc><b>DOTWEEN ► </b></color> SAFE MODE ►</color> DOTween's safe mode captured 63 errors. This is usually ok (it's what safe mode is there for) but if your game is encountering issues you should set Log Behaviour to Default in DOTween Utility Panel in order to get detailed warnings when an error is captured (consider that these errors are always on the user side).
- 16 missing target or field errors
- 39 startup errors
- 8 errors inside callbacks (these might be important)
Memory Statistics:
[ALLOC_TEMP_TLS] TLS Allocator
  StackAllocators : 
    [ALLOC_TEMP_MAIN]
      Peak usage frame count: [0-1.0 KB]: 11 frames, [2.0 KB-4.0 KB]: 5 frames, [4.0 KB-8.0 KB]: 17005 frames, [8.0 KB-16.0 KB]: 887 frames, [16.0 KB-32.0 KB]: 56 frames, [32.0 KB-64.0 KB]: 37 frames, [64.0 KB-128.0 KB]: 7753 frames, [128.0 KB-256.0 KB]: 1 frames, [256.0 KB-0.5 MB]: 4719 frames, [0.5 MB-1.0 MB]: 11 frames, [1.0 MB-2.0 MB]: 11 frames, [2.0 MB-4.0 MB]: 20 frames, [4.0 MB-8.0 MB]: 2 frames
      Initial Block Size 4.0 MB
      Current Block Size 6.8 MB
      Peak Allocated Bytes 6.8 MB
      Overflow Count 0
    [ALLOC_TEMP_Loading.AsyncRead]
      Initial Block Size 64.0 KB
      Current Block Size 64.0 KB
      Peak Allocated Bytes 1.5 KB
      Overflow Count 0
    [ALLOC_TEMP_Loading.PreloadManager]
      Initial Block Size 256.0 KB
      Current Block Size 0.5 MB
      Peak Allocated Bytes 434.6 KB
      Overflow Count 3717
    [ALLOC_TEMP_Background Job.Worker 8]
      Initial Block Size 32.0 KB
      Current Block Size 32.0 KB
      Peak Allocated Bytes 0 B
      Overflow Count 0
    [ALLOC_TEMP_Background Job.Worker 9]
      Initial Block Size 32.0 KB
      Current Block Size 32.0 KB
      Peak Allocated Bytes 0 B
      Overflow Count 0
    [ALLOC_TEMP_Job.Worker 0]
      Initial Block Size 256.0 KB
      Current Block Size 276.0 KB
      Peak Allocated Bytes 133.9 KB
      Overflow Count 0
    [ALLOC_TEMP_Background Job.Worker 10]
      Initial Block Size 32.0 KB
      Current Block Size 32.0 KB
      Peak Allocated Bytes 0 B
      Overflow Count 0
    [ALLOC_TEMP_Background Job.Worker 14]
      Initial Block Size 32.0 KB
      Current Block Size 32.0 KB
      Peak Allocated Bytes 0 B
      Overflow Count 0
    [ALLOC_TEMP_Background Job.Worker 6]
      Initial Block Size 32.0 KB
      Current Block Size 32.0 KB
      Peak Allocated Bytes 0 B
      Overflow Count 0
    [ALLOC_TEMP_Background Job.Worker 12]
      Initial Block Size 32.0 KB
      Current Block Size 32.0 KB
      Peak Allocated Bytes 0 B
      Overflow Count 0
    [ALLOC_TEMP_EnlightenWorker] x 2
      Initial Block Size 64.0 KB
      Current Block Size 64.0 KB
      Peak Allocated Bytes 0 B
      Overflow Count 0
    [ALLOC_TEMP_Background Job.Worker 15]
      Initial Block Size 32.0 KB
      Current Block Size 32.0 KB
      Peak Allocated Bytes 0 B
      Overflow Count 0
    [ALLOC_TEMP_Background Job.Worker 1]
      Initial Block Size 32.0 KB
      Current Block Size 32.0 KB
      Peak Allocated Bytes 16.8 KB
      Overflow Count 1
    [ALLOC_TEMP_Background Job.Worker 2]
      Initial Block Size 32.0 KB
      Current Block Size 32.0 KB
      Peak Allocated Bytes 16.8 KB
      Overflow Count 0
    [ALLOC_TEMP_Background Job.Worker 7]
      Initial Block Size 32.0 KB
      Current Block Size 32.0 KB
      Peak Allocated Bytes 0 B
      Overflow Count 0
    [ALLOC_TEMP_UnityGfxDeviceWorker]
      Initial Block Size 256.0 KB
      Current Block Size 256.0 KB
      Peak Allocated Bytes 92.2 KB
      Overflow Count 0
    [ALLOC_TEMP_AssetGarbageCollectorHelper] x 3
      Initial Block Size 64.0 KB
      Current Block Size 64.0 KB
      Peak Allocated Bytes 0 B
      Overflow Count 0
    [ALLOC_TEMP_Background Job.Worker 5]
      Initial Block Size 32.0 KB
      Current Block Size 32.0 KB
      Peak Allocated Bytes 0 B
      Overflow Count 0
    [ALLOC_TEMP_Background Job.Worker 13]
      Initial Block Size 32.0 KB
      Current Block Size 32.0 KB
      Peak Allocated Bytes 0 B
      Overflow Count 0
    [ALLOC_TEMP_Job.Worker 1]
      Initial Block Size 256.0 KB
      Current Block Size 276.0 KB
      Peak Allocated Bytes 133.9 KB
      Overflow Count 0
    [ALLOC_TEMP_Job.Worker 2]
      Initial Block Size 256.0 KB
      Current Block Size 276.0 KB
      Peak Allocated Bytes 133.9 KB
      Overflow Count 0
    [ALLOC_TEMP_Background Job.Worker 3]
      Initial Block Size 32.0 KB
      Current Block Size 32.0 KB
      Peak Allocated Bytes 0 B
      Overflow Count 0
    [ALLOC_TEMP_Background Job.Worker 11]
      Initial Block Size 32.0 KB
      Current Block Size 32.0 KB
      Peak Allocated Bytes 0 B
      Overflow Count 0
    [ALLOC_TEMP_Background Job.Worker 0]
      Initial Block Size 32.0 KB
      Current Block Size 32.0 KB
      Peak Allocated Bytes 0 B
      Overflow Count 0
    [ALLOC_TEMP_CloudJob.Worker 0]
      Initial Block Size 32.0 KB
      Current Block Size 32.0 KB
      Peak Allocated Bytes 3.1 KB
      Overflow Count 0
    [ALLOC_TEMP_Background Job.Worker 4]
      Initial Block Size 32.0 KB
      Current Block Size 32.0 KB
      Peak Allocated Bytes 0 B
      Overflow Count 0
    [ALLOC_TEMP_BatchDeleteObjects]
      Initial Block Size 64.0 KB
      Current Block Size 64.0 KB
      Peak Allocated Bytes 0 B
      Overflow Count 0
[ALLOC_DEFAULT] Dual Thread Allocator
  Peak main deferred allocation count 59402
    [ALLOC_BUCKET]
      Large Block size 4.0 MB
      Used Block count 1
      Peak Allocated bytes 4.0 MB
      Failed Allocations. Bucket layout:
        16B: 13 Subsections = 13312 buckets. Failed count: 1182046
        32B: 28 Subsections = 14336 buckets. Failed count: 638023
        48B: 36 Subsections = 12288 buckets. Failed count: 1693217
        64B: 86 Subsections = 22016 buckets. Failed count: 5918877
        80B: 44 Subsections = 9011 buckets. Failed count: 114207
        96B: 12 Subsections = 2048 buckets. Failed count: 161932
        112B: 15 Subsections = 2194 buckets. Failed count: 10354
        128B: 22 Subsections = 2816 buckets. Failed count: 193117
    [ALLOC_DEFAULT_MAIN]
      Peak usage frame count: [32.0 MB-64.0 MB]: 13 frames, [64.0 MB-128.0 MB]: 23511 frames, [128.0 MB-256.0 MB]: 6994 frames
      Requested Block Size 16.0 MB
      Peak Block count 9
      Peak Allocated memory 157.9 MB
      Peak Large allocation bytes 45.5 MB
    [ALLOC_DEFAULT_THREAD]
      Peak usage frame count: [4.0 MB-8.0 MB]: 13 frames, [8.0 MB-16.0 MB]: 7316 frames, [16.0 MB-32.0 MB]: 2895 frames, [32.0 MB-64.0 MB]: 3460 frames, [64.0 MB-128.0 MB]: 16834 frames
      Requested Block Size 16.0 MB
      Peak Block count 3
      Peak Allocated memory 113.0 MB
      Peak Large allocation bytes 91.4 MB
[ALLOC_TEMP_JOB_1_FRAME]
  Initial Block Size 2.0 MB
  Used Block Count 0
  Overflow Count (too large) 0
  Overflow Count (full) 0
[ALLOC_TEMP_JOB_2_FRAMES]
  Initial Block Size 2.0 MB
  Used Block Count 0
  Overflow Count (too large) 0
  Overflow Count (full) 0
[ALLOC_TEMP_JOB_4_FRAMES (JobTemp)]
  Initial Block Size 2.0 MB
  Used Block Count 1
  Overflow Count (too large) 0
  Overflow Count (full) 0
[ALLOC_TEMP_JOB_ASYNC (Background)]
  Initial Block Size 1.0 MB
  Used Block Count 1
  Overflow Count (too large) 0
  Overflow Count (full) 0
[ALLOC_GFX] Dual Thread Allocator
  Peak main deferred allocation count 86
    [ALLOC_BUCKET]
      Large Block size 4.0 MB
      Used Block count 1
      Peak Allocated bytes 4.0 MB
      Failed Allocations. Bucket layout:
        16B: 13 Subsections = 13312 buckets. Failed count: 1182046
        32B: 28 Subsections = 14336 buckets. Failed count: 638023
        48B: 36 Subsections = 12288 buckets. Failed count: 1693217
        64B: 86 Subsections = 22016 buckets. Failed count: 5918877
        80B: 44 Subsections = 9011 buckets. Failed count: 114207
        96B: 12 Subsections = 2048 buckets. Failed count: 161932
        112B: 15 Subsections = 2194 buckets. Failed count: 10354
        128B: 22 Subsections = 2816 buckets. Failed count: 193117
    [ALLOC_GFX_MAIN]
      Peak usage frame count: [1.0 MB-2.0 MB]: 13 frames, [2.0 MB-4.0 MB]: 679 frames, [4.0 MB-8.0 MB]: 23463 frames, [8.0 MB-16.0 MB]: 915 frames, [16.0 MB-32.0 MB]: 1 frames, [64.0 MB-128.0 MB]: 5447 frames
      Requested Block Size 16.0 MB
      Peak Block count 6
      Peak Allocated memory 88.2 MB
      Peak Large allocation bytes 0 B
    [ALLOC_GFX_THREAD]
      Peak usage frame count: [4.0 KB-8.0 KB]: 13 frames, [64.0 KB-128.0 KB]: 7226 frames, [1.0 MB-2.0 MB]: 3463 frames, [2.0 MB-4.0 MB]: 1850 frames, [4.0 MB-8.0 MB]: 17966 frames
      Requested Block Size 16.0 MB
      Peak Block count 1
      Peak Allocated memory 4.5 MB
      Peak Large allocation bytes 0 B
[ALLOC_CACHEOBJECTS] Dual Thread Allocator
  Peak main deferred allocation count 2754
    [ALLOC_BUCKET]
      Large Block size 4.0 MB
      Used Block count 1
      Peak Allocated bytes 4.0 MB
      Failed Allocations. Bucket layout:
        16B: 13 Subsections = 13312 buckets. Failed count: 1182046
        32B: 28 Subsections = 14336 buckets. Failed count: 638023
        48B: 36 Subsections = 12288 buckets. Failed count: 1693217
        64B: 86 Subsections = 22016 buckets. Failed count: 5918877
        80B: 44 Subsections = 9011 buckets. Failed count: 114207
        96B: 12 Subsections = 2048 buckets. Failed count: 161932
        112B: 15 Subsections = 2194 buckets. Failed count: 10354
        128B: 22 Subsections = 2816 buckets. Failed count: 193117
    [ALLOC_CACHEOBJECTS_MAIN]
      Peak usage frame count: [16.0 MB-32.0 MB]: 30518 frames
      Requested Block Size 4.0 MB
      Peak Block count 5
      Peak Allocated memory 27.4 MB
      Peak Large allocation bytes 8.9 MB
    [ALLOC_CACHEOBJECTS_THREAD]
      Peak usage frame count: [32.0 MB-64.0 MB]: 8980 frames, [64.0 MB-128.0 MB]: 21463 frames, [128.0 MB-256.0 MB]: 75 frames
      Requested Block Size 4.0 MB
      Peak Block count 13
      Peak Allocated memory 134.5 MB
      Peak Large allocation bytes 104.0 MB
[ALLOC_TYPETREE] Dual Thread Allocator
  Peak main deferred allocation count 2
    [ALLOC_BUCKET]
      Large Block size 4.0 MB
      Used Block count 1
      Peak Allocated bytes 4.0 MB
      Failed Allocations. Bucket layout:
        16B: 13 Subsections = 13312 buckets. Failed count: 1182046
        32B: 28 Subsections = 14336 buckets. Failed count: 638023
        48B: 36 Subsections = 12288 buckets. Failed count: 1693217
        64B: 86 Subsections = 22016 buckets. Failed count: 5918877
        80B: 44 Subsections = 9011 buckets. Failed count: 114207
        96B: 12 Subsections = 2048 buckets. Failed count: 161932
        112B: 15 Subsections = 2194 buckets. Failed count: 10354
        128B: 22 Subsections = 2816 buckets. Failed count: 193117
    [ALLOC_TYPETREE_MAIN]
      Peak usage frame count: [256.0 KB-0.5 MB]: 30518 frames
      Requested Block Size 2.0 MB
      Peak Block count 1
      Peak Allocated memory 366.6 KB
      Peak Large allocation bytes 0 B
    [ALLOC_TYPETREE_THREAD]
      Peak usage frame count: [8.0 KB-16.0 KB]: 8787 frames, [1.0 MB-2.0 MB]: 46 frames, [2.0 MB-4.0 MB]: 53 frames, [4.0 MB-8.0 MB]: 52 frames, [8.0 MB-16.0 MB]: 30 frames, [16.0 MB-32.0 MB]: 21550 frames
      Requested Block Size 2.0 MB
      Peak Block count 14
      Peak Allocated memory 24.2 MB
      Peak Large allocation bytes 0 B
src/steamnetworkingsockets/clientlib/steamnetworkingsockets_lowlevel.cpp (2569) : Assertion Failed: SteamnetworkingSockets service thread waited 120ms for lock!  This directly adds to network latency!  It could be a bug, but it's usually caused by general performance problem such as thread starvation or a debug output handler taking too long.
