2024-10-18 14:47:29.506 [info] Added views:workbench.panel.markers.view in workbench.panel.markers
2024-10-18 14:47:29.506 [info] Added views:workbench.panel.output in workbench.panel.output
2024-10-18 14:47:29.506 [info] Added views:terminal in terminal
2024-10-18 14:47:29.507 [info] Added views:outline in workbench.view.explorer
2024-10-18 14:47:29.507 [info] Added views:workbench.scm in workbench.view.scm
2024-10-18 14:47:29.507 [info] Added views:workbench.view.search in workbench.view.search
2024-10-18 14:47:29.507 [info] Added views:timeline in workbench.view.explorer
2024-10-18 14:47:29.507 [info] Added views:workbench.explorer.emptyView in workbench.view.explorer
2024-10-18 14:47:30.525 [info] Added views:workbench.debug.variablesView,workbench.debug.watchExpressionsView,workbench.debug.callStackView,workbench.debug.breakPointsView in workbench.view.debug
2024-10-18 14:47:31.245 [info] Added views:~remote.forwardedPorts in ~remote.forwardedPortsContainer
2024-10-18 14:47:31.849 [info] Added views:workbench.panel.repl.view in workbench.panel.repl
2024-10-18 14:47:31.850 [info] Removed views:workbench.debug.breakPointsView,workbench.debug.callStackView,workbench.debug.watchExpressionsView,workbench.debug.variablesView from workbench.view.debug
2024-10-18 14:47:31.858 [info] Added views:workbench.debug.welcome in workbench.view.debug
2024-10-18 14:48:15.515 [info] Added views:workbench.panel.markers.view in workbench.panel.markers
2024-10-18 14:48:15.515 [info] Added views:workbench.panel.output in workbench.panel.output
2024-10-18 14:48:15.515 [info] Added views:terminal in terminal
2024-10-18 14:48:15.515 [info] Added views:outline in workbench.view.explorer
2024-10-18 14:48:15.515 [info] Added views:workbench.scm in workbench.view.scm
2024-10-18 14:48:15.515 [info] Added views:workbench.view.search in workbench.view.search
2024-10-18 14:48:15.515 [info] Added views:timeline in workbench.view.explorer
2024-10-18 14:48:15.515 [info] Added views:workbench.explorer.fileView in workbench.view.explorer
2024-10-18 14:48:16.615 [info] Added views:workbench.debug.variablesView,workbench.debug.watchExpressionsView,workbench.debug.callStackView,workbench.debug.breakPointsView in workbench.view.debug
2024-10-18 14:48:17.408 [info] Added views:~remote.forwardedPorts in ~remote.forwardedPortsContainer
2024-10-18 14:48:17.863 [info] Added views:workbench.panel.repl.view in workbench.panel.repl
2024-10-18 14:48:17.863 [info] Removed views:workbench.debug.breakPointsView,workbench.debug.callStackView,workbench.debug.watchExpressionsView,workbench.debug.variablesView from workbench.view.debug
2024-10-18 14:48:17.864 [info] Added views:workbench.debug.welcome in workbench.view.debug
2024-10-18 14:57:28.894 [info] Added views:workbench.views.extensions.installed,workbench.views.extensions.popular,extensions.recommendedList in workbench.view.extensions
2024-10-18 14:57:28.894 [info] Removed views:workbench.views.extensions.popular from workbench.view.extensions
2024-10-18 14:57:32.122 [info] Removed views:extensions.recommendedList,workbench.views.extensions.installed from workbench.view.extensions
2024-10-18 14:57:32.123 [info] Added views:workbench.views.extensions.marketplace in workbench.view.extensions
