2024-10-09 12:37:01.420 [info] Added views:workbench.panel.markers.view in workbench.panel.markers
2024-10-09 12:37:01.420 [info] Added views:workbench.panel.output in workbench.panel.output
2024-10-09 12:37:01.420 [info] Added views:terminal in terminal
2024-10-09 12:37:01.420 [info] Added views:outline in workbench.view.explorer
2024-10-09 12:37:01.420 [info] Added views:workbench.scm in workbench.view.scm
2024-10-09 12:37:01.420 [info] Added views:workbench.view.search in workbench.view.search
2024-10-09 12:37:01.420 [info] Added views:timeline in workbench.view.explorer
2024-10-09 12:37:01.420 [info] Added views:workbench.explorer.fileView in workbench.view.explorer
2024-10-09 12:37:02.195 [info] Added views:workbench.debug.welcome in workbench.view.debug
2024-10-09 12:37:06.419 [info] Added views:~remote.forwardedPorts in ~remote.forwardedPortsContainer
2024-10-09 12:37:08.417 [info] Added views:workbench.panel.repl.view in workbench.panel.repl
2024-10-09 13:02:46.052 [info] Added views:workbench.panel.markers.view in workbench.panel.markers
2024-10-09 13:02:46.052 [info] Added views:workbench.panel.output in workbench.panel.output
2024-10-09 13:02:46.052 [info] Added views:terminal in terminal
2024-10-09 13:02:46.052 [info] Added views:outline in workbench.view.explorer
2024-10-09 13:02:46.052 [info] Added views:workbench.scm in workbench.view.scm
2024-10-09 13:02:46.052 [info] Added views:workbench.view.search in workbench.view.search
2024-10-09 13:02:46.052 [info] Added views:timeline in workbench.view.explorer
2024-10-09 13:02:46.052 [info] Added views:workbench.explorer.fileView in workbench.view.explorer
2024-10-09 13:02:46.754 [info] Added views:workbench.debug.variablesView,workbench.debug.watchExpressionsView,workbench.debug.callStackView,workbench.debug.breakPointsView in workbench.view.debug
2024-10-09 13:02:47.922 [info] Added views:~remote.forwardedPorts in ~remote.forwardedPortsContainer
2024-10-09 13:02:48.416 [info] Added views:workbench.panel.repl.view in workbench.panel.repl
2024-10-09 13:02:48.418 [info] Removed views:workbench.debug.breakPointsView,workbench.debug.callStackView,workbench.debug.watchExpressionsView,workbench.debug.variablesView from workbench.view.debug
2024-10-09 13:02:48.420 [info] Added views:workbench.debug.welcome in workbench.view.debug
2024-10-09 13:02:49.051 [info] Added views:workbench.scm.history in workbench.view.scm
2024-10-09 21:56:08.409 [info] Removed views:workbench.scm.history from workbench.view.scm
