2024-10-16 15:11:01.362 [info] [main] Log level: Info
2024-10-16 15:11:01.362 [info] [main] Validating found git in: "git"
2024-10-16 15:11:01.362 [info] [main] Using git "2.46.2" from "git"
2024-10-16 15:11:01.362 [info] [Model][doInitialScan] Initial repository scan started
2024-10-16 15:11:01.362 [info] > git rev-parse --show-toplevel [20ms]
2024-10-16 15:11:01.362 [info] > git rev-parse --git-dir --git-common-dir [388ms]
2024-10-16 15:11:01.362 [info] [Model][openRepository] Opened repository: /home/kasene/sprig
2024-10-16 15:11:01.362 [info] > git rev-parse --show-toplevel [30ms]
2024-10-16 15:11:01.362 [info] > git config --get commit.template [49ms]
2024-10-16 15:11:01.415 [info] > git for-each-ref --format=%(refname)%00%(upstream:short)%00%(objectname)%00%(upstream:track)%00%(upstream:remotename)%00%(upstream:remoteref) refs/heads/main refs/remotes/main [38ms]
2024-10-16 15:11:01.435 [warning] [Git][revParse] Unable to read file: ENOENT: no such file or directory, open '/home/kasene/sprig/.git/refs/remotes/origin/main'
2024-10-16 15:11:01.451 [info] > git rev-parse refs/remotes/origin/main [16ms]
2024-10-16 15:11:01.573 [info] > git rev-parse --show-toplevel [13ms]
2024-10-16 15:11:01.619 [info] > git rev-parse --show-toplevel [9ms]
2024-10-16 15:11:01.659 [info] > git rev-parse --show-toplevel [6ms]
2024-10-16 15:11:01.726 [info] > git rev-parse --show-toplevel [7ms]
2024-10-16 15:11:01.813 [info] > git rev-parse --show-toplevel [19ms]
2024-10-16 15:11:02.039 [info] > git rev-parse --show-toplevel [145ms]
2024-10-16 15:11:02.079 [info] > git check-ignore -v -z --stdin [54ms]
2024-10-16 15:11:02.101 [info] > git rev-parse --show-toplevel [23ms]
2024-10-16 15:11:02.131 [info] > git rev-parse --show-toplevel [17ms]
2024-10-16 15:11:02.185 [info] > git rev-parse --show-toplevel [1ms]
2024-10-16 15:11:02.247 [info] > git rev-parse --show-toplevel [14ms]
2024-10-16 15:11:02.306 [info] > git rev-parse --show-toplevel [1ms]
2024-10-16 15:11:02.341 [info] > git rev-parse --show-toplevel [1ms]
2024-10-16 15:11:02.357 [info] > git rev-parse --show-toplevel [3ms]
2024-10-16 15:11:02.385 [info] > git rev-parse --show-toplevel [2ms]
2024-10-16 15:11:02.439 [info] > git rev-parse --show-toplevel [4ms]
2024-10-16 15:11:02.440 [info] [Model][doInitialScan] Initial repository scan completed - repositories (1), closed repositories (0), parent repositories (0), unsafe repositories (0)
2024-10-16 15:11:03.963 [info] > git status -z -uall [2449ms]
2024-10-16 15:11:03.963 [info] > git show --textconv :jail/worthless_clicker.js [61ms]
2024-10-16 15:11:04.047 [info] > git ls-files --stage -- /home/kasene/sprig/jail/worthless_clicker.js [102ms]
2024-10-16 15:11:04.078 [info] > git for-each-ref --format=%(refname)%00%(upstream:short)%00%(objectname)%00%(upstream:track)%00%(upstream:remotename)%00%(upstream:remoteref) refs/heads/main refs/remotes/main [60ms]
2024-10-16 15:11:04.331 [info] > git config --local branch.main.vscode-merge-base [208ms]
2024-10-16 15:11:04.378 [info] > git config --get commit.template [301ms]
2024-10-16 15:11:04.411 [info] > git for-each-ref --format=%(refname)%00%(upstream:short)%00%(objectname)%00%(upstream:track)%00%(upstream:remotename)%00%(upstream:remoteref) refs/heads/origin/main refs/remotes/origin/main [34ms]
2024-10-16 15:11:04.447 [info] > git for-each-ref --format=%(refname)%00%(upstream:short)%00%(objectname)%00%(upstream:track)%00%(upstream:remotename)%00%(upstream:remoteref) refs/heads/main refs/remotes/main [44ms]
2024-10-16 15:11:04.516 [warning] [Git][revParse] Unable to read file: ENOENT: no such file or directory, open '/home/kasene/sprig/.git/refs/remotes/origin/main'
2024-10-16 15:11:04.517 [info] > git merge-base refs/heads/main refs/remotes/origin/main [83ms]
2024-10-16 15:11:04.539 [info] > git rev-list --count --left-right refs/heads/main...refs/remotes/origin/main [4ms]
2024-10-16 15:11:04.552 [info] > git rev-parse refs/remotes/origin/main [37ms]
2024-10-16 15:11:04.573 [info] > git diff --name-status -z --diff-filter=ADMR d1705616f919d588b96e3775aef75692ef849758...refs/remotes/origin/main [21ms]
2024-10-16 15:11:05.253 [info] > git status -z -uall [686ms]
2024-10-16 15:11:05.282 [info] > git for-each-ref --format=%(refname)%00%(upstream:short)%00%(objectname)%00%(upstream:track)%00%(upstream:remotename)%00%(upstream:remoteref) refs/heads/main refs/remotes/main [18ms]
2024-10-16 15:11:05.296 [info] > git config --local branch.main.vscode-merge-base [2ms]
2024-10-16 15:11:05.312 [info] > git for-each-ref --format=%(refname)%00%(upstream:short)%00%(objectname)%00%(upstream:track)%00%(upstream:remotename)%00%(upstream:remoteref) refs/heads/origin/main refs/remotes/origin/main [1ms]
2024-10-16 15:11:12.273 [info] > git check-ignore -v -z --stdin [13ms]
2024-10-16 15:11:33.149 [info] > git show --textconv :jail/worthless_clicker.js [84ms]
2024-10-16 15:11:33.155 [info] > git ls-files --stage -- /home/kasene/sprig/jail/worthless_clicker.js [23ms]
2024-10-16 15:11:35.331 [info] > git config --get commit.template [15ms]
2024-10-16 15:11:35.349 [info] > git for-each-ref --format=%(refname)%00%(upstream:short)%00%(objectname)%00%(upstream:track)%00%(upstream:remotename)%00%(upstream:remoteref) refs/heads/main refs/remotes/main [20ms]
2024-10-16 15:11:35.362 [warning] [Git][revParse] Unable to read file: ENOENT: no such file or directory, open '/home/kasene/sprig/.git/refs/remotes/origin/main'
2024-10-16 15:11:35.364 [info] > git rev-parse refs/remotes/origin/main [3ms]
2024-10-16 15:11:35.827 [info] > git status -z -uall [451ms]
2024-10-16 15:11:35.845 [info] > git for-each-ref --format=%(refname)%00%(upstream:short)%00%(objectname)%00%(upstream:track)%00%(upstream:remotename)%00%(upstream:remoteref) refs/heads/main refs/remotes/main [5ms]
2024-10-16 15:11:35.867 [info] > git config --local branch.main.vscode-merge-base [6ms]
2024-10-16 15:11:35.883 [info] > git for-each-ref --format=%(refname)%00%(upstream:short)%00%(objectname)%00%(upstream:track)%00%(upstream:remotename)%00%(upstream:remoteref) refs/heads/origin/main refs/remotes/origin/main [3ms]
2024-10-16 15:12:30.493 [info] > git config --get commit.template [58ms]
2024-10-16 15:12:30.516 [info] > git for-each-ref --format=%(refname)%00%(upstream:short)%00%(objectname)%00%(upstream:track)%00%(upstream:remotename)%00%(upstream:remoteref) refs/heads/main refs/remotes/main [44ms]
2024-10-16 15:12:30.573 [warning] [Git][revParse] Unable to read file: ENOENT: no such file or directory, open '/home/kasene/sprig/.git/refs/remotes/origin/main'
2024-10-16 15:12:30.595 [info] > git rev-parse refs/remotes/origin/main [22ms]
2024-10-16 15:12:33.442 [info] > git status -z -uall [2819ms]
2024-10-16 15:12:33.576 [info] > git for-each-ref --format=%(refname)%00%(upstream:short)%00%(objectname)%00%(upstream:track)%00%(upstream:remotename)%00%(upstream:remoteref) refs/heads/main refs/remotes/main [65ms]
2024-10-16 15:12:33.633 [info] > git config --local branch.main.vscode-merge-base [9ms]
2024-10-16 15:12:33.665 [info] > git for-each-ref --format=%(refname)%00%(upstream:short)%00%(objectname)%00%(upstream:track)%00%(upstream:remotename)%00%(upstream:remoteref) refs/heads/origin/main refs/remotes/origin/main [7ms]
2024-10-16 15:17:57.378 [info] > git config --get commit.template [32ms]
2024-10-16 15:17:57.390 [info] > git for-each-ref --format=%(refname)%00%(upstream:short)%00%(objectname)%00%(upstream:track)%00%(upstream:remotename)%00%(upstream:remoteref) refs/heads/main refs/remotes/main [28ms]
2024-10-16 15:17:57.404 [warning] [Git][revParse] Unable to read file: ENOENT: no such file or directory, open '/home/kasene/sprig/.git/refs/remotes/origin/main'
2024-10-16 15:17:57.406 [info] > git rev-parse refs/remotes/origin/main [3ms]
2024-10-16 15:17:58.186 [info] > git status -z -uall [767ms]
2024-10-16 15:17:58.218 [info] > git for-each-ref --format=%(refname)%00%(upstream:short)%00%(objectname)%00%(upstream:track)%00%(upstream:remotename)%00%(upstream:remoteref) refs/heads/main refs/remotes/main [10ms]
2024-10-16 15:17:58.237 [info] > git config --local branch.main.vscode-merge-base [5ms]
2024-10-16 15:17:58.254 [info] > git for-each-ref --format=%(refname)%00%(upstream:short)%00%(objectname)%00%(upstream:track)%00%(upstream:remotename)%00%(upstream:remoteref) refs/heads/origin/main refs/remotes/origin/main [4ms]
2024-10-16 15:19:16.691 [info] > git config --get commit.template [16ms]
2024-10-16 15:19:16.696 [info] > git for-each-ref --format=%(refname)%00%(upstream:short)%00%(objectname)%00%(upstream:track)%00%(upstream:remotename)%00%(upstream:remoteref) refs/heads/main refs/remotes/main [8ms]
2024-10-16 15:19:16.709 [warning] [Git][revParse] Unable to read file: ENOENT: no such file or directory, open '/home/kasene/sprig/.git/refs/remotes/origin/main'
2024-10-16 15:19:16.712 [info] > git rev-parse refs/remotes/origin/main [2ms]
2024-10-16 15:19:17.376 [info] > git status -z -uall [652ms]
2024-10-16 15:19:17.403 [info] > git for-each-ref --format=%(refname)%00%(upstream:short)%00%(objectname)%00%(upstream:track)%00%(upstream:remotename)%00%(upstream:remoteref) refs/heads/main refs/remotes/main [11ms]
2024-10-16 15:19:17.427 [info] > git config --local branch.main.vscode-merge-base [4ms]
2024-10-16 15:19:17.448 [info] > git for-each-ref --format=%(refname)%00%(upstream:short)%00%(objectname)%00%(upstream:track)%00%(upstream:remotename)%00%(upstream:remoteref) refs/heads/origin/main refs/remotes/origin/main [4ms]
2024-10-16 15:19:42.012 [info] > git config --get commit.template [21ms]
2024-10-16 15:19:42.014 [info] > git for-each-ref --format=%(refname)%00%(upstream:short)%00%(objectname)%00%(upstream:track)%00%(upstream:remotename)%00%(upstream:remoteref) refs/heads/main refs/remotes/main [4ms]
2024-10-16 15:19:42.027 [warning] [Git][revParse] Unable to read file: ENOENT: no such file or directory, open '/home/kasene/sprig/.git/refs/remotes/origin/main'
2024-10-16 15:19:42.031 [info] > git rev-parse refs/remotes/origin/main [3ms]
2024-10-16 15:19:42.546 [info] > git status -z -uall [498ms]
2024-10-16 15:19:42.578 [info] > git for-each-ref --format=%(refname)%00%(upstream:short)%00%(objectname)%00%(upstream:track)%00%(upstream:remotename)%00%(upstream:remoteref) refs/heads/main refs/remotes/main [6ms]
2024-10-16 15:19:42.620 [info] > git config --local branch.main.vscode-merge-base [14ms]
2024-10-16 15:19:42.654 [info] > git for-each-ref --format=%(refname)%00%(upstream:short)%00%(objectname)%00%(upstream:track)%00%(upstream:remotename)%00%(upstream:remoteref) refs/heads/origin/main refs/remotes/origin/main [5ms]
2024-10-16 15:20:43.922 [info] > git config --get commit.template [37ms]
2024-10-16 15:20:43.923 [info] > git for-each-ref --format=%(refname)%00%(upstream:short)%00%(objectname)%00%(upstream:track)%00%(upstream:remotename)%00%(upstream:remoteref) refs/heads/main refs/remotes/main [6ms]
2024-10-16 15:20:43.938 [warning] [Git][revParse] Unable to read file: ENOENT: no such file or directory, open '/home/kasene/sprig/.git/refs/remotes/origin/main'
2024-10-16 15:20:43.943 [info] > git rev-parse refs/remotes/origin/main [5ms]
2024-10-16 15:20:44.495 [info] > git status -z -uall [534ms]
2024-10-16 15:20:44.517 [info] > git for-each-ref --format=%(refname)%00%(upstream:short)%00%(objectname)%00%(upstream:track)%00%(upstream:remotename)%00%(upstream:remoteref) refs/heads/main refs/remotes/main [7ms]
2024-10-16 15:20:44.538 [info] > git config --local branch.main.vscode-merge-base [5ms]
2024-10-16 15:20:44.560 [info] > git for-each-ref --format=%(refname)%00%(upstream:short)%00%(objectname)%00%(upstream:track)%00%(upstream:remotename)%00%(upstream:remoteref) refs/heads/origin/main refs/remotes/origin/main [4ms]
2024-10-16 15:20:49.562 [info] > git config --get commit.template [15ms]
2024-10-16 15:20:49.564 [info] > git for-each-ref --format=%(refname)%00%(upstream:short)%00%(objectname)%00%(upstream:track)%00%(upstream:remotename)%00%(upstream:remoteref) refs/heads/main refs/remotes/main [4ms]
2024-10-16 15:20:49.577 [warning] [Git][revParse] Unable to read file: ENOENT: no such file or directory, open '/home/kasene/sprig/.git/refs/remotes/origin/main'
2024-10-16 15:20:49.580 [info] > git rev-parse refs/remotes/origin/main [2ms]
2024-10-16 15:20:50.059 [info] > git status -z -uall [466ms]
2024-10-16 15:20:50.096 [info] > git for-each-ref --format=%(refname)%00%(upstream:short)%00%(objectname)%00%(upstream:track)%00%(upstream:remotename)%00%(upstream:remoteref) refs/heads/main refs/remotes/main [4ms]
2024-10-16 15:20:50.117 [info] > git config --local branch.main.vscode-merge-base [5ms]
2024-10-16 15:20:50.168 [info] > git for-each-ref --format=%(refname)%00%(upstream:short)%00%(objectname)%00%(upstream:track)%00%(upstream:remotename)%00%(upstream:remoteref) refs/heads/origin/main refs/remotes/origin/main [3ms]
2024-10-16 15:24:02.416 [info] > git config --get commit.template [4ms]
2024-10-16 15:24:02.438 [info] > git for-each-ref --format=%(refname)%00%(upstream:short)%00%(objectname)%00%(upstream:track)%00%(upstream:remotename)%00%(upstream:remoteref) refs/heads/main refs/remotes/main [3ms]
2024-10-16 15:24:02.454 [warning] [Git][revParse] Unable to read file: ENOENT: no such file or directory, open '/home/kasene/sprig/.git/refs/remotes/origin/main'
2024-10-16 15:24:02.458 [info] > git rev-parse refs/remotes/origin/main [4ms]
2024-10-16 15:24:02.908 [info] > git status -z -uall [435ms]
2024-10-16 15:24:02.939 [info] > git for-each-ref --format=%(refname)%00%(upstream:short)%00%(objectname)%00%(upstream:track)%00%(upstream:remotename)%00%(upstream:remoteref) refs/heads/main refs/remotes/main [11ms]
2024-10-16 15:24:02.960 [info] > git config --local branch.main.vscode-merge-base [4ms]
2024-10-16 15:24:02.980 [info] > git for-each-ref --format=%(refname)%00%(upstream:short)%00%(objectname)%00%(upstream:track)%00%(upstream:remotename)%00%(upstream:remoteref) refs/heads/origin/main refs/remotes/origin/main [4ms]
2024-10-16 15:27:58.510 [info] > git config --get commit.template [32ms]
2024-10-16 15:27:58.513 [info] > git for-each-ref --format=%(refname)%00%(upstream:short)%00%(objectname)%00%(upstream:track)%00%(upstream:remotename)%00%(upstream:remoteref) refs/heads/main refs/remotes/main [12ms]
2024-10-16 15:27:58.532 [warning] [Git][revParse] Unable to read file: ENOENT: no such file or directory, open '/home/kasene/sprig/.git/refs/remotes/origin/main'
2024-10-16 15:27:58.534 [info] > git rev-parse refs/remotes/origin/main [2ms]
2024-10-16 15:27:59.192 [info] > git status -z -uall [639ms]
2024-10-16 15:27:59.220 [info] > git for-each-ref --format=%(refname)%00%(upstream:short)%00%(objectname)%00%(upstream:track)%00%(upstream:remotename)%00%(upstream:remoteref) refs/heads/main refs/remotes/main [6ms]
2024-10-16 15:27:59.244 [info] > git config --local branch.main.vscode-merge-base [6ms]
2024-10-16 15:27:59.266 [info] > git for-each-ref --format=%(refname)%00%(upstream:short)%00%(objectname)%00%(upstream:track)%00%(upstream:remotename)%00%(upstream:remoteref) refs/heads/origin/main refs/remotes/origin/main [4ms]
2024-10-16 15:37:37.609 [info] > git config --get commit.template [18ms]
2024-10-16 15:37:37.630 [info] > git for-each-ref --format=%(refname)%00%(upstream:short)%00%(objectname)%00%(upstream:track)%00%(upstream:remotename)%00%(upstream:remoteref) refs/heads/main refs/remotes/main [28ms]
2024-10-16 15:37:37.638 [warning] [Git][revParse] Unable to read file: ENOENT: no such file or directory, open '/home/kasene/sprig/.git/refs/remotes/origin/main'
2024-10-16 15:37:37.640 [info] > git rev-parse refs/remotes/origin/main [2ms]
2024-10-16 15:37:38.398 [info] > git status -z -uall [749ms]
2024-10-16 15:37:38.423 [info] > git for-each-ref --format=%(refname)%00%(upstream:short)%00%(objectname)%00%(upstream:track)%00%(upstream:remotename)%00%(upstream:remoteref) refs/heads/main refs/remotes/main [11ms]
2024-10-16 15:37:38.448 [info] > git config --local branch.main.vscode-merge-base [3ms]
2024-10-16 15:37:38.469 [info] > git for-each-ref --format=%(refname)%00%(upstream:short)%00%(objectname)%00%(upstream:track)%00%(upstream:remotename)%00%(upstream:remoteref) refs/heads/origin/main refs/remotes/origin/main [4ms]
2024-10-16 16:14:20.472 [info] > git config --get commit.template [51ms]
2024-10-16 16:14:20.489 [info] > git for-each-ref --format=%(refname)%00%(upstream:short)%00%(objectname)%00%(upstream:track)%00%(upstream:remotename)%00%(upstream:remoteref) refs/heads/main refs/remotes/main [55ms]
2024-10-16 16:14:20.508 [warning] [Git][revParse] Unable to read file: ENOENT: no such file or directory, open '/home/kasene/sprig/.git/refs/remotes/origin/main'
2024-10-16 16:14:20.510 [info] > git rev-parse refs/remotes/origin/main [4ms]
2024-10-16 16:14:22.108 [info] > git status -z -uall [1581ms]
2024-10-16 16:14:22.183 [info] > git for-each-ref --format=%(refname)%00%(upstream:short)%00%(objectname)%00%(upstream:track)%00%(upstream:remotename)%00%(upstream:remoteref) refs/heads/main refs/remotes/main [23ms]
2024-10-16 16:14:22.205 [info] > git config --local branch.main.vscode-merge-base [10ms]
2024-10-16 16:14:22.238 [info] > git for-each-ref --format=%(refname)%00%(upstream:short)%00%(objectname)%00%(upstream:track)%00%(upstream:remotename)%00%(upstream:remoteref) refs/heads/origin/main refs/remotes/origin/main [21ms]
