2024-10-18 11:01:26.798 [info] Extension host with pid 345329 started
2024-10-18 11:01:26.798 [info] Skipping acquiring lock for /home/kasene/.config/Code - OSS/User/workspaceStorage/655d315e0c7142bfc7342c8d192bc036.
2024-10-18 11:01:27.355 [info] ExtensionService#_doActivateExtension vscode.emmet, startup: false, activationEvent: 'onLanguage'
2024-10-18 11:01:27.675 [info] ExtensionService#_doActivateExtension vscode.git-base, startup: true, activationEvent: '*', root cause: vscode.git
2024-10-18 11:01:27.680 [info] ExtensionService#_doActivateExtension WakaTime.vscode-wakatime, startup: true, activationEvent: '*'
2024-10-18 11:01:27.933 [info] ExtensionService#_doActivateExtension vscode.git, startup: true, activationEvent: '*'
2024-10-18 11:01:28.049 [info] ExtensionService#_doActivateExtension vscode.github, startup: true, activationEvent: '*'
2024-10-18 11:01:28.298 [info] Eager extensions activated
2024-10-18 11:01:28.430 [info] ExtensionService#_doActivateExtension vscode.debug-auto-launch, startup: false, activationEvent: 'onStartupFinished'
2024-10-18 11:01:28.496 [info] ExtensionService#_doActivateExtension vscode.merge-conflict, startup: false, activationEvent: 'onStartupFinished'
2024-10-18 11:01:28.644 [info] ExtensionService#_doActivateExtension EditorConfig.EditorConfig, startup: false, activationEvent: 'onStartupFinished'
2024-10-18 11:01:29.620 [info] ExtensionService#_doActivateExtension yandeu.five-server, startup: false, activationEvent: 'onStartupFinished'
2024-10-18 11:01:31.219 [info] Extension host terminating: renderer closed the MessagePort
2024-10-18 11:01:31.295 [error] Canceled: Canceled
	at Object.f [as $0] (/usr/lib/code/out/vs/workbench/api/node/extensionHostProcess.js:10:1082)
	at /usr/lib/code/out/vs/workbench/api/node/extensionHostProcess.js:158:2406
	at Array.forEach (<anonymous>)
	at y.dispose (/usr/lib/code/out/vs/workbench/api/node/extensionHostProcess.js:158:2344)
	at m.terminate (/usr/lib/code/out/vs/workbench/api/node/extensionHostProcess.js:167:8389)
	at $.terminate (/usr/lib/code/out/vs/workbench/api/node/extensionHostProcess.js:171:1513)
	at n (/usr/lib/code/out/vs/workbench/api/node/extensionHostProcess.js:184:10613)
	at MessagePortMain.<anonymous> (/usr/lib/code/out/vs/workbench/api/node/extensionHostProcess.js:184:6805)
	at MessagePortMain.emit (node:events:519:28)
	at MessagePortMain._internalPort.emit (node:electron/js2c/utility_init:2:2619) setContext undefined
2024-10-18 11:01:31.295 [info] Extension host with pid 345329 exiting with code 0
