2024-10-17 13:46:17.898 [info] Extension host with pid 21146 started
2024-10-17 13:46:18.282 [info] ExtensionService#_doActivateExtension vscode.git-base, startup: true, activationEvent: '*', root cause: vscode.git
2024-10-17 13:46:18.291 [info] ExtensionService#_doActivateExtension WakaTime.vscode-wakatime, startup: true, activationEvent: '*'
2024-10-17 13:46:18.759 [info] ExtensionService#_doActivateExtension vscode.git, startup: true, activationEvent: '*'
2024-10-17 13:46:18.897 [info] ExtensionService#_doActivateExtension vscode.github, startup: true, activationEvent: '*'
2024-10-17 13:46:19.044 [info] Eager extensions activated
2024-10-17 13:46:19.148 [info] ExtensionService#_doActivateExtension vscode.debug-auto-launch, startup: false, activationEvent: 'onStartupFinished'
2024-10-17 13:46:19.173 [info] ExtensionService#_doActivateExtension vscode.merge-conflict, startup: false, activationEvent: 'onStartupFinished'
2024-10-17 13:46:19.214 [info] ExtensionService#_doActivateExtension EditorConfig.EditorConfig, startup: false, activationEvent: 'onStartupFinished'
2024-10-17 13:46:19.282 [info] ExtensionService#_doActivateExtension yandeu.five-server, startup: false, activationEvent: 'onStartupFinished'
2024-10-17 13:46:50.987 [info] Extension host terminating: renderer closed the MessagePort
2024-10-17 13:46:51.001 [info] Extension host with pid 21146 exiting with code 0
2024-10-17 13:46:53.551 [info] Extension host with pid 22207 started
2024-10-17 13:46:53.551 [info] Skipping acquiring lock for /home/kasene/.config/Code - OSS/User/workspaceStorage/0e7464b19711762880683f1aff3c65c3.
2024-10-17 13:46:53.793 [info] ExtensionService#_doActivateExtension vscode.git-base, startup: true, activationEvent: '*', root cause: vscode.git
2024-10-17 13:46:53.800 [info] ExtensionService#_doActivateExtension WakaTime.vscode-wakatime, startup: true, activationEvent: '*'
2024-10-17 13:46:53.921 [info] ExtensionService#_doActivateExtension vscode.git, startup: true, activationEvent: '*'
2024-10-17 13:46:54.051 [info] ExtensionService#_doActivateExtension vscode.github, startup: true, activationEvent: '*'
2024-10-17 13:46:54.204 [info] Eager extensions activated
2024-10-17 13:46:54.362 [info] ExtensionService#_doActivateExtension vscode.debug-auto-launch, startup: false, activationEvent: 'onStartupFinished'
2024-10-17 13:46:54.369 [info] ExtensionService#_doActivateExtension vscode.merge-conflict, startup: false, activationEvent: 'onStartupFinished'
2024-10-17 13:46:54.390 [info] ExtensionService#_doActivateExtension EditorConfig.EditorConfig, startup: false, activationEvent: 'onStartupFinished'
2024-10-17 13:46:54.426 [info] ExtensionService#_doActivateExtension yandeu.five-server, startup: false, activationEvent: 'onStartupFinished'
2024-10-17 13:47:14.799 [info] ExtensionService#_doActivateExtension vscode.emmet, startup: false, activationEvent: 'onLanguage'
2024-10-17 13:47:15.825 [error] Error: No such branch: master.
	at N.getBranch (/usr/lib/code/extensions/git/dist/main.js:2:937115)
	at async T.retryRun (/usr/lib/code/extensions/git/dist/main.js:2:1032816)
	at async T.run (/usr/lib/code/extensions/git/dist/main.js:2:1032420)
	at async T.getBranch (/usr/lib/code/extensions/git/dist/main.js:2:1020563)
	at async T.getBranchBase (/usr/lib/code/extensions/git/dist/main.js:2:1020849)
	at async t.GitHistoryProvider.resolveHEADMergeBase (/usr/lib/code/extensions/git/dist/main.js:2:948410)
	at async t.GitHistoryProvider.onDidRunGitStatus (/usr/lib/code/extensions/git/dist/main.js:2:941737)
2024-10-17 13:47:15.893 [error] Error: No such branch: master.
	at N.getBranch (/usr/lib/code/extensions/git/dist/main.js:2:937115)
	at async T.retryRun (/usr/lib/code/extensions/git/dist/main.js:2:1032816)
	at async T.run (/usr/lib/code/extensions/git/dist/main.js:2:1032420)
	at async T.getBranch (/usr/lib/code/extensions/git/dist/main.js:2:1020563)
	at async T.getBranchBase (/usr/lib/code/extensions/git/dist/main.js:2:1020849)
	at async t.GitHistoryProvider.resolveHEADMergeBase (/usr/lib/code/extensions/git/dist/main.js:2:948410)
	at async t.GitHistoryProvider.onDidRunGitStatus (/usr/lib/code/extensions/git/dist/main.js:2:941737)
2024-10-17 13:49:39.574 [error] Error: No such branch: master.
	at N.getBranch (/usr/lib/code/extensions/git/dist/main.js:2:937115)
	at async T.retryRun (/usr/lib/code/extensions/git/dist/main.js:2:1032816)
	at async T.run (/usr/lib/code/extensions/git/dist/main.js:2:1032420)
	at async T.getBranch (/usr/lib/code/extensions/git/dist/main.js:2:1020563)
	at async T.getBranchBase (/usr/lib/code/extensions/git/dist/main.js:2:1020849)
	at async t.GitHistoryProvider.resolveHEADMergeBase (/usr/lib/code/extensions/git/dist/main.js:2:948410)
	at async t.GitHistoryProvider.onDidRunGitStatus (/usr/lib/code/extensions/git/dist/main.js:2:941737)
2024-10-17 13:49:45.687 [error] Error: No such branch: master.
	at N.getBranch (/usr/lib/code/extensions/git/dist/main.js:2:937115)
	at async T.retryRun (/usr/lib/code/extensions/git/dist/main.js:2:1032816)
	at async T.run (/usr/lib/code/extensions/git/dist/main.js:2:1032420)
	at async T.getBranch (/usr/lib/code/extensions/git/dist/main.js:2:1020563)
	at async T.getBranchBase (/usr/lib/code/extensions/git/dist/main.js:2:1020849)
	at async t.GitHistoryProvider.resolveHEADMergeBase (/usr/lib/code/extensions/git/dist/main.js:2:948410)
	at async t.GitHistoryProvider.onDidRunGitStatus (/usr/lib/code/extensions/git/dist/main.js:2:941737)
2024-10-17 13:50:00.832 [error] Error: No such branch: master.
	at N.getBranch (/usr/lib/code/extensions/git/dist/main.js:2:937115)
	at async T.retryRun (/usr/lib/code/extensions/git/dist/main.js:2:1032816)
	at async T.run (/usr/lib/code/extensions/git/dist/main.js:2:1032420)
	at async T.getBranch (/usr/lib/code/extensions/git/dist/main.js:2:1020563)
	at async T.getBranchBase (/usr/lib/code/extensions/git/dist/main.js:2:1020849)
	at async t.GitHistoryProvider.resolveHEADMergeBase (/usr/lib/code/extensions/git/dist/main.js:2:948410)
	at async t.GitHistoryProvider.onDidRunGitStatus (/usr/lib/code/extensions/git/dist/main.js:2:941737)
2024-10-17 13:50:09.691 [error] Error: No such branch: master.
	at N.getBranch (/usr/lib/code/extensions/git/dist/main.js:2:937115)
	at async T.retryRun (/usr/lib/code/extensions/git/dist/main.js:2:1032816)
	at async T.run (/usr/lib/code/extensions/git/dist/main.js:2:1032420)
	at async T.getBranch (/usr/lib/code/extensions/git/dist/main.js:2:1020563)
	at async T.getBranchBase (/usr/lib/code/extensions/git/dist/main.js:2:1020849)
	at async t.GitHistoryProvider.resolveHEADMergeBase (/usr/lib/code/extensions/git/dist/main.js:2:948410)
	at async t.GitHistoryProvider.onDidRunGitStatus (/usr/lib/code/extensions/git/dist/main.js:2:941737)
2024-10-17 13:50:18.497 [error] Error: No such branch: master.
	at N.getBranch (/usr/lib/code/extensions/git/dist/main.js:2:937115)
	at async T.retryRun (/usr/lib/code/extensions/git/dist/main.js:2:1032816)
	at async T.run (/usr/lib/code/extensions/git/dist/main.js:2:1032420)
	at async T.getBranch (/usr/lib/code/extensions/git/dist/main.js:2:1020563)
	at async T.getBranchBase (/usr/lib/code/extensions/git/dist/main.js:2:1020849)
	at async t.GitHistoryProvider.resolveHEADMergeBase (/usr/lib/code/extensions/git/dist/main.js:2:948410)
	at async t.GitHistoryProvider.onDidRunGitStatus (/usr/lib/code/extensions/git/dist/main.js:2:941737)
2024-10-17 14:20:55.526 [info] ExtensionService#_doActivateExtension vscode.npm, startup: false, activationEvent: 'onTerminalQuickFixRequest:ms-vscode.npm-command'
2024-10-17 14:23:55.063 [error] Error: No such branch: master.
	at N.getBranch (/usr/lib/code/extensions/git/dist/main.js:2:937115)
	at async T.retryRun (/usr/lib/code/extensions/git/dist/main.js:2:1032816)
	at async T.run (/usr/lib/code/extensions/git/dist/main.js:2:1032420)
	at async T.getBranch (/usr/lib/code/extensions/git/dist/main.js:2:1020563)
	at async T.getBranchBase (/usr/lib/code/extensions/git/dist/main.js:2:1020849)
	at async t.GitHistoryProvider.resolveHEADMergeBase (/usr/lib/code/extensions/git/dist/main.js:2:948410)
	at async t.GitHistoryProvider.onDidRunGitStatus (/usr/lib/code/extensions/git/dist/main.js:2:941737)
2024-10-17 14:25:04.093 [error] Error: No such branch: master.
	at N.getBranch (/usr/lib/code/extensions/git/dist/main.js:2:937115)
	at async T.retryRun (/usr/lib/code/extensions/git/dist/main.js:2:1032816)
	at async T.run (/usr/lib/code/extensions/git/dist/main.js:2:1032420)
	at async T.getBranch (/usr/lib/code/extensions/git/dist/main.js:2:1020563)
	at async T.getBranchBase (/usr/lib/code/extensions/git/dist/main.js:2:1020849)
	at async t.GitHistoryProvider.resolveHEADMergeBase (/usr/lib/code/extensions/git/dist/main.js:2:948410)
	at async t.GitHistoryProvider.onDidRunGitStatus (/usr/lib/code/extensions/git/dist/main.js:2:941737)
2024-10-17 14:25:30.135 [error] Error: No such branch: master.
	at N.getBranch (/usr/lib/code/extensions/git/dist/main.js:2:937115)
	at async T.retryRun (/usr/lib/code/extensions/git/dist/main.js:2:1032816)
	at async T.run (/usr/lib/code/extensions/git/dist/main.js:2:1032420)
	at async T.getBranch (/usr/lib/code/extensions/git/dist/main.js:2:1020563)
	at async T.getBranchBase (/usr/lib/code/extensions/git/dist/main.js:2:1020849)
	at async t.GitHistoryProvider.resolveHEADMergeBase (/usr/lib/code/extensions/git/dist/main.js:2:948410)
	at async t.GitHistoryProvider.onDidRunGitStatus (/usr/lib/code/extensions/git/dist/main.js:2:941737)
2024-10-17 14:27:11.045 [error] Error: No such branch: master.
	at N.getBranch (/usr/lib/code/extensions/git/dist/main.js:2:937115)
	at async T.retryRun (/usr/lib/code/extensions/git/dist/main.js:2:1032816)
	at async T.run (/usr/lib/code/extensions/git/dist/main.js:2:1032420)
	at async T.getBranch (/usr/lib/code/extensions/git/dist/main.js:2:1020563)
	at async T.getBranchBase (/usr/lib/code/extensions/git/dist/main.js:2:1020849)
	at async t.GitHistoryProvider.resolveHEADMergeBase (/usr/lib/code/extensions/git/dist/main.js:2:948410)
	at async t.GitHistoryProvider.onDidRunGitStatus (/usr/lib/code/extensions/git/dist/main.js:2:941737)
2024-10-17 14:27:43.581 [error] Error: No such branch: master.
	at N.getBranch (/usr/lib/code/extensions/git/dist/main.js:2:937115)
	at async T.retryRun (/usr/lib/code/extensions/git/dist/main.js:2:1032816)
	at async T.run (/usr/lib/code/extensions/git/dist/main.js:2:1032420)
	at async T.getBranch (/usr/lib/code/extensions/git/dist/main.js:2:1020563)
	at async T.getBranchBase (/usr/lib/code/extensions/git/dist/main.js:2:1020849)
	at async t.GitHistoryProvider.resolveHEADMergeBase (/usr/lib/code/extensions/git/dist/main.js:2:948410)
	at async t.GitHistoryProvider.onDidRunGitStatus (/usr/lib/code/extensions/git/dist/main.js:2:941737)
2024-10-17 14:28:09.008 [error] Error: No such branch: master.
	at N.getBranch (/usr/lib/code/extensions/git/dist/main.js:2:937115)
	at async T.retryRun (/usr/lib/code/extensions/git/dist/main.js:2:1032816)
	at async T.run (/usr/lib/code/extensions/git/dist/main.js:2:1032420)
	at async T.getBranch (/usr/lib/code/extensions/git/dist/main.js:2:1020563)
	at async T.getBranchBase (/usr/lib/code/extensions/git/dist/main.js:2:1020849)
	at async t.GitHistoryProvider.resolveHEADMergeBase (/usr/lib/code/extensions/git/dist/main.js:2:948410)
	at async t.GitHistoryProvider.onDidRunGitStatus (/usr/lib/code/extensions/git/dist/main.js:2:941737)
2024-10-17 14:32:09.810 [error] Error: No such branch: master.
	at N.getBranch (/usr/lib/code/extensions/git/dist/main.js:2:937115)
	at async T.retryRun (/usr/lib/code/extensions/git/dist/main.js:2:1032816)
	at async T.run (/usr/lib/code/extensions/git/dist/main.js:2:1032420)
	at async T.getBranch (/usr/lib/code/extensions/git/dist/main.js:2:1020563)
	at async T.getBranchBase (/usr/lib/code/extensions/git/dist/main.js:2:1020849)
	at async t.GitHistoryProvider.resolveHEADMergeBase (/usr/lib/code/extensions/git/dist/main.js:2:948410)
	at async t.GitHistoryProvider.onDidRunGitStatus (/usr/lib/code/extensions/git/dist/main.js:2:941737)
2024-10-17 14:32:12.728 [error] Error: No such branch: master.
	at N.getBranch (/usr/lib/code/extensions/git/dist/main.js:2:937115)
	at async T.retryRun (/usr/lib/code/extensions/git/dist/main.js:2:1032816)
	at async T.run (/usr/lib/code/extensions/git/dist/main.js:2:1032420)
	at async T.getBranch (/usr/lib/code/extensions/git/dist/main.js:2:1020563)
	at async T.getBranchBase (/usr/lib/code/extensions/git/dist/main.js:2:1020849)
	at async t.GitHistoryProvider.resolveHEADMergeBase (/usr/lib/code/extensions/git/dist/main.js:2:948410)
	at async t.GitHistoryProvider.onDidRunGitStatus (/usr/lib/code/extensions/git/dist/main.js:2:941737)
2024-10-17 14:32:14.855 [error] Error: No such branch: master.
	at N.getBranch (/usr/lib/code/extensions/git/dist/main.js:2:937115)
	at async T.retryRun (/usr/lib/code/extensions/git/dist/main.js:2:1032816)
	at async T.run (/usr/lib/code/extensions/git/dist/main.js:2:1032420)
	at async T.getBranch (/usr/lib/code/extensions/git/dist/main.js:2:1020563)
	at async T.getBranchBase (/usr/lib/code/extensions/git/dist/main.js:2:1020849)
	at async t.GitHistoryProvider.resolveHEADMergeBase (/usr/lib/code/extensions/git/dist/main.js:2:948410)
	at async t.GitHistoryProvider.onDidRunGitStatus (/usr/lib/code/extensions/git/dist/main.js:2:941737)
2024-10-17 14:32:19.029 [error] Error: No such branch: master.
	at N.getBranch (/usr/lib/code/extensions/git/dist/main.js:2:937115)
	at async T.retryRun (/usr/lib/code/extensions/git/dist/main.js:2:1032816)
	at async T.run (/usr/lib/code/extensions/git/dist/main.js:2:1032420)
	at async T.getBranch (/usr/lib/code/extensions/git/dist/main.js:2:1020563)
	at async T.getBranchBase (/usr/lib/code/extensions/git/dist/main.js:2:1020849)
	at async t.GitHistoryProvider.resolveHEADMergeBase (/usr/lib/code/extensions/git/dist/main.js:2:948410)
	at async t.GitHistoryProvider.onDidRunGitStatus (/usr/lib/code/extensions/git/dist/main.js:2:941737)
2024-10-17 14:32:19.095 [error] Error: No such branch: master.
	at N.getBranch (/usr/lib/code/extensions/git/dist/main.js:2:937115)
	at async T.retryRun (/usr/lib/code/extensions/git/dist/main.js:2:1032816)
	at async T.run (/usr/lib/code/extensions/git/dist/main.js:2:1032420)
	at async T.getBranch (/usr/lib/code/extensions/git/dist/main.js:2:1020563)
	at async T.getBranchBase (/usr/lib/code/extensions/git/dist/main.js:2:1020849)
	at async t.GitHistoryProvider.resolveHEADMergeBase (/usr/lib/code/extensions/git/dist/main.js:2:948410)
	at async t.GitHistoryProvider.onDidRunGitStatus (/usr/lib/code/extensions/git/dist/main.js:2:941737)
2024-10-17 14:32:20.762 [error] Error: No such branch: master.
	at N.getBranch (/usr/lib/code/extensions/git/dist/main.js:2:937115)
	at async T.retryRun (/usr/lib/code/extensions/git/dist/main.js:2:1032816)
	at async T.run (/usr/lib/code/extensions/git/dist/main.js:2:1032420)
	at async T.getBranch (/usr/lib/code/extensions/git/dist/main.js:2:1020563)
	at async T.getBranchBase (/usr/lib/code/extensions/git/dist/main.js:2:1020849)
	at async t.GitHistoryProvider.resolveHEADMergeBase (/usr/lib/code/extensions/git/dist/main.js:2:948410)
	at async t.GitHistoryProvider.onDidRunGitStatus (/usr/lib/code/extensions/git/dist/main.js:2:941737)
2024-10-17 14:32:31.087 [error] Error: No such branch: master.
	at N.getBranch (/usr/lib/code/extensions/git/dist/main.js:2:937115)
	at async T.retryRun (/usr/lib/code/extensions/git/dist/main.js:2:1032816)
	at async T.run (/usr/lib/code/extensions/git/dist/main.js:2:1032420)
	at async T.getBranch (/usr/lib/code/extensions/git/dist/main.js:2:1020563)
	at async T.getBranchBase (/usr/lib/code/extensions/git/dist/main.js:2:1020849)
	at async t.GitHistoryProvider.resolveHEADMergeBase (/usr/lib/code/extensions/git/dist/main.js:2:948410)
	at async t.GitHistoryProvider.onDidRunGitStatus (/usr/lib/code/extensions/git/dist/main.js:2:941737)
2024-10-17 14:32:40.575 [error] Error: No such branch: master.
	at N.getBranch (/usr/lib/code/extensions/git/dist/main.js:2:937115)
	at async T.retryRun (/usr/lib/code/extensions/git/dist/main.js:2:1032816)
	at async T.run (/usr/lib/code/extensions/git/dist/main.js:2:1032420)
	at async T.getBranch (/usr/lib/code/extensions/git/dist/main.js:2:1020563)
	at async T.getBranchBase (/usr/lib/code/extensions/git/dist/main.js:2:1020849)
	at async t.GitHistoryProvider.resolveHEADMergeBase (/usr/lib/code/extensions/git/dist/main.js:2:948410)
	at async t.GitHistoryProvider.onDidRunGitStatus (/usr/lib/code/extensions/git/dist/main.js:2:941737)
2024-10-18 08:18:46.343 [info] Extension host terminating: renderer closed the MessagePort
2024-10-18 08:18:48.154 [error] Canceled: Canceled
	at new D (/usr/lib/code/out/vs/workbench/api/node/extensionHostProcess.js:151:35235)
	at y.U (/usr/lib/code/out/vs/workbench/api/node/extensionHostProcess.js:158:6005)
	at V.<computed>.F.charCodeAt.A.CharCode.DollarSign.V.<computed> (/usr/lib/code/out/vs/workbench/api/node/extensionHostProcess.js:158:3107)
	at h.g (/usr/lib/code/out/vs/workbench/api/node/extensionHostProcess.js:161:210015)
	at h.executeCommand (/usr/lib/code/out/vs/workbench/api/node/extensionHostProcess.js:161:209453)
	at C.registerCommand.description (/usr/lib/code/out/vs/workbench/api/node/extensionHostProcess.js:161:208777)
	at h (/usr/lib/code/out/vs/workbench/api/node/extensionHostProcess.js:161:210554)
	at h.g (/usr/lib/code/out/vs/workbench/api/node/extensionHostProcess.js:161:209546)
	at h.executeCommand (/usr/lib/code/out/vs/workbench/api/node/extensionHostProcess.js:161:209453)
	at Object.executeCommand (/usr/lib/code/out/vs/workbench/api/node/extensionHostProcess.js:171:30683)
	at i.O [as value] (/usr/lib/code/extensions/git/dist/main.js:2:952009)
	at r.B (/usr/lib/code/out/vs/workbench/api/node/extensionHostProcess.js:90:732)
	at r.C (/usr/lib/code/out/vs/workbench/api/node/extensionHostProcess.js:90:802)
	at r.fire (/usr/lib/code/out/vs/workbench/api/node/extensionHostProcess.js:90:1018)
	at Object.p [as dispose] (/usr/lib/code/extensions/git/dist/main.js:2:972587)
	at /usr/lib/code/extensions/git/dist/main.js:2:978709
	at Array.forEach (<anonymous>)
	at f.dispose (/usr/lib/code/extensions/git/dist/main.js:2:978695)
	at o.<anonymous> (/usr/lib/code/out/vs/workbench/api/node/extensionHostProcess.js:159:4176)
	at o.dispose (/usr/lib/code/out/vs/workbench/api/node/extensionHostProcess.js:159:4273)
	at o.<anonymous> (/usr/lib/code/extensions/git/dist/main.js:2:954307)
	at o.dispose (/usr/lib/code/out/vs/workbench/api/node/extensionHostProcess.js:159:4273)
	at $ (/usr/lib/code/out/vs/workbench/api/node/extensionHostProcess.js:30:744)
	at /usr/lib/code/out/vs/workbench/api/node/extensionHostProcess.js:167:13607
	at /usr/lib/code/out/vs/workbench/api/node/extensionHostProcess.js:30:1112
	at Object.dispose (/usr/lib/code/out/vs/workbench/api/node/extensionHostProcess.js:11:11463)
	at m.eb (/usr/lib/code/out/vs/workbench/api/node/extensionHostProcess.js:167:10282)
	at /usr/lib/code/out/vs/workbench/api/node/extensionHostProcess.js:167:8153
	at Array.map (<anonymous>)
	at m.$ (/usr/lib/code/out/vs/workbench/api/node/extensionHostProcess.js:167:8140)
	at m.terminate (/usr/lib/code/out/vs/workbench/api/node/extensionHostProcess.js:167:8413)
	at $.terminate (/usr/lib/code/out/vs/workbench/api/node/extensionHostProcess.js:171:1513)
	at n (/usr/lib/code/out/vs/workbench/api/node/extensionHostProcess.js:184:10613)
	at MessagePortMain.<anonymous> (/usr/lib/code/out/vs/workbench/api/node/extensionHostProcess.js:184:6805)
	at MessagePortMain.emit (node:events:519:28)
	at MessagePortMain._internalPort.emit (node:electron/js2c/utility_init:2:2619) setContext undefined
2024-10-18 08:18:48.212 [error] Canceled: Canceled
	at new D (/usr/lib/code/out/vs/workbench/api/node/extensionHostProcess.js:151:35235)
	at y.U (/usr/lib/code/out/vs/workbench/api/node/extensionHostProcess.js:158:6005)
	at V.<computed>.F.charCodeAt.A.CharCode.DollarSign.V.<computed> (/usr/lib/code/out/vs/workbench/api/node/extensionHostProcess.js:158:3107)
	at h.g (/usr/lib/code/out/vs/workbench/api/node/extensionHostProcess.js:161:210015)
	at h.executeCommand (/usr/lib/code/out/vs/workbench/api/node/extensionHostProcess.js:161:209453)
	at C.registerCommand.description (/usr/lib/code/out/vs/workbench/api/node/extensionHostProcess.js:161:208777)
	at h (/usr/lib/code/out/vs/workbench/api/node/extensionHostProcess.js:161:210554)
	at h.g (/usr/lib/code/out/vs/workbench/api/node/extensionHostProcess.js:161:209546)
	at h.executeCommand (/usr/lib/code/out/vs/workbench/api/node/extensionHostProcess.js:161:209453)
	at Object.executeCommand (/usr/lib/code/out/vs/workbench/api/node/extensionHostProcess.js:171:30683)
	at set hasGitHubRepositories (/usr/lib/code/extensions/github/dist/extension.js:2:322969)
	at /usr/lib/code/extensions/github/dist/extension.js:2:323928
	at i.value (/usr/lib/code/extensions/git/dist/main.js:2:1060944)
	at r.B (/usr/lib/code/out/vs/workbench/api/node/extensionHostProcess.js:90:732)
	at r.C (/usr/lib/code/out/vs/workbench/api/node/extensionHostProcess.js:90:802)
	at r.fire (/usr/lib/code/out/vs/workbench/api/node/extensionHostProcess.js:90:1018)
	at Object.p [as dispose] (/usr/lib/code/extensions/git/dist/main.js:2:972587)
	at /usr/lib/code/extensions/git/dist/main.js:2:978709
	at Array.forEach (<anonymous>)
	at f.dispose (/usr/lib/code/extensions/git/dist/main.js:2:978695)
	at o.<anonymous> (/usr/lib/code/out/vs/workbench/api/node/extensionHostProcess.js:159:4176)
	at o.dispose (/usr/lib/code/out/vs/workbench/api/node/extensionHostProcess.js:159:4273)
	at o.<anonymous> (/usr/lib/code/extensions/git/dist/main.js:2:954307)
	at o.dispose (/usr/lib/code/out/vs/workbench/api/node/extensionHostProcess.js:159:4273)
	at $ (/usr/lib/code/out/vs/workbench/api/node/extensionHostProcess.js:30:744)
	at /usr/lib/code/out/vs/workbench/api/node/extensionHostProcess.js:167:13607
	at /usr/lib/code/out/vs/workbench/api/node/extensionHostProcess.js:30:1112
	at Object.dispose (/usr/lib/code/out/vs/workbench/api/node/extensionHostProcess.js:11:11463)
	at m.eb (/usr/lib/code/out/vs/workbench/api/node/extensionHostProcess.js:167:10282)
	at /usr/lib/code/out/vs/workbench/api/node/extensionHostProcess.js:167:8153
	at Array.map (<anonymous>)
	at m.$ (/usr/lib/code/out/vs/workbench/api/node/extensionHostProcess.js:167:8140)
	at m.terminate (/usr/lib/code/out/vs/workbench/api/node/extensionHostProcess.js:167:8413)
	at $.terminate (/usr/lib/code/out/vs/workbench/api/node/extensionHostProcess.js:171:1513)
	at n (/usr/lib/code/out/vs/workbench/api/node/extensionHostProcess.js:184:10613)
	at MessagePortMain.<anonymous> (/usr/lib/code/out/vs/workbench/api/node/extensionHostProcess.js:184:6805)
	at MessagePortMain.emit (node:events:519:28)
	at MessagePortMain._internalPort.emit (node:electron/js2c/utility_init:2:2619) setContext undefined
2024-10-18 08:18:48.213 [info] Extension host with pid 22207 exiting with code 0
