2024-10-17 13:46:15.940 [info] Added views:workbench.panel.markers.view in workbench.panel.markers
2024-10-17 13:46:15.940 [info] Added views:workbench.panel.output in workbench.panel.output
2024-10-17 13:46:15.940 [info] Added views:terminal in terminal
2024-10-17 13:46:15.940 [info] Added views:outline in workbench.view.explorer
2024-10-17 13:46:15.940 [info] Added views:workbench.scm in workbench.view.scm
2024-10-17 13:46:15.940 [info] Added views:workbench.view.search in workbench.view.search
2024-10-17 13:46:15.940 [info] Added views:timeline in workbench.view.explorer
2024-10-17 13:46:15.940 [info] Added views:workbench.explorer.emptyView in workbench.view.explorer
2024-10-17 13:46:17.652 [info] Added views:workbench.debug.variablesView,workbench.debug.watchExpressionsView,workbench.debug.callStackView,workbench.debug.breakPointsView in workbench.view.debug
2024-10-17 13:46:18.275 [info] Added views:workbench.panel.repl.view in workbench.panel.repl
2024-10-17 13:46:18.278 [info] Removed views:workbench.debug.breakPointsView,workbench.debug.callStackView,workbench.debug.watchExpressionsView,workbench.debug.variablesView from workbench.view.debug
2024-10-17 13:46:18.280 [info] Added views:workbench.debug.welcome in workbench.view.debug
2024-10-17 13:46:19.258 [info] Added views:~remote.forwardedPorts in ~remote.forwardedPortsContainer
2024-10-17 13:46:52.133 [info] Added views:workbench.panel.markers.view in workbench.panel.markers
2024-10-17 13:46:52.133 [info] Added views:workbench.panel.output in workbench.panel.output
2024-10-17 13:46:52.133 [info] Added views:terminal in terminal
2024-10-17 13:46:52.133 [info] Added views:outline in workbench.view.explorer
2024-10-17 13:46:52.133 [info] Added views:workbench.scm in workbench.view.scm
2024-10-17 13:46:52.133 [info] Added views:workbench.view.search in workbench.view.search
2024-10-17 13:46:52.133 [info] Added views:timeline in workbench.view.explorer
2024-10-17 13:46:52.133 [info] Added views:workbench.explorer.fileView in workbench.view.explorer
2024-10-17 13:46:53.671 [info] Added views:workbench.debug.variablesView,workbench.debug.watchExpressionsView,workbench.debug.callStackView,workbench.debug.breakPointsView in workbench.view.debug
2024-10-17 13:46:53.789 [info] Added views:workbench.panel.repl.view in workbench.panel.repl
2024-10-17 13:46:53.791 [info] Removed views:workbench.debug.breakPointsView,workbench.debug.callStackView,workbench.debug.watchExpressionsView,workbench.debug.variablesView from workbench.view.debug
2024-10-17 13:46:53.792 [info] Added views:workbench.debug.welcome in workbench.view.debug
2024-10-17 13:46:54.220 [info] Added views:~remote.forwardedPorts in ~remote.forwardedPortsContainer
2024-10-17 13:47:14.730 [info] Added views:workbench.scm.history in workbench.view.scm
2024-10-18 08:18:44.729 [info] Removed views:workbench.scm.history from workbench.view.scm
